{"timestamp":"2026-05-11T11:25:58.909001Z","level":"info","event":"DAG bundles loaded: dags-folder, example_dags","logger":"airflow.dag_processing.bundles.manager.DagBundlesManager","filename":"manager.py","lineno":209}
{"timestamp":"2026-05-11T11:25:58.911258Z","level":"info","event":"Filling up the DagBag from /opt/airflow/dags/load_f101_v2.py","logger":"airflow.dag_processing.dagbag.BundleDagBag","filename":"dagbag.py","lineno":469}
{"timestamp":"2026-05-11T11:25:58.959582Z","level":"info","event":"Task instance is in running state","logger":"task.stdout"}
{"timestamp":"2026-05-11T11:25:58.960013Z","level":"info","event":" Previous state of the Task instance: TaskInstanceState.QUEUED","logger":"task.stdout"}
{"timestamp":"2026-05-11T11:25:58.960324Z","level":"info","event":"Current task name:load_f101_v2","logger":"task.stdout"}
{"timestamp":"2026-05-11T11:25:58.960554Z","level":"info","event":"Dag name:load_csv_to_db","logger":"task.stdout"}
{"timestamp":"2026-05-11T11:25:59.021199Z","level":"info","event":"Running statement: \n        INSERT INTO \"LOGS\".LOGS (procedure_name, start_time, message)\n        VALUES ('import.dm_f101_round_f_v2', '2026-05-11 14:25:58', 'Начало загрузки CSV в DM_F101_ROUND_F_V2');\n    , parameters: None","logger":"airflow.task.hooks.airflow.providers.postgres.hooks.postgres.PostgresHook","filename":"sql.py","lineno":861}
{"timestamp":"2026-05-11T11:25:59.422322Z","level":"info","event":"Rows affected: 1","logger":"airflow.task.hooks.airflow.providers.postgres.hooks.postgres.PostgresHook","filename":"sql.py","lineno":879}
{"timestamp":"2026-05-11T11:25:59.430429Z","level":"info","event":"Прочитано строк из CSV: 18","logger":"unusual_prefix_f2bf2c5309ba8e5918f3388a83b17bd5a020d764_load_f101_v2","filename":"load_f101_v2.py","lineno":40}
{"timestamp":"2026-05-11T11:25:59.430592Z","level":"info","event":"Колонки: ['from_date', 'to_date', 'chapter', 'ledger_account', 'characteristic', 'balance_in_rub', 'balance_in_val', 'balance_in_total', 'turn_deb_rub', 'turn_deb_val', 'turn_deb_total', 'turn_cre_rub', 'turn_cre_val', 'turn_cre_total', 'balance_out_rub', 'balance_out_val', 'balance_out_total']","logger":"unusual_prefix_f2bf2c5309ba8e5918f3388a83b17bd5a020d764_load_f101_v2","filename":"load_f101_v2.py","lineno":41}
{"timestamp":"2026-05-11T11:25:59.490555Z","level":"info","event":"Таблица \"DM\".DM_F101_ROUND_F_V2 проверена/создана","logger":"unusual_prefix_f2bf2c5309ba8e5918f3388a83b17bd5a020d764_load_f101_v2","filename":"load_f101_v2.py","lineno":54}
{"timestamp":"2026-05-11T11:25:59.493866Z","level":"info","event":"Таблица \"DM\".DM_F101_ROUND_F_V2 очищена","logger":"unusual_prefix_f2bf2c5309ba8e5918f3388a83b17bd5a020d764_load_f101_v2","filename":"load_f101_v2.py","lineno":58}
{"timestamp":"2026-05-11T11:25:59.540691Z","level":"info","event":"Running statement: \n            INSERT INTO \"LOGS\".LOGS (procedure_name, start_time, end_time, message)\n            VALUES ('import.dm_f101_round_f_v2', '2026-05-11 14:25:58', '2026-05-11 14:25:59', \n                    'ОШИБКА: name ''DM_F101_ROUND_F_V2'' is not defined');\n        , parameters: None","logger":"airflow.task.hooks.airflow.providers.postgres.hooks.postgres.PostgresHook","filename":"sql.py","lineno":861}
{"timestamp":"2026-05-11T11:25:59.542769Z","level":"info","event":"Rows affected: 1","logger":"airflow.task.hooks.airflow.providers.postgres.hooks.postgres.PostgresHook","filename":"sql.py","lineno":879}
{"timestamp":"2026-05-11T11:25:59.544010Z","level":"error","event":"Ошибка: name 'DM_F101_ROUND_F_V2' is not defined","logger":"unusual_prefix_f2bf2c5309ba8e5918f3388a83b17bd5a020d764_load_f101_v2","filename":"load_f101_v2.py","lineno":91}
{"timestamp":"2026-05-11T11:25:59.544269Z","level":"error","event":"Task failed with exception","logger":"task","filename":"task_runner.py","lineno":1347,"error_detail":[{"exc_type":"NameError","exc_value":"name 'DM_F101_ROUND_F_V2' is not defined","exc_notes":[],"syntax_error":null,"is_cause":false,"frames":[{"filename":"/home/airflow/.local/lib/python3.13/site-packages/airflow/sdk/execution_time/task_runner.py","lineno":1263,"name":"run"},{"filename":"/home/airflow/.local/lib/python3.13/site-packages/airflow/sdk/execution_time/task_runner.py","lineno":1678,"name":"_execute_task"},{"filename":"/home/airflow/.local/lib/python3.13/site-packages/airflow/sdk/bases/operator.py","lineno":443,"name":"wrapper"},{"filename":"/home/airflow/.local/lib/python3.13/site-packages/airflow/providers/standard/operators/python.py","lineno":227,"name":"execute"},{"filename":"/home/airflow/.local/lib/python3.13/site-packages/airflow/providers/standard/operators/python.py","lineno":250,"name":"execute_callable"},{"filename":"/home/airflow/.local/lib/python3.13/site-packages/airflow/sdk/execution_time/callback_runner.py","lineno":97,"name":"run"},{"filename":"/opt/airflow/dags/load_f101_v2.py","lineno":61,"name":"load_csv_to_db"}],"is_group":false,"exceptions":[]}]}
{"timestamp":"2026-05-11T11:25:59.545427Z","level":"info","event":"Task instance in failure state","logger":"task.stdout"}
{"timestamp":"2026-05-11T11:25:59.545716Z","level":"info","event":"Task start","logger":"task.stdout"}
{"timestamp":"2026-05-11T11:25:59.545971Z","level":"info","event":"Task:<Task(PythonOperator): load_f101_v2>","logger":"task.stdout"}
{"timestamp":"2026-05-11T11:25:59.546183Z","level":"info","event":"Failure caused by name 'DM_F101_ROUND_F_V2' is not defined","logger":"task.stdout"}
