{"timestamp":"2026-05-11T16:50:52.483062Z","level":"info","event":"DAG bundles loaded: dags-folder, example_dags","logger":"airflow.dag_processing.bundles.manager.DagBundlesManager","filename":"manager.py","lineno":209}
{"timestamp":"2026-05-11T16:50:52.484430Z","level":"info","event":"Filling up the DagBag from /opt/airflow/dags/insert_data.py","logger":"airflow.dag_processing.dagbag.BundleDagBag","filename":"dagbag.py","lineno":469}
{"timestamp":"2026-05-11T16:50:52.663310Z","level":"info","event":"Task instance is in running state","logger":"task.stdout"}
{"timestamp":"2026-05-11T16:50:52.665575Z","level":"info","event":" Previous state of the Task instance: TaskInstanceState.QUEUED","logger":"task.stdout"}
{"timestamp":"2026-05-11T16:50:52.665891Z","level":"info","event":"Current task name:ft_balance_f","logger":"task.stdout"}
{"timestamp":"2026-05-11T16:50:52.668859Z","level":"info","event":"Dag name:insert_data","logger":"task.stdout"}
{"timestamp":"2026-05-11T16:50:52.669349Z","level":"error","event":"========== ФУНКЦИЯ ВЫЗВАНА ДЛЯ: ft_balance_f ==========","logger":"task.stderr"}
{"timestamp":"2026-05-11T16:50:52.917730Z","level":"info","event":"Running statement: \n        INSERT INTO \"LOGS\".LOGS (procedure_name, start_time, message)\n        VALUES ('insert_data.ft_balance_f', '2026-05-11 19:50:52', 'Начало загрузки таблицы ft_balance_f');\n    , parameters: None","logger":"airflow.task.hooks.airflow.providers.postgres.hooks.postgres.PostgresHook","filename":"sql.py","lineno":861}
{"timestamp":"2026-05-11T16:50:53.996959Z","level":"info","event":"Rows affected: 1","logger":"airflow.task.hooks.airflow.providers.postgres.hooks.postgres.PostgresHook","filename":"sql.py","lineno":879}
{"timestamp":"2026-05-11T16:50:53.999398Z","level":"info","event":"Начинаю загрузку файла: /opt/airflow/files/ft_balance_f.csv","logger":"unusual_prefix_4656ebc6d97aeaad115f29b22e867693223e54e7_insert_data","filename":"insert_data.py","lineno":36}
{"timestamp":"2026-05-11T16:50:54.008830Z","level":"info","event":"Файл ft_balance_f прочитан с кодировкой: utf-8","logger":"unusual_prefix_4656ebc6d97aeaad115f29b22e867693223e54e7_insert_data","filename":"insert_data.py","lineno":46}
{"timestamp":"2026-05-11T16:50:54.009043Z","level":"info","event":"Колонки ft_balance_f: ['on_date', 'account_rk', 'currency_rk', 'balance_out']","logger":"unusual_prefix_4656ebc6d97aeaad115f29b22e867693223e54e7_insert_data","filename":"insert_data.py","lineno":56}
{"timestamp":"2026-05-11T16:50:54.009158Z","level":"info","event":"Загружено строк: 114","logger":"unusual_prefix_4656ebc6d97aeaad115f29b22e867693223e54e7_insert_data","filename":"insert_data.py","lineno":57}
{"timestamp":"2026-05-11T16:50:54.124452Z","level":"info","event":"Таблица \"DS\".ft_balance_f очищена","logger":"unusual_prefix_4656ebc6d97aeaad115f29b22e867693223e54e7_insert_data","filename":"insert_data.py","lineno":76}
{"timestamp":"2026-05-11T16:50:54.284830Z","level":"info","event":"Running statement: \n            INSERT INTO \"LOGS\".LOGS (procedure_name, start_time, end_time, message)\n            VALUES ('insert_data.ft_balance_f', '2026-05-11 19:50:52', '2026-05-11 19:50:54', \n                    'Успешно загружено 114 строк');\n        , parameters: None","logger":"airflow.task.hooks.airflow.providers.postgres.hooks.postgres.PostgresHook","filename":"sql.py","lineno":861}
{"timestamp":"2026-05-11T16:50:54.287400Z","level":"info","event":"Rows affected: 1","logger":"airflow.task.hooks.airflow.providers.postgres.hooks.postgres.PostgresHook","filename":"sql.py","lineno":879}
{"timestamp":"2026-05-11T16:50:54.289105Z","level":"info","event":"Данные успешно вставлены в ft_balance_f: 114 строк за 1.45 сек","logger":"unusual_prefix_4656ebc6d97aeaad115f29b22e867693223e54e7_insert_data","filename":"insert_data.py","lineno":97}
{"timestamp":"2026-05-11T16:50:54.289442Z","level":"info","event":"Done. Returned value was: None","logger":"airflow.task.operators.airflow.providers.standard.operators.python.PythonOperator","filename":"python.py","lineno":229}
{"timestamp":"2026-05-11T16:50:54.422403Z","level":"info","event":"Task instance in success state","logger":"task.stdout"}
{"timestamp":"2026-05-11T16:50:54.422875Z","level":"info","event":" Previous state of the Task instance: TaskInstanceState.RUNNING","logger":"task.stdout"}
{"timestamp":"2026-05-11T16:50:54.423792Z","level":"info","event":"Task operator:<Task(PythonOperator): ft_balance_f>","logger":"task.stdout"}
