{"timestamp":"2026-05-11T18:27:07.823681Z","level":"info","event":"DAG bundles loaded: dags-folder, example_dags","logger":"airflow.dag_processing.bundles.manager.DagBundlesManager","filename":"manager.py","lineno":209}
{"timestamp":"2026-05-11T18:27:07.825943Z","level":"info","event":"Filling up the DagBag from /opt/airflow/dags/insert_data.py","logger":"airflow.dag_processing.dagbag.BundleDagBag","filename":"dagbag.py","lineno":469}
{"timestamp":"2026-05-11T18:27:07.959637Z","level":"info","event":"Task instance is in running state","logger":"task.stdout"}
{"timestamp":"2026-05-11T18:27:07.965194Z","level":"info","event":" Previous state of the Task instance: TaskInstanceState.QUEUED","logger":"task.stdout"}
{"timestamp":"2026-05-11T18:27:07.971230Z","level":"info","event":"Current task name:md_exchange_rate_d","logger":"task.stdout"}
{"timestamp":"2026-05-11T18:27:07.971906Z","level":"info","event":"Dag name:insert_data","logger":"task.stdout"}
{"timestamp":"2026-05-11T18:27:07.972342Z","level":"error","event":"========== ФУНКЦИЯ ВЫЗВАНА ДЛЯ: md_exchange_rate_d ==========","logger":"task.stderr"}
{"timestamp":"2026-05-11T18:27:08.141471Z","level":"info","event":"Running statement: \n        INSERT INTO \"LOGS\".LOGS (procedure_name, start_time, message)\n        VALUES ('insert_data.md_exchange_rate_d', '2026-05-11 21:27:07', 'Начало загрузки таблицы md_exchange_rate_d');\n    , parameters: None","logger":"airflow.task.hooks.airflow.providers.postgres.hooks.postgres.PostgresHook","filename":"sql.py","lineno":861}
{"timestamp":"2026-05-11T18:27:09.318986Z","level":"info","event":"Rows affected: 1","logger":"airflow.task.hooks.airflow.providers.postgres.hooks.postgres.PostgresHook","filename":"sql.py","lineno":879}
{"timestamp":"2026-05-11T18:27:09.323077Z","level":"info","event":"Начинаю загрузку файла: /opt/airflow/files/md_exchange_rate_d.csv","logger":"unusual_prefix_4656ebc6d97aeaad115f29b22e867693223e54e7_insert_data","filename":"insert_data.py","lineno":36}
{"timestamp":"2026-05-11T18:27:09.360124Z","level":"info","event":"Файл md_exchange_rate_d прочитан с кодировкой: utf-8","logger":"unusual_prefix_4656ebc6d97aeaad115f29b22e867693223e54e7_insert_data","filename":"insert_data.py","lineno":46}
{"timestamp":"2026-05-11T18:27:09.360569Z","level":"info","event":"Колонки md_exchange_rate_d: ['data_actual_date', 'data_actual_end_date', 'currency_rk', 'reduced_cource', 'code_iso_num']","logger":"unusual_prefix_4656ebc6d97aeaad115f29b22e867693223e54e7_insert_data","filename":"insert_data.py","lineno":56}
{"timestamp":"2026-05-11T18:27:09.360721Z","level":"info","event":"Загружено строк: 892","logger":"unusual_prefix_4656ebc6d97aeaad115f29b22e867693223e54e7_insert_data","filename":"insert_data.py","lineno":57}
{"timestamp":"2026-05-11T18:27:09.387255Z","level":"warning","event":"Удалено дубликатов в md_exchange_rate_d: 432","logger":"unusual_prefix_4656ebc6d97aeaad115f29b22e867693223e54e7_insert_data","filename":"insert_data.py","lineno":72}
{"timestamp":"2026-05-11T18:27:09.558904Z","level":"info","event":"Таблица \"DS\".md_exchange_rate_d очищена","logger":"unusual_prefix_4656ebc6d97aeaad115f29b22e867693223e54e7_insert_data","filename":"insert_data.py","lineno":76}
{"timestamp":"2026-05-11T18:27:09.749681Z","level":"info","event":"Running statement: \n            INSERT INTO \"LOGS\".LOGS (procedure_name, start_time, end_time, message)\n            VALUES ('insert_data.md_exchange_rate_d', '2026-05-11 21:27:07', '2026-05-11 21:27:09', \n                    'Успешно загружено 460 строк');\n        , parameters: None","logger":"airflow.task.hooks.airflow.providers.postgres.hooks.postgres.PostgresHook","filename":"sql.py","lineno":861}
{"timestamp":"2026-05-11T18:27:09.758834Z","level":"info","event":"Rows affected: 1","logger":"airflow.task.hooks.airflow.providers.postgres.hooks.postgres.PostgresHook","filename":"sql.py","lineno":879}
{"timestamp":"2026-05-11T18:27:09.762325Z","level":"info","event":"Данные успешно вставлены в md_exchange_rate_d: 460 строк за 1.66 сек","logger":"unusual_prefix_4656ebc6d97aeaad115f29b22e867693223e54e7_insert_data","filename":"insert_data.py","lineno":97}
{"timestamp":"2026-05-11T18:27:09.762939Z","level":"info","event":"Done. Returned value was: None","logger":"airflow.task.operators.airflow.providers.standard.operators.python.PythonOperator","filename":"python.py","lineno":229}
{"timestamp":"2026-05-11T18:27:09.802584Z","level":"info","event":"Task instance in success state","logger":"task.stdout"}
{"timestamp":"2026-05-11T18:27:09.803051Z","level":"info","event":" Previous state of the Task instance: TaskInstanceState.RUNNING","logger":"task.stdout"}
{"timestamp":"2026-05-11T18:27:09.803462Z","level":"info","event":"Task operator:<Task(PythonOperator): md_exchange_rate_d>","logger":"task.stdout"}
