{"timestamp":"2026-05-03T22:40:10.098852Z","level":"info","event":"DAG bundles loaded: dags-folder, example_dags","logger":"airflow.dag_processing.bundles.manager.DagBundlesManager","filename":"manager.py","lineno":209}
{"timestamp":"2026-05-03T22:40:10.101717Z","level":"info","event":"Filling up the DagBag from /opt/airflow/dags/insert_data.py","logger":"airflow.dag_processing.dagbag.BundleDagBag","filename":"dagbag.py","lineno":469}
{"timestamp":"2026-05-03T22:40:10.209476Z","level":"info","event":"Task instance is in running state","logger":"task.stdout"}
{"timestamp":"2026-05-03T22:40:10.210106Z","level":"info","event":" Previous state of the Task instance: TaskInstanceState.QUEUED","logger":"task.stdout"}
{"timestamp":"2026-05-03T22:40:10.210388Z","level":"info","event":"Current task name:md_currency_d","logger":"task.stdout"}
{"timestamp":"2026-05-03T22:40:10.210897Z","level":"info","event":"Dag name:insert_data","logger":"task.stdout"}
{"timestamp":"2026-05-03T22:40:10.212707Z","level":"error","event":"========== ФУНКЦИЯ ВЫЗВАНА ДЛЯ: md_currency_d ==========","logger":"task.stderr"}
{"timestamp":"2026-05-03T22:40:10.212863Z","level":"info","event":"Начинаю загрузку файла: /opt/airflow/files/md_currency_d.csv","logger":"unusual_prefix_4656ebc6d97aeaad115f29b22e867693223e54e7_insert_data","filename":"insert_data.py","lineno":25}
{"timestamp":"2026-05-03T22:40:10.213988Z","level":"info","event":"Читаю файл /opt/airflow/files/md_currency_d.csv с разделителем ';'","logger":"unusual_prefix_4656ebc6d97aeaad115f29b22e867693223e54e7_insert_data","filename":"insert_data.py","lineno":36}
{"timestamp":"2026-05-03T22:40:10.222588Z","level":"error","event":"❌ ОШИБКА в md_currency_d: 'utf-8' codec can't decode byte 0x98 in position 1189: invalid start byte","logger":"unusual_prefix_4656ebc6d97aeaad115f29b22e867693223e54e7_insert_data","filename":"insert_data.py","lineno":72}
{"timestamp":"2026-05-03T22:40:10.231529Z","level":"error","event":"Traceback (most recent call last):\n  File \"/opt/airflow/dags/insert_data.py\", line 37, in insert_data\n    df = pd.read_csv(file_path, delimiter=\";\")\n  File \"/home/airflow/.local/lib/python3.13/site-packages/pandas/io/parsers/readers.py\", line 1026, in read_csv\n    return _read(filepath_or_buffer, kwds)\n  File \"/home/airflow/.local/lib/python3.13/site-packages/pandas/io/parsers/readers.py\", line 620, in _read\n    parser = TextFileReader(filepath_or_buffer, **kwds)\n  File \"/home/airflow/.local/lib/python3.13/site-packages/pandas/io/parsers/readers.py\", line 1620, in __init__\n    self._engine = self._make_engine(f, self.engine)\n                   ~~~~~~~~~~~~~~~~~^^^^^^^^^^^^^^^^\n  File \"/home/airflow/.local/lib/python3.13/site-packages/pandas/io/parsers/readers.py\", line 1898, in _make_engine\n    return mapping[engine](f, **self.options)\n           ~~~~~~~~~~~~~~~^^^^^^^^^^^^^^^^^^^\n  File \"/home/airflow/.local/lib/python3.13/site-packages/pandas/io/parsers/c_parser_wrapper.py\", line 93, in __init__\n    self._reader = parsers.TextReader(src, **kwds)\n                   ~~~~~~~~~~~~~~~~~~^^^^^^^^^^^^^\n  File \"pandas/_libs/parsers.pyx\", line 574, in pandas._libs.parsers.TextReader.__cinit__\n  File \"pandas/_libs/parsers.pyx\", line 663, in pandas._libs.parsers.TextReader._get_header\n  File \"pandas/_libs/parsers.pyx\", line 874, in pandas._libs.parsers.TextReader._tokenize_rows\n  File \"pandas/_libs/parsers.pyx\", line 891, in pandas._libs.parsers.TextReader._check_tokenize_status\n  File \"pandas/_libs/parsers.pyx\", line 2053, in pandas._libs.parsers.raise_parser_error\n  File \"<frozen codecs>\", line 325, in decode\nUnicodeDecodeError: 'utf-8' codec can't decode byte 0x98 in position 1189: invalid start byte\n","logger":"unusual_prefix_4656ebc6d97aeaad115f29b22e867693223e54e7_insert_data","filename":"insert_data.py","lineno":73}
{"timestamp":"2026-05-03T22:40:10.232162Z","level":"error","event":"❌ ОШИБКА в md_currency_d: 'utf-8' codec can't decode byte 0x98 in position 1189: invalid start byte","logger":"task.stderr"}
{"timestamp":"2026-05-03T22:40:10.238241Z","level":"error","event":"Traceback (most recent call last):","logger":"task.stderr"}
{"timestamp":"2026-05-03T22:40:10.239151Z","level":"error","event":"  File \"/opt/airflow/dags/insert_data.py\", line 37, in insert_data","logger":"task.stderr"}
{"timestamp":"2026-05-03T22:40:10.239430Z","level":"error","event":"    df = pd.read_csv(file_path, delimiter=\";\")","logger":"task.stderr"}
{"timestamp":"2026-05-03T22:40:10.239723Z","level":"error","event":"  File \"/home/airflow/.local/lib/python3.13/site-packages/pandas/io/parsers/readers.py\", line 1026, in read_csv","logger":"task.stderr"}
{"timestamp":"2026-05-03T22:40:10.240017Z","level":"error","event":"    return _read(filepath_or_buffer, kwds)","logger":"task.stderr"}
{"timestamp":"2026-05-03T22:40:10.240265Z","level":"error","event":"  File \"/home/airflow/.local/lib/python3.13/site-packages/pandas/io/parsers/readers.py\", line 620, in _read","logger":"task.stderr"}
{"timestamp":"2026-05-03T22:40:10.240545Z","level":"error","event":"    parser = TextFileReader(filepath_or_buffer, **kwds)","logger":"task.stderr"}
{"timestamp":"2026-05-03T22:40:10.240810Z","level":"error","event":"  File \"/home/airflow/.local/lib/python3.13/site-packages/pandas/io/parsers/readers.py\", line 1620, in __init__","logger":"task.stderr"}
{"timestamp":"2026-05-03T22:40:10.241660Z","level":"error","event":"    self._engine = self._make_engine(f, self.engine)","logger":"task.stderr"}
{"timestamp":"2026-05-03T22:40:10.241936Z","level":"error","event":"                   ~~~~~~~~~~~~~~~~~^^^^^^^^^^^^^^^^","logger":"task.stderr"}
{"timestamp":"2026-05-03T22:40:10.242186Z","level":"error","event":"  File \"/home/airflow/.local/lib/python3.13/site-packages/pandas/io/parsers/readers.py\", line 1898, in _make_engine","logger":"task.stderr"}
{"timestamp":"2026-05-03T22:40:10.242606Z","level":"error","event":"    return mapping[engine](f, **self.options)","logger":"task.stderr"}
{"timestamp":"2026-05-03T22:40:10.243484Z","level":"error","event":"           ~~~~~~~~~~~~~~~^^^^^^^^^^^^^^^^^^^","logger":"task.stderr"}
{"timestamp":"2026-05-03T22:40:10.244136Z","level":"error","event":"  File \"/home/airflow/.local/lib/python3.13/site-packages/pandas/io/parsers/c_parser_wrapper.py\", line 93, in __init__","logger":"task.stderr"}
{"timestamp":"2026-05-03T22:40:10.244484Z","level":"error","event":"    self._reader = parsers.TextReader(src, **kwds)","logger":"task.stderr"}
{"timestamp":"2026-05-03T22:40:10.245680Z","level":"error","event":"                   ~~~~~~~~~~~~~~~~~~^^^^^^^^^^^^^","logger":"task.stderr"}
{"timestamp":"2026-05-03T22:40:10.246076Z","level":"error","event":"  File \"pandas/_libs/parsers.pyx\", line 574, in pandas._libs.parsers.TextReader.__cinit__","logger":"task.stderr"}
{"timestamp":"2026-05-03T22:40:10.246334Z","level":"error","event":"  File \"pandas/_libs/parsers.pyx\", line 663, in pandas._libs.parsers.TextReader._get_header","logger":"task.stderr"}
{"timestamp":"2026-05-03T22:40:10.246642Z","level":"error","event":"  File \"pandas/_libs/parsers.pyx\", line 874, in pandas._libs.parsers.TextReader._tokenize_rows","logger":"task.stderr"}
{"timestamp":"2026-05-03T22:40:10.246925Z","level":"error","event":"  File \"pandas/_libs/parsers.pyx\", line 891, in pandas._libs.parsers.TextReader._check_tokenize_status","logger":"task.stderr"}
{"timestamp":"2026-05-03T22:40:10.247169Z","level":"error","event":"  File \"pandas/_libs/parsers.pyx\", line 2053, in pandas._libs.parsers.raise_parser_error","logger":"task.stderr"}
{"timestamp":"2026-05-03T22:40:10.247405Z","level":"error","event":"  File \"<frozen codecs>\", line 325, in decode","logger":"task.stderr"}
{"timestamp":"2026-05-03T22:40:10.247655Z","level":"error","event":"UnicodeDecodeError: 'utf-8' codec can't decode byte 0x98 in position 1189: invalid start byte","logger":"task.stderr"}
{"timestamp":"2026-05-03T22:40:10.238291Z","level":"error","event":"Task failed with exception","logger":"task","filename":"task_runner.py","lineno":1347,"error_detail":[{"exc_type":"UnicodeDecodeError","exc_value":"'utf-8' codec can't decode byte 0x98 in position 1189: invalid start byte","exc_notes":[],"syntax_error":null,"is_cause":false,"frames":[{"filename":"/home/airflow/.local/lib/python3.13/site-packages/airflow/sdk/execution_time/task_runner.py","lineno":1263,"name":"run"},{"filename":"/home/airflow/.local/lib/python3.13/site-packages/airflow/sdk/execution_time/task_runner.py","lineno":1678,"name":"_execute_task"},{"filename":"/home/airflow/.local/lib/python3.13/site-packages/airflow/sdk/bases/operator.py","lineno":443,"name":"wrapper"},{"filename":"/home/airflow/.local/lib/python3.13/site-packages/airflow/providers/standard/operators/python.py","lineno":227,"name":"execute"},{"filename":"/home/airflow/.local/lib/python3.13/site-packages/airflow/providers/standard/operators/python.py","lineno":250,"name":"execute_callable"},{"filename":"/home/airflow/.local/lib/python3.13/site-packages/airflow/sdk/execution_time/callback_runner.py","lineno":97,"name":"run"},{"filename":"/opt/airflow/dags/insert_data.py","lineno":37,"name":"insert_data"},{"filename":"/home/airflow/.local/lib/python3.13/site-packages/pandas/io/parsers/readers.py","lineno":1026,"name":"read_csv"},{"filename":"/home/airflow/.local/lib/python3.13/site-packages/pandas/io/parsers/readers.py","lineno":620,"name":"_read"},{"filename":"/home/airflow/.local/lib/python3.13/site-packages/pandas/io/parsers/readers.py","lineno":1620,"name":"__init__"},{"filename":"/home/airflow/.local/lib/python3.13/site-packages/pandas/io/parsers/readers.py","lineno":1898,"name":"_make_engine"},{"filename":"/home/airflow/.local/lib/python3.13/site-packages/pandas/io/parsers/c_parser_wrapper.py","lineno":93,"name":"__init__"},{"filename":"/opt/airflow/pandas/_libs/parsers.pyx","lineno":574,"name":"pandas._libs.parsers.TextReader.__cinit__"},{"filename":"/opt/airflow/pandas/_libs/parsers.pyx","lineno":663,"name":"pandas._libs.parsers.TextReader._get_header"},{"filename":"/opt/airflow/pandas/_libs/parsers.pyx","lineno":874,"name":"pandas._libs.parsers.TextReader._tokenize_rows"},{"filename":"/opt/airflow/pandas/_libs/parsers.pyx","lineno":891,"name":"pandas._libs.parsers.TextReader._check_tokenize_status"},{"filename":"/opt/airflow/pandas/_libs/parsers.pyx","lineno":2053,"name":"pandas._libs.parsers.raise_parser_error"},{"filename":"<frozen codecs>","lineno":325,"name":"decode"}],"is_group":false,"exceptions":[]}]}
{"timestamp":"2026-05-03T22:40:10.288351Z","level":"info","event":"Task instance in failure state","logger":"task.stdout"}
{"timestamp":"2026-05-03T22:40:10.288816Z","level":"info","event":"Task start","logger":"task.stdout"}
{"timestamp":"2026-05-03T22:40:10.289241Z","level":"info","event":"Task:<Task(PythonOperator): md_currency_d>","logger":"task.stdout"}
{"timestamp":"2026-05-03T22:40:10.289564Z","level":"info","event":"Failure caused by 'utf-8' codec can't decode byte 0x98 in position 1189: invalid start byte","logger":"task.stdout"}
