{"timestamp":"2026-05-11T19:51:52.201644Z","level":"info","event":"DAG bundles loaded: dags-folder, example_dags","logger":"airflow.dag_processing.bundles.manager.DagBundlesManager","filename":"manager.py","lineno":209}
{"timestamp":"2026-05-11T19:51:52.204183Z","level":"info","event":"Filling up the DagBag from /opt/airflow/dags/insert_data.py","logger":"airflow.dag_processing.dagbag.BundleDagBag","filename":"dagbag.py","lineno":469}
{"timestamp":"2026-05-11T19:51:52.316454Z","level":"info","event":"Task instance is in running state","logger":"task.stdout"}
{"timestamp":"2026-05-11T19:51:52.317150Z","level":"info","event":" Previous state of the Task instance: TaskInstanceState.QUEUED","logger":"task.stdout"}
{"timestamp":"2026-05-11T19:51:52.317484Z","level":"info","event":"Current task name:ft_balance_f","logger":"task.stdout"}
{"timestamp":"2026-05-11T19:51:52.317797Z","level":"info","event":"Dag name:insert_data","logger":"task.stdout"}
{"timestamp":"2026-05-11T19:51:52.319822Z","level":"error","event":"========== ФУНКЦИЯ ВЫЗВАНА ДЛЯ: ft_balance_f ==========","logger":"task.stderr"}
{"timestamp":"2026-05-11T19:51:52.527692Z","level":"info","event":"Running statement: \n        INSERT INTO \"LOGS\".LOGS (procedure_name, start_time, message)\n        VALUES ('insert_data.ft_balance_f', '2026-05-11 22:51:52', 'Начало загрузки таблицы ft_balance_f');\n    , parameters: None","logger":"airflow.task.hooks.airflow.providers.postgres.hooks.postgres.PostgresHook","filename":"sql.py","lineno":861}
{"timestamp":"2026-05-11T19:51:53.200150Z","level":"info","event":"Rows affected: 1","logger":"airflow.task.hooks.airflow.providers.postgres.hooks.postgres.PostgresHook","filename":"sql.py","lineno":879}
{"timestamp":"2026-05-11T19:51:53.203763Z","level":"info","event":"Начинаю загрузку файла: /opt/airflow/files/ft_balance_f.csv","logger":"unusual_prefix_4656ebc6d97aeaad115f29b22e867693223e54e7_insert_data","filename":"insert_data.py","lineno":46}
{"timestamp":"2026-05-11T19:51:53.214695Z","level":"info","event":"Файл ft_balance_f прочитан с кодировкой: utf-8","logger":"unusual_prefix_4656ebc6d97aeaad115f29b22e867693223e54e7_insert_data","filename":"insert_data.py","lineno":56}
{"timestamp":"2026-05-11T19:51:53.215032Z","level":"info","event":"Колонки ft_balance_f: ['on_date', 'account_rk', 'currency_rk', 'balance_out']","logger":"unusual_prefix_4656ebc6d97aeaad115f29b22e867693223e54e7_insert_data","filename":"insert_data.py","lineno":66}
{"timestamp":"2026-05-11T19:51:53.215144Z","level":"info","event":"Загружено строк: 114","logger":"unusual_prefix_4656ebc6d97aeaad115f29b22e867693223e54e7_insert_data","filename":"insert_data.py","lineno":67}
{"timestamp":"2026-05-11T19:51:53.654039Z","level":"info","event":"Таблица ft_balance_f: выполнен UPSERT (114 строк)","logger":"unusual_prefix_4656ebc6d97aeaad115f29b22e867693223e54e7_insert_data","filename":"insert_data.py","lineno":106}
{"timestamp":"2026-05-11T19:51:53.732250Z","level":"info","event":"Running statement: \n                   INSERT INTO \"LOGS\".LOGS (procedure_name, start_time, end_time, message)\n                   VALUES ('insert_data.ft_balance_f', '2026-05-11 22:51:52', '2026-05-11 22:51:53', \n                           'Успешно загружено 114 строк за 1.30 сек (режим: UPSERT)');\n               , parameters: None","logger":"airflow.task.hooks.airflow.providers.postgres.hooks.postgres.PostgresHook","filename":"sql.py","lineno":861}
{"timestamp":"2026-05-11T19:51:53.734972Z","level":"info","event":"Rows affected: 1","logger":"airflow.task.hooks.airflow.providers.postgres.hooks.postgres.PostgresHook","filename":"sql.py","lineno":879}
{"timestamp":"2026-05-11T19:51:53.736912Z","level":"info","event":"ft_balance_f: 114 строк за 1.30 сек","logger":"unusual_prefix_4656ebc6d97aeaad115f29b22e867693223e54e7_insert_data","filename":"insert_data.py","lineno":118}
{"timestamp":"2026-05-11T19:51:53.737167Z","level":"info","event":"Done. Returned value was: None","logger":"airflow.task.operators.airflow.providers.standard.operators.python.PythonOperator","filename":"python.py","lineno":229}
{"timestamp":"2026-05-11T19:51:53.760652Z","level":"info","event":"Task instance in success state","logger":"task.stdout"}
{"timestamp":"2026-05-11T19:51:53.761043Z","level":"info","event":" Previous state of the Task instance: TaskInstanceState.RUNNING","logger":"task.stdout"}
{"timestamp":"2026-05-11T19:51:53.761856Z","level":"info","event":"Task operator:<Task(PythonOperator): ft_balance_f>","logger":"task.stdout"}
