{"timestamp":"2026-05-11T18:17:56.423263Z","level":"info","event":"DAG bundles loaded: dags-folder, example_dags","logger":"airflow.dag_processing.bundles.manager.DagBundlesManager","filename":"manager.py","lineno":209}
{"timestamp":"2026-05-11T18:17:56.429078Z","level":"info","event":"Filling up the DagBag from /opt/airflow/dags/insert_data.py","logger":"airflow.dag_processing.dagbag.BundleDagBag","filename":"dagbag.py","lineno":469}
{"timestamp":"2026-05-11T18:17:56.546834Z","level":"info","event":"Task instance is in running state","logger":"task.stdout"}
{"timestamp":"2026-05-11T18:17:56.550542Z","level":"info","event":" Previous state of the Task instance: TaskInstanceState.QUEUED","logger":"task.stdout"}
{"timestamp":"2026-05-11T18:17:56.550969Z","level":"info","event":"Current task name:md_account_d","logger":"task.stdout"}
{"timestamp":"2026-05-11T18:17:56.551410Z","level":"info","event":"Dag name:insert_data","logger":"task.stdout"}
{"timestamp":"2026-05-11T18:17:56.551747Z","level":"error","event":"========== ФУНКЦИЯ ВЫЗВАНА ДЛЯ: md_account_d ==========","logger":"task.stderr"}
{"timestamp":"2026-05-11T18:17:56.720674Z","level":"info","event":"Running statement: \n        INSERT INTO \"LOGS\".LOGS (procedure_name, start_time, message)\n        VALUES ('insert_data.md_account_d', '2026-05-11 21:17:56', 'Начало загрузки таблицы md_account_d');\n    , parameters: None","logger":"airflow.task.hooks.airflow.providers.postgres.hooks.postgres.PostgresHook","filename":"sql.py","lineno":861}
{"timestamp":"2026-05-11T18:17:57.595213Z","level":"info","event":"Rows affected: 1","logger":"airflow.task.hooks.airflow.providers.postgres.hooks.postgres.PostgresHook","filename":"sql.py","lineno":879}
{"timestamp":"2026-05-11T18:17:57.604073Z","level":"info","event":"Начинаю загрузку файла: /opt/airflow/files/md_account_d.csv","logger":"unusual_prefix_4656ebc6d97aeaad115f29b22e867693223e54e7_insert_data","filename":"insert_data.py","lineno":36}
{"timestamp":"2026-05-11T18:17:57.635278Z","level":"info","event":"Файл md_account_d прочитан с кодировкой: utf-8","logger":"unusual_prefix_4656ebc6d97aeaad115f29b22e867693223e54e7_insert_data","filename":"insert_data.py","lineno":46}
{"timestamp":"2026-05-11T18:17:57.635591Z","level":"info","event":"Колонки md_account_d: ['data_actual_date', 'data_actual_end_date', 'account_rk', 'account_number', 'char_type', 'currency_rk', 'currency_code']","logger":"unusual_prefix_4656ebc6d97aeaad115f29b22e867693223e54e7_insert_data","filename":"insert_data.py","lineno":56}
{"timestamp":"2026-05-11T18:17:57.635699Z","level":"info","event":"Загружено строк: 112","logger":"unusual_prefix_4656ebc6d97aeaad115f29b22e867693223e54e7_insert_data","filename":"insert_data.py","lineno":57}
{"timestamp":"2026-05-11T18:17:57.750159Z","level":"info","event":"Таблица \"DS\".md_account_d очищена","logger":"unusual_prefix_4656ebc6d97aeaad115f29b22e867693223e54e7_insert_data","filename":"insert_data.py","lineno":76}
{"timestamp":"2026-05-11T18:17:57.937287Z","level":"info","event":"Running statement: \n            INSERT INTO \"LOGS\".LOGS (procedure_name, start_time, end_time, message)\n            VALUES ('insert_data.md_account_d', '2026-05-11 21:17:56', '2026-05-11 21:17:57', \n                    'Успешно загружено 112 строк');\n        , parameters: None","logger":"airflow.task.hooks.airflow.providers.postgres.hooks.postgres.PostgresHook","filename":"sql.py","lineno":861}
{"timestamp":"2026-05-11T18:17:57.941104Z","level":"info","event":"Rows affected: 1","logger":"airflow.task.hooks.airflow.providers.postgres.hooks.postgres.PostgresHook","filename":"sql.py","lineno":879}
{"timestamp":"2026-05-11T18:17:57.943140Z","level":"info","event":"Данные успешно вставлены в md_account_d: 112 строк за 1.20 сек","logger":"unusual_prefix_4656ebc6d97aeaad115f29b22e867693223e54e7_insert_data","filename":"insert_data.py","lineno":97}
{"timestamp":"2026-05-11T18:17:57.943443Z","level":"info","event":"Done. Returned value was: None","logger":"airflow.task.operators.airflow.providers.standard.operators.python.PythonOperator","filename":"python.py","lineno":229}
{"timestamp":"2026-05-11T18:17:58.005763Z","level":"info","event":"Task instance in success state","logger":"task.stdout"}
{"timestamp":"2026-05-11T18:17:58.011355Z","level":"info","event":" Previous state of the Task instance: TaskInstanceState.RUNNING","logger":"task.stdout"}
{"timestamp":"2026-05-11T18:17:58.015323Z","level":"info","event":"Task operator:<Task(PythonOperator): md_account_d>","logger":"task.stdout"}
