{"timestamp":"2026-05-11T09:54:49.067024Z","level":"info","event":"DAG bundles loaded: dags-folder, example_dags","logger":"airflow.dag_processing.bundles.manager.DagBundlesManager","filename":"manager.py","lineno":209}
{"timestamp":"2026-05-11T09:54:49.069220Z","level":"info","event":"Filling up the DagBag from /opt/airflow/dags/insert_data.py","logger":"airflow.dag_processing.dagbag.BundleDagBag","filename":"dagbag.py","lineno":469}
{"timestamp":"2026-05-11T09:54:49.220369Z","level":"info","event":"Task instance is in running state","logger":"task.stdout"}
{"timestamp":"2026-05-11T09:54:49.222488Z","level":"info","event":" Previous state of the Task instance: TaskInstanceState.QUEUED","logger":"task.stdout"}
{"timestamp":"2026-05-11T09:54:49.225248Z","level":"info","event":"Current task name:md_ledger_account_s","logger":"task.stdout"}
{"timestamp":"2026-05-11T09:54:49.226758Z","level":"info","event":"Dag name:insert_data","logger":"task.stdout"}
{"timestamp":"2026-05-11T09:54:49.228645Z","level":"error","event":"========== ФУНКЦИЯ ВЫЗВАНА ДЛЯ: md_ledger_account_s ==========","logger":"task.stderr"}
{"timestamp":"2026-05-11T09:54:49.402802Z","level":"info","event":"Running statement: \n        INSERT INTO \"LOGS\".LOGS (procedure_name, start_time, message)\n        VALUES ('insert_data.md_ledger_account_s', '2026-05-11 09:54:49.252167', 'Начало загрузки таблицы md_ledger_account_s');\n    , parameters: None","logger":"airflow.task.hooks.airflow.providers.postgres.hooks.postgres.PostgresHook","filename":"sql.py","lineno":861}
{"timestamp":"2026-05-11T09:54:50.039144Z","level":"info","event":"Rows affected: 1","logger":"airflow.task.hooks.airflow.providers.postgres.hooks.postgres.PostgresHook","filename":"sql.py","lineno":879}
{"timestamp":"2026-05-11T09:54:50.041313Z","level":"info","event":"Начинаю загрузку файла: /opt/airflow/files/md_ledger_account_s.csv","logger":"unusual_prefix_4656ebc6d97aeaad115f29b22e867693223e54e7_insert_data","filename":"insert_data.py","lineno":34}
{"timestamp":"2026-05-11T09:54:50.052301Z","level":"info","event":"Файл md_ledger_account_s прочитан с кодировкой: utf-8","logger":"unusual_prefix_4656ebc6d97aeaad115f29b22e867693223e54e7_insert_data","filename":"insert_data.py","lineno":44}
{"timestamp":"2026-05-11T09:54:50.052855Z","level":"info","event":"Колонки md_ledger_account_s: ['chapter', 'chapter_name', 'section_number', 'section_name', 'subsection_name', 'ledger1_account', 'ledger1_account_name', 'ledger_account', 'ledger_account_name', 'characteristic', 'start_date', 'end_date']","logger":"unusual_prefix_4656ebc6d97aeaad115f29b22e867693223e54e7_insert_data","filename":"insert_data.py","lineno":54}
{"timestamp":"2026-05-11T09:54:50.053250Z","level":"info","event":"Загружено строк: 18","logger":"unusual_prefix_4656ebc6d97aeaad115f29b22e867693223e54e7_insert_data","filename":"insert_data.py","lineno":55}
{"timestamp":"2026-05-11T09:54:50.167958Z","level":"info","event":"Таблица \"DS\".md_ledger_account_s очищена","logger":"unusual_prefix_4656ebc6d97aeaad115f29b22e867693223e54e7_insert_data","filename":"insert_data.py","lineno":74}
{"timestamp":"2026-05-11T09:54:50.275286Z","level":"info","event":"Running statement: \n            INSERT INTO \"LOGS\".LOGS (procedure_name, start_time, end_time, message)\n            VALUES ('insert_data.md_ledger_account_s', '2026-05-11 09:54:49.252167', '2026-05-11 09:54:50.194738', \n                    'Успешно загружено 18 строк');\n        , parameters: None","logger":"airflow.task.hooks.airflow.providers.postgres.hooks.postgres.PostgresHook","filename":"sql.py","lineno":861}
{"timestamp":"2026-05-11T09:54:50.277829Z","level":"info","event":"Rows affected: 1","logger":"airflow.task.hooks.airflow.providers.postgres.hooks.postgres.PostgresHook","filename":"sql.py","lineno":879}
{"timestamp":"2026-05-11T09:54:50.280297Z","level":"info","event":"Данные успешно вставлены в md_ledger_account_s: 18 строк за 0.94 сек","logger":"unusual_prefix_4656ebc6d97aeaad115f29b22e867693223e54e7_insert_data","filename":"insert_data.py","lineno":93}
{"timestamp":"2026-05-11T09:54:50.280579Z","level":"info","event":"Done. Returned value was: None","logger":"airflow.task.operators.airflow.providers.standard.operators.python.PythonOperator","filename":"python.py","lineno":229}
{"timestamp":"2026-05-11T09:54:50.335101Z","level":"info","event":"Task instance in success state","logger":"task.stdout"}
{"timestamp":"2026-05-11T09:54:50.336033Z","level":"info","event":" Previous state of the Task instance: TaskInstanceState.RUNNING","logger":"task.stdout"}
{"timestamp":"2026-05-11T09:54:50.336401Z","level":"info","event":"Task operator:<Task(PythonOperator): md_ledger_account_s>","logger":"task.stdout"}
