{"timestamp":"2026-05-11T19:55:25.582155Z","level":"info","event":"DAG bundles loaded: dags-folder, example_dags","logger":"airflow.dag_processing.bundles.manager.DagBundlesManager","filename":"manager.py","lineno":209}
{"timestamp":"2026-05-11T19:55:25.584091Z","level":"info","event":"Filling up the DagBag from /opt/airflow/dags/insert_data.py","logger":"airflow.dag_processing.dagbag.BundleDagBag","filename":"dagbag.py","lineno":469}
{"timestamp":"2026-05-11T19:55:25.713356Z","level":"info","event":"Task instance is in running state","logger":"task.stdout"}
{"timestamp":"2026-05-11T19:55:25.714203Z","level":"info","event":" Previous state of the Task instance: TaskInstanceState.QUEUED","logger":"task.stdout"}
{"timestamp":"2026-05-11T19:55:25.714906Z","level":"info","event":"Current task name:md_exchange_rate_d","logger":"task.stdout"}
{"timestamp":"2026-05-11T19:55:25.719604Z","level":"info","event":"Dag name:insert_data","logger":"task.stdout"}
{"timestamp":"2026-05-11T19:55:25.720121Z","level":"error","event":"========== ФУНКЦИЯ ВЫЗВАНА ДЛЯ: md_exchange_rate_d ==========","logger":"task.stderr"}
{"timestamp":"2026-05-11T19:55:25.850807Z","level":"info","event":"Running statement: \n        INSERT INTO \"LOGS\".LOGS (procedure_name, start_time, message)\n        VALUES ('insert_data.md_exchange_rate_d', '2026-05-11 22:55:25', 'Начало загрузки таблицы md_exchange_rate_d');\n    , parameters: None","logger":"airflow.task.hooks.airflow.providers.postgres.hooks.postgres.PostgresHook","filename":"sql.py","lineno":861}
{"timestamp":"2026-05-11T19:55:26.602756Z","level":"info","event":"Rows affected: 1","logger":"airflow.task.hooks.airflow.providers.postgres.hooks.postgres.PostgresHook","filename":"sql.py","lineno":879}
{"timestamp":"2026-05-11T19:55:26.604832Z","level":"info","event":"Начинаю загрузку файла: /opt/airflow/files/md_exchange_rate_d.csv","logger":"unusual_prefix_4656ebc6d97aeaad115f29b22e867693223e54e7_insert_data","filename":"insert_data.py","lineno":46}
{"timestamp":"2026-05-11T19:55:26.615220Z","level":"info","event":"Файл md_exchange_rate_d прочитан с кодировкой: utf-8","logger":"unusual_prefix_4656ebc6d97aeaad115f29b22e867693223e54e7_insert_data","filename":"insert_data.py","lineno":56}
{"timestamp":"2026-05-11T19:55:26.615669Z","level":"info","event":"Колонки md_exchange_rate_d: ['data_actual_date', 'data_actual_end_date', 'currency_rk', 'reduced_cource', 'code_iso_num']","logger":"unusual_prefix_4656ebc6d97aeaad115f29b22e867693223e54e7_insert_data","filename":"insert_data.py","lineno":66}
{"timestamp":"2026-05-11T19:55:26.615779Z","level":"info","event":"Загружено строк: 892","logger":"unusual_prefix_4656ebc6d97aeaad115f29b22e867693223e54e7_insert_data","filename":"insert_data.py","lineno":67}
{"timestamp":"2026-05-11T19:55:26.621144Z","level":"warning","event":"Удалено дубликатов в md_exchange_rate_d: 432","logger":"unusual_prefix_4656ebc6d97aeaad115f29b22e867693223e54e7_insert_data","filename":"insert_data.py","lineno":83}
{"timestamp":"2026-05-11T19:55:27.521329Z","level":"info","event":"Таблица md_exchange_rate_d: выполнен UPSERT (460 строк)","logger":"unusual_prefix_4656ebc6d97aeaad115f29b22e867693223e54e7_insert_data","filename":"insert_data.py","lineno":106}
{"timestamp":"2026-05-11T19:55:27.577161Z","level":"info","event":"Running statement: \n                   INSERT INTO \"LOGS\".LOGS (procedure_name, start_time, end_time, message)\n                   VALUES ('insert_data.md_exchange_rate_d', '2026-05-11 22:55:25', '2026-05-11 22:55:27', \n                           'Успешно загружено 460 строк за 1.77 сек (режим: UPSERT)');\n               , parameters: None","logger":"airflow.task.hooks.airflow.providers.postgres.hooks.postgres.PostgresHook","filename":"sql.py","lineno":861}
{"timestamp":"2026-05-11T19:55:27.579379Z","level":"info","event":"Rows affected: 1","logger":"airflow.task.hooks.airflow.providers.postgres.hooks.postgres.PostgresHook","filename":"sql.py","lineno":879}
{"timestamp":"2026-05-11T19:55:27.581153Z","level":"info","event":"md_exchange_rate_d: 460 строк за 1.77 сек","logger":"unusual_prefix_4656ebc6d97aeaad115f29b22e867693223e54e7_insert_data","filename":"insert_data.py","lineno":118}
{"timestamp":"2026-05-11T19:55:27.581396Z","level":"info","event":"Done. Returned value was: None","logger":"airflow.task.operators.airflow.providers.standard.operators.python.PythonOperator","filename":"python.py","lineno":229}
{"timestamp":"2026-05-11T19:55:27.597290Z","level":"info","event":"Task instance in success state","logger":"task.stdout"}
{"timestamp":"2026-05-11T19:55:27.597642Z","level":"info","event":" Previous state of the Task instance: TaskInstanceState.RUNNING","logger":"task.stdout"}
{"timestamp":"2026-05-11T19:55:27.597959Z","level":"info","event":"Task operator:<Task(PythonOperator): md_exchange_rate_d>","logger":"task.stdout"}
