{"timestamp":"2026-05-11T18:45:14.336090Z","level":"info","event":"DAG bundles loaded: dags-folder, example_dags","logger":"airflow.dag_processing.bundles.manager.DagBundlesManager","filename":"manager.py","lineno":209}
{"timestamp":"2026-05-11T18:45:14.360287Z","level":"info","event":"Filling up the DagBag from /opt/airflow/dags/insert_data.py","logger":"airflow.dag_processing.dagbag.BundleDagBag","filename":"dagbag.py","lineno":469}
{"timestamp":"2026-05-11T18:45:14.475402Z","level":"info","event":"Task instance is in running state","logger":"task.stdout"}
{"timestamp":"2026-05-11T18:45:14.477763Z","level":"info","event":" Previous state of the Task instance: TaskInstanceState.QUEUED","logger":"task.stdout"}
{"timestamp":"2026-05-11T18:45:14.478726Z","level":"info","event":"Current task name:md_currency_d","logger":"task.stdout"}
{"timestamp":"2026-05-11T18:45:14.479685Z","level":"info","event":"Dag name:insert_data","logger":"task.stdout"}
{"timestamp":"2026-05-11T18:45:14.480167Z","level":"error","event":"========== ФУНКЦИЯ ВЫЗВАНА ДЛЯ: md_currency_d ==========","logger":"task.stderr"}
{"timestamp":"2026-05-11T18:45:14.626473Z","level":"info","event":"Running statement: \n        INSERT INTO \"LOGS\".LOGS (procedure_name, start_time, message)\n        VALUES ('insert_data.md_currency_d', '2026-05-11 21:45:14', 'Начало загрузки таблицы md_currency_d');\n    , parameters: None","logger":"airflow.task.hooks.airflow.providers.postgres.hooks.postgres.PostgresHook","filename":"sql.py","lineno":861}
{"timestamp":"2026-05-11T18:45:15.308437Z","level":"info","event":"Rows affected: 1","logger":"airflow.task.hooks.airflow.providers.postgres.hooks.postgres.PostgresHook","filename":"sql.py","lineno":879}
{"timestamp":"2026-05-11T18:45:15.311262Z","level":"info","event":"Начинаю загрузку файла: /opt/airflow/files/md_currency_d.csv","logger":"unusual_prefix_4656ebc6d97aeaad115f29b22e867693223e54e7_insert_data","filename":"insert_data.py","lineno":46}
{"timestamp":"2026-05-11T18:45:15.333611Z","level":"info","event":"Файл md_currency_d прочитан с кодировкой: iso-8859-1","logger":"unusual_prefix_4656ebc6d97aeaad115f29b22e867693223e54e7_insert_data","filename":"insert_data.py","lineno":56}
{"timestamp":"2026-05-11T18:45:15.333907Z","level":"info","event":"Колонки md_currency_d: ['currency_rk', 'data_actual_date', 'data_actual_end_date', 'currency_code', 'code_iso_char']","logger":"unusual_prefix_4656ebc6d97aeaad115f29b22e867693223e54e7_insert_data","filename":"insert_data.py","lineno":66}
{"timestamp":"2026-05-11T18:45:15.334034Z","level":"info","event":"Загружено строк: 50","logger":"unusual_prefix_4656ebc6d97aeaad115f29b22e867693223e54e7_insert_data","filename":"insert_data.py","lineno":67}
{"timestamp":"2026-05-11T18:45:15.857131Z","level":"info","event":"Таблица md_currency_d: выполнен UPSERT (50 строк)","logger":"unusual_prefix_4656ebc6d97aeaad115f29b22e867693223e54e7_insert_data","filename":"insert_data.py","lineno":106}
{"timestamp":"2026-05-11T18:45:15.938356Z","level":"info","event":"Running statement: \n                   INSERT INTO \"LOGS\".LOGS (procedure_name, start_time, end_time, message)\n                   VALUES ('insert_data.md_currency_d', '2026-05-11 21:45:14', '2026-05-11 21:45:15', \n                           'Успешно загружено 50 строк за 1.34 сек (режим: UPSERT)');\n               , parameters: None","logger":"airflow.task.hooks.airflow.providers.postgres.hooks.postgres.PostgresHook","filename":"sql.py","lineno":861}
{"timestamp":"2026-05-11T18:45:15.941032Z","level":"info","event":"Rows affected: 1","logger":"airflow.task.hooks.airflow.providers.postgres.hooks.postgres.PostgresHook","filename":"sql.py","lineno":879}
{"timestamp":"2026-05-11T18:45:15.943299Z","level":"info","event":"md_currency_d: 50 строк за 1.34 сек","logger":"unusual_prefix_4656ebc6d97aeaad115f29b22e867693223e54e7_insert_data","filename":"insert_data.py","lineno":118}
{"timestamp":"2026-05-11T18:45:15.943602Z","level":"info","event":"Done. Returned value was: None","logger":"airflow.task.operators.airflow.providers.standard.operators.python.PythonOperator","filename":"python.py","lineno":229}
{"timestamp":"2026-05-11T18:45:15.966383Z","level":"info","event":"Task instance in success state","logger":"task.stdout"}
{"timestamp":"2026-05-11T18:45:15.967149Z","level":"info","event":" Previous state of the Task instance: TaskInstanceState.RUNNING","logger":"task.stdout"}
{"timestamp":"2026-05-11T18:45:15.967538Z","level":"info","event":"Task operator:<Task(PythonOperator): md_currency_d>","logger":"task.stdout"}
