{"timestamp":"2026-05-10T14:49:08.717826Z","level":"info","event":"DAG bundles loaded: dags-folder, example_dags","logger":"airflow.dag_processing.bundles.manager.DagBundlesManager","filename":"manager.py","lineno":209}
{"timestamp":"2026-05-10T14:49:08.719310Z","level":"info","event":"Filling up the DagBag from /opt/airflow/dags/fill_f101_jan2018.py","logger":"airflow.dag_processing.dagbag.BundleDagBag","filename":"dagbag.py","lineno":469}
{"timestamp":"2026-05-10T14:49:08.778307Z","level":"info","event":"Task instance is in running state","logger":"task.stdout"}
{"timestamp":"2026-05-10T14:49:08.778765Z","level":"info","event":" Previous state of the Task instance: TaskInstanceState.QUEUED","logger":"task.stdout"}
{"timestamp":"2026-05-10T14:49:08.778999Z","level":"info","event":"Current task name:fill_f101_january_2018","logger":"task.stdout"}
{"timestamp":"2026-05-10T14:49:08.779528Z","level":"info","event":"Dag name:fill_f101_jan2018","logger":"task.stdout"}
{"timestamp":"2026-05-10T14:49:08.840829Z","level":"info","event":"Running statement: CALL \"DM\".fill_f101_round_f(DATE '2018-02-01');, parameters: None","logger":"airflow.task.hooks.airflow.providers.postgres.hooks.postgres.PostgresHook","filename":"sql.py","lineno":861}
{"timestamp":"2026-05-10T14:49:08.846396Z","level":"error","event":"Ошибка при заполнении: ОШИБКА:  отношение \"DS.logs\" не существует\nLINE 1: INSERT INTO \"DS\".LOGS (procedure_name, start_time, message)\n                    ^\nQUERY:  INSERT INTO \"DS\".LOGS (procedure_name, start_time, message)\n    VALUES ('DM.fill_f101_round_f', v_start_time, \n            'Начало расчёта 101 формы за период с ' || v_from_date || ' по ' || v_to_date)\nCONTEXT:  функция PL/pgSQL \"DM\".fill_f101_round_f(date), строка 17, оператор SQL-оператор\n","logger":"unusual_prefix_dc7352fdc1470d8624cfbfd2a4dbcd0ca309e576_fill_f101_jan2018","filename":"fill_f101_jan2018.py","lineno":22}
{"timestamp":"2026-05-10T14:49:08.846637Z","level":"error","event":"Task failed with exception","logger":"task","filename":"task_runner.py","lineno":1347,"error_detail":[{"exc_type":"UndefinedTable","exc_value":"ОШИБКА:  отношение \"DS.logs\" не существует\nLINE 1: INSERT INTO \"DS\".LOGS (procedure_name, start_time, message)\n                    ^\nQUERY:  INSERT INTO \"DS\".LOGS (procedure_name, start_time, message)\n    VALUES ('DM.fill_f101_round_f', v_start_time, \n            'Начало расчёта 101 формы за период с ' || v_from_date || ' по ' || v_to_date)\nCONTEXT:  функция PL/pgSQL \"DM\".fill_f101_round_f(date), строка 17, оператор SQL-оператор\n","exc_notes":[],"syntax_error":null,"is_cause":false,"frames":[{"filename":"/home/airflow/.local/lib/python3.13/site-packages/airflow/sdk/execution_time/task_runner.py","lineno":1263,"name":"run"},{"filename":"/home/airflow/.local/lib/python3.13/site-packages/airflow/sdk/execution_time/task_runner.py","lineno":1678,"name":"_execute_task"},{"filename":"/home/airflow/.local/lib/python3.13/site-packages/airflow/sdk/bases/operator.py","lineno":443,"name":"wrapper"},{"filename":"/home/airflow/.local/lib/python3.13/site-packages/airflow/providers/standard/operators/python.py","lineno":227,"name":"execute"},{"filename":"/home/airflow/.local/lib/python3.13/site-packages/airflow/providers/standard/operators/python.py","lineno":250,"name":"execute_callable"},{"filename":"/home/airflow/.local/lib/python3.13/site-packages/airflow/sdk/execution_time/callback_runner.py","lineno":97,"name":"run"},{"filename":"/opt/airflow/dags/fill_f101_jan2018.py","lineno":18,"name":"fill_f101_for_date"},{"filename":"/home/airflow/.local/lib/python3.13/site-packages/airflow/providers/common/sql/hooks/sql.py","lineno":818,"name":"run"},{"filename":"/home/airflow/.local/lib/python3.13/site-packages/airflow/providers/common/sql/hooks/sql.py","lineno":869,"name":"_run_command"}],"is_group":false,"exceptions":[]}]}
{"timestamp":"2026-05-10T14:49:08.867366Z","level":"info","event":"Task instance in failure state","logger":"task.stdout"}
{"timestamp":"2026-05-10T14:49:08.867846Z","level":"info","event":"Task start","logger":"task.stdout"}
{"timestamp":"2026-05-10T14:49:08.868487Z","level":"info","event":"Task:<Task(PythonOperator): fill_f101_january_2018>","logger":"task.stdout"}
{"timestamp":"2026-05-10T14:49:08.868758Z","level":"info","event":"Failure caused by ОШИБКА:  отношение \"DS.logs\" не существует","logger":"task.stdout"}
{"timestamp":"2026-05-10T14:49:08.868982Z","level":"info","event":"LINE 1: INSERT INTO \"DS\".LOGS (procedure_name, start_time, message)","logger":"task.stdout"}
{"timestamp":"2026-05-10T14:49:08.869192Z","level":"info","event":"                    ^","logger":"task.stdout"}
{"timestamp":"2026-05-10T14:49:08.869439Z","level":"info","event":"QUERY:  INSERT INTO \"DS\".LOGS (procedure_name, start_time, message)","logger":"task.stdout"}
{"timestamp":"2026-05-10T14:49:08.869646Z","level":"info","event":"    VALUES ('DM.fill_f101_round_f', v_start_time,","logger":"task.stdout"}
{"timestamp":"2026-05-10T14:49:08.869876Z","level":"info","event":"            'Начало расчёта 101 формы за период с ' || v_from_date || ' по ' || v_to_date)","logger":"task.stdout"}
{"timestamp":"2026-05-10T14:49:08.870087Z","level":"info","event":"CONTEXT:  функция PL/pgSQL \"DM\".fill_f101_round_f(date), строка 17, оператор SQL-оператор","logger":"task.stdout"}
{"timestamp":"2026-05-10T14:49:08.870332Z","level":"info","event":"","logger":"task.stdout"}
