{"timestamp":"2026-05-03T22:40:10.093993Z","level":"info","event":"DAG bundles loaded: dags-folder, example_dags","logger":"airflow.dag_processing.bundles.manager.DagBundlesManager","filename":"manager.py","lineno":209}
{"timestamp":"2026-05-03T22:40:10.096382Z","level":"info","event":"Filling up the DagBag from /opt/airflow/dags/insert_data.py","logger":"airflow.dag_processing.dagbag.BundleDagBag","filename":"dagbag.py","lineno":469}
{"timestamp":"2026-05-03T22:40:10.213107Z","level":"info","event":"Task instance is in running state","logger":"task.stdout"}
{"timestamp":"2026-05-03T22:40:10.213664Z","level":"info","event":" Previous state of the Task instance: TaskInstanceState.QUEUED","logger":"task.stdout"}
{"timestamp":"2026-05-03T22:40:10.213920Z","level":"info","event":"Current task name:md_account_d","logger":"task.stdout"}
{"timestamp":"2026-05-03T22:40:10.214189Z","level":"info","event":"Dag name:insert_data","logger":"task.stdout"}
{"timestamp":"2026-05-03T22:40:10.216892Z","level":"error","event":"========== ФУНКЦИЯ ВЫЗВАНА ДЛЯ: md_account_d ==========","logger":"task.stderr"}
{"timestamp":"2026-05-03T22:40:10.216645Z","level":"info","event":"Начинаю загрузку файла: /opt/airflow/files/md_account_d.csv","logger":"unusual_prefix_4656ebc6d97aeaad115f29b22e867693223e54e7_insert_data","filename":"insert_data.py","lineno":25}
{"timestamp":"2026-05-03T22:40:10.218144Z","level":"info","event":"Читаю файл /opt/airflow/files/md_account_d.csv с разделителем ';'","logger":"unusual_prefix_4656ebc6d97aeaad115f29b22e867693223e54e7_insert_data","filename":"insert_data.py","lineno":36}
{"timestamp":"2026-05-03T22:40:10.227818Z","level":"info","event":"Загружено строк: 112. Колонки: ['DATA_ACTUAL_DATE', 'DATA_ACTUAL_END_DATE', 'ACCOUNT_RK', 'ACCOUNT_NUMBER', 'CHAR_TYPE', 'CURRENCY_RK', 'CURRENCY_CODE']","logger":"unusual_prefix_4656ebc6d97aeaad115f29b22e867693223e54e7_insert_data","filename":"insert_data.py","lineno":38}
{"timestamp":"2026-05-03T22:40:10.228071Z","level":"info","event":"Подключаюсь к PostgreSQL...","logger":"unusual_prefix_4656ebc6d97aeaad115f29b22e867693223e54e7_insert_data","filename":"insert_data.py","lineno":45}
{"timestamp":"2026-05-03T22:40:10.370735Z","level":"error","event":"❌ ОШИБКА в md_account_d: Not an executable object: 'SELECT 1'","logger":"unusual_prefix_4656ebc6d97aeaad115f29b22e867693223e54e7_insert_data","filename":"insert_data.py","lineno":72}
{"timestamp":"2026-05-03T22:40:10.376616Z","level":"error","event":"Traceback (most recent call last):\n  File \"/home/airflow/.local/lib/python3.13/site-packages/sqlalchemy/engine/base.py\", line 1415, in execute\n    meth = statement._execute_on_connection\n           ^^^^^^^^^^^^^^^^^^^^^^^^^^^^^^^^\nAttributeError: 'str' object has no attribute '_execute_on_connection'\n\nThe above exception was the direct cause of the following exception:\n\nTraceback (most recent call last):\n  File \"/opt/airflow/dags/insert_data.py\", line 51, in insert_data\n    conn.execute(\"SELECT 1\")\n    ~~~~~~~~~~~~^^^^^^^^^^^^\n  File \"/home/airflow/.local/lib/python3.13/site-packages/sqlalchemy/engine/base.py\", line 1417, in execute\n    raise exc.ObjectNotExecutableError(statement) from err\nsqlalchemy.exc.ObjectNotExecutableError: Not an executable object: 'SELECT 1'\n","logger":"unusual_prefix_4656ebc6d97aeaad115f29b22e867693223e54e7_insert_data","filename":"insert_data.py","lineno":73}
{"timestamp":"2026-05-03T22:40:10.377246Z","level":"error","event":"❌ ОШИБКА в md_account_d: Not an executable object: 'SELECT 1'","logger":"task.stderr"}
{"timestamp":"2026-05-03T22:40:10.378490Z","level":"error","event":"Traceback (most recent call last):","logger":"task.stderr"}
{"timestamp":"2026-05-03T22:40:10.380108Z","level":"error","event":"  File \"/home/airflow/.local/lib/python3.13/site-packages/sqlalchemy/engine/base.py\", line 1415, in execute","logger":"task.stderr"}
{"timestamp":"2026-05-03T22:40:10.380381Z","level":"error","event":"    meth = statement._execute_on_connection","logger":"task.stderr"}
{"timestamp":"2026-05-03T22:40:10.380684Z","level":"error","event":"           ^^^^^^^^^^^^^^^^^^^^^^^^^^^^^^^^","logger":"task.stderr"}
{"timestamp":"2026-05-03T22:40:10.380946Z","level":"error","event":"AttributeError: 'str' object has no attribute '_execute_on_connection'","logger":"task.stderr"}
{"timestamp":"2026-05-03T22:40:10.381211Z","level":"error","event":"","logger":"task.stderr"}
{"timestamp":"2026-05-03T22:40:10.381511Z","level":"error","event":"The above exception was the direct cause of the following exception:","logger":"task.stderr"}
{"timestamp":"2026-05-03T22:40:10.381765Z","level":"error","event":"","logger":"task.stderr"}
{"timestamp":"2026-05-03T22:40:10.382059Z","level":"error","event":"Traceback (most recent call last):","logger":"task.stderr"}
{"timestamp":"2026-05-03T22:40:10.382334Z","level":"error","event":"  File \"/opt/airflow/dags/insert_data.py\", line 51, in insert_data","logger":"task.stderr"}
{"timestamp":"2026-05-03T22:40:10.382585Z","level":"error","event":"    conn.execute(\"SELECT 1\")","logger":"task.stderr"}
{"timestamp":"2026-05-03T22:40:10.382922Z","level":"error","event":"    ~~~~~~~~~~~~^^^^^^^^^^^^","logger":"task.stderr"}
{"timestamp":"2026-05-03T22:40:10.383253Z","level":"error","event":"  File \"/home/airflow/.local/lib/python3.13/site-packages/sqlalchemy/engine/base.py\", line 1417, in execute","logger":"task.stderr"}
{"timestamp":"2026-05-03T22:40:10.383516Z","level":"error","event":"    raise exc.ObjectNotExecutableError(statement) from err","logger":"task.stderr"}
{"timestamp":"2026-05-03T22:40:10.383841Z","level":"error","event":"sqlalchemy.exc.ObjectNotExecutableError: Not an executable object: 'SELECT 1'","logger":"task.stderr"}
{"timestamp":"2026-05-03T22:40:10.378561Z","level":"error","event":"Task failed with exception","logger":"task","filename":"task_runner.py","lineno":1347,"error_detail":[{"exc_type":"ObjectNotExecutableError","exc_value":"Not an executable object: 'SELECT 1'","exc_notes":[],"syntax_error":null,"is_cause":false,"frames":[{"filename":"/home/airflow/.local/lib/python3.13/site-packages/airflow/sdk/execution_time/task_runner.py","lineno":1263,"name":"run"},{"filename":"/home/airflow/.local/lib/python3.13/site-packages/airflow/sdk/execution_time/task_runner.py","lineno":1678,"name":"_execute_task"},{"filename":"/home/airflow/.local/lib/python3.13/site-packages/airflow/sdk/bases/operator.py","lineno":443,"name":"wrapper"},{"filename":"/home/airflow/.local/lib/python3.13/site-packages/airflow/providers/standard/operators/python.py","lineno":227,"name":"execute"},{"filename":"/home/airflow/.local/lib/python3.13/site-packages/airflow/providers/standard/operators/python.py","lineno":250,"name":"execute_callable"},{"filename":"/home/airflow/.local/lib/python3.13/site-packages/airflow/sdk/execution_time/callback_runner.py","lineno":97,"name":"run"},{"filename":"/opt/airflow/dags/insert_data.py","lineno":51,"name":"insert_data"},{"filename":"/home/airflow/.local/lib/python3.13/site-packages/sqlalchemy/engine/base.py","lineno":1417,"name":"execute"}],"is_group":false,"exceptions":[]},{"exc_type":"AttributeError","exc_value":"'str' object has no attribute '_execute_on_connection'","exc_notes":[],"syntax_error":null,"is_cause":true,"frames":[{"filename":"/home/airflow/.local/lib/python3.13/site-packages/sqlalchemy/engine/base.py","lineno":1415,"name":"execute"}],"is_group":false,"exceptions":[]}]}
{"timestamp":"2026-05-03T22:40:10.418737Z","level":"info","event":"Task instance in failure state","logger":"task.stdout"}
{"timestamp":"2026-05-03T22:40:10.419199Z","level":"info","event":"Task start","logger":"task.stdout"}
{"timestamp":"2026-05-03T22:40:10.419464Z","level":"info","event":"Task:<Task(PythonOperator): md_account_d>","logger":"task.stdout"}
{"timestamp":"2026-05-03T22:40:10.419730Z","level":"info","event":"Failure caused by Not an executable object: 'SELECT 1'","logger":"task.stdout"}
