{"timestamp":"2026-05-10T14:51:07.090503Z","level":"info","event":"DAG bundles loaded: dags-folder, example_dags","logger":"airflow.dag_processing.bundles.manager.DagBundlesManager","filename":"manager.py","lineno":209}
{"timestamp":"2026-05-10T14:51:07.092091Z","level":"info","event":"Filling up the DagBag from /opt/airflow/dags/fill_f101_jan2018.py","logger":"airflow.dag_processing.dagbag.BundleDagBag","filename":"dagbag.py","lineno":469}
{"timestamp":"2026-05-10T14:51:07.140371Z","level":"info","event":"Task instance is in running state","logger":"task.stdout"}
{"timestamp":"2026-05-10T14:51:07.140885Z","level":"info","event":" Previous state of the Task instance: TaskInstanceState.QUEUED","logger":"task.stdout"}
{"timestamp":"2026-05-10T14:51:07.143207Z","level":"info","event":"Current task name:fill_f101_january_2018","logger":"task.stdout"}
{"timestamp":"2026-05-10T14:51:07.143464Z","level":"info","event":"Dag name:fill_f101_jan2018","logger":"task.stdout"}
{"timestamp":"2026-05-10T14:51:07.205403Z","level":"info","event":"Running statement: CALL \"DM\".fill_f101_round_f(DATE '2018-02-01');, parameters: None","logger":"airflow.task.hooks.airflow.providers.postgres.hooks.postgres.PostgresHook","filename":"sql.py","lineno":861}
{"timestamp":"2026-05-10T14:51:07.228652Z","level":"error","event":"Ошибка при заполнении: ОШИБКА:  столбец \"end_time\" в таблице \"logs\" не существует\nLINE 1: ...ERT INTO \"LOGS\".LOGS (procedure_name, start_time, end_time, ...\n                                                             ^\nQUERY:  INSERT INTO \"LOGS\".LOGS (procedure_name, start_time, end_time, message)\n    VALUES ('DM.fill_f101_round_f', v_start_time, v_end_time, \n            'Расчёт завершён. Добавлено ' || v_count || ' записей за период с ' || \n            v_from_date || ' по ' || v_to_date)\nCONTEXT:  функция PL/pgSQL \"DM\".fill_f101_round_f(date), строка 145, оператор SQL-оператор\n","logger":"unusual_prefix_dc7352fdc1470d8624cfbfd2a4dbcd0ca309e576_fill_f101_jan2018","filename":"fill_f101_jan2018.py","lineno":22}
{"timestamp":"2026-05-10T14:51:07.228978Z","level":"error","event":"Task failed with exception","logger":"task","filename":"task_runner.py","lineno":1347,"error_detail":[{"exc_type":"UndefinedColumn","exc_value":"ОШИБКА:  столбец \"end_time\" в таблице \"logs\" не существует\nLINE 1: ...ERT INTO \"LOGS\".LOGS (procedure_name, start_time, end_time, ...\n                                                             ^\nQUERY:  INSERT INTO \"LOGS\".LOGS (procedure_name, start_time, end_time, message)\n    VALUES ('DM.fill_f101_round_f', v_start_time, v_end_time, \n            'Расчёт завершён. Добавлено ' || v_count || ' записей за период с ' || \n            v_from_date || ' по ' || v_to_date)\nCONTEXT:  функция PL/pgSQL \"DM\".fill_f101_round_f(date), строка 145, оператор SQL-оператор\n","exc_notes":[],"syntax_error":null,"is_cause":false,"frames":[{"filename":"/home/airflow/.local/lib/python3.13/site-packages/airflow/sdk/execution_time/task_runner.py","lineno":1263,"name":"run"},{"filename":"/home/airflow/.local/lib/python3.13/site-packages/airflow/sdk/execution_time/task_runner.py","lineno":1678,"name":"_execute_task"},{"filename":"/home/airflow/.local/lib/python3.13/site-packages/airflow/sdk/bases/operator.py","lineno":443,"name":"wrapper"},{"filename":"/home/airflow/.local/lib/python3.13/site-packages/airflow/providers/standard/operators/python.py","lineno":227,"name":"execute"},{"filename":"/home/airflow/.local/lib/python3.13/site-packages/airflow/providers/standard/operators/python.py","lineno":250,"name":"execute_callable"},{"filename":"/home/airflow/.local/lib/python3.13/site-packages/airflow/sdk/execution_time/callback_runner.py","lineno":97,"name":"run"},{"filename":"/opt/airflow/dags/fill_f101_jan2018.py","lineno":18,"name":"fill_f101_for_date"},{"filename":"/home/airflow/.local/lib/python3.13/site-packages/airflow/providers/common/sql/hooks/sql.py","lineno":818,"name":"run"},{"filename":"/home/airflow/.local/lib/python3.13/site-packages/airflow/providers/common/sql/hooks/sql.py","lineno":869,"name":"_run_command"}],"is_group":false,"exceptions":[]}]}
{"timestamp":"2026-05-10T14:51:07.248264Z","level":"info","event":"Task instance in failure state","logger":"task.stdout"}
{"timestamp":"2026-05-10T14:51:07.248990Z","level":"info","event":"Task start","logger":"task.stdout"}
{"timestamp":"2026-05-10T14:51:07.249255Z","level":"info","event":"Task:<Task(PythonOperator): fill_f101_january_2018>","logger":"task.stdout"}
{"timestamp":"2026-05-10T14:51:07.249480Z","level":"info","event":"Failure caused by ОШИБКА:  столбец \"end_time\" в таблице \"logs\" не существует","logger":"task.stdout"}
{"timestamp":"2026-05-10T14:51:07.249693Z","level":"info","event":"LINE 1: ...ERT INTO \"LOGS\".LOGS (procedure_name, start_time, end_time, ...","logger":"task.stdout"}
{"timestamp":"2026-05-10T14:51:07.249907Z","level":"info","event":"                                                             ^","logger":"task.stdout"}
{"timestamp":"2026-05-10T14:51:07.250141Z","level":"info","event":"QUERY:  INSERT INTO \"LOGS\".LOGS (procedure_name, start_time, end_time, message)","logger":"task.stdout"}
{"timestamp":"2026-05-10T14:51:07.250467Z","level":"info","event":"    VALUES ('DM.fill_f101_round_f', v_start_time, v_end_time,","logger":"task.stdout"}
{"timestamp":"2026-05-10T14:51:07.250670Z","level":"info","event":"            'Расчёт завершён. Добавлено ' || v_count || ' записей за период с ' ||","logger":"task.stdout"}
{"timestamp":"2026-05-10T14:51:07.250902Z","level":"info","event":"            v_from_date || ' по ' || v_to_date)","logger":"task.stdout"}
{"timestamp":"2026-05-10T14:51:07.251144Z","level":"info","event":"CONTEXT:  функция PL/pgSQL \"DM\".fill_f101_round_f(date), строка 145, оператор SQL-оператор","logger":"task.stdout"}
{"timestamp":"2026-05-10T14:51:07.251401Z","level":"info","event":"","logger":"task.stdout"}
