{"timestamp":"2026-05-03T22:36:19.960945Z","level":"info","event":"DAG bundles loaded: dags-folder, example_dags","logger":"airflow.dag_processing.bundles.manager.DagBundlesManager","filename":"manager.py","lineno":209}
{"timestamp":"2026-05-03T22:36:19.963362Z","level":"info","event":"Filling up the DagBag from /opt/airflow/dags/insert_data.py","logger":"airflow.dag_processing.dagbag.BundleDagBag","filename":"dagbag.py","lineno":469}
{"timestamp":"2026-05-03T22:36:20.075613Z","level":"info","event":"Task instance is in running state","logger":"task.stdout"}
{"timestamp":"2026-05-03T22:36:20.076365Z","level":"info","event":" Previous state of the Task instance: TaskInstanceState.QUEUED","logger":"task.stdout"}
{"timestamp":"2026-05-03T22:36:20.076659Z","level":"info","event":"Current task name:ft_balance_f","logger":"task.stdout"}
{"timestamp":"2026-05-03T22:36:20.076889Z","level":"info","event":"Dag name:insert_data","logger":"task.stdout"}
{"timestamp":"2026-05-03T22:36:20.078831Z","level":"error","event":"========== ФУНКЦИЯ ВЫЗВАНА ДЛЯ: ft_balance_f ==========","logger":"task.stderr"}
{"timestamp":"2026-05-03T22:36:20.078961Z","level":"info","event":"Начинаю загрузку файла: /opt/airflow/files/ft_balance_f.csv","logger":"unusual_prefix_4656ebc6d97aeaad115f29b22e867693223e54e7_insert_data","filename":"insert_data.py","lineno":25}
{"timestamp":"2026-05-03T22:36:20.080777Z","level":"info","event":"Читаю файл /opt/airflow/files/ft_balance_f.csv с разделителем ';'","logger":"unusual_prefix_4656ebc6d97aeaad115f29b22e867693223e54e7_insert_data","filename":"insert_data.py","lineno":36}
{"timestamp":"2026-05-03T22:36:20.091993Z","level":"info","event":"Загружено строк: 114. Колонки: ['ON_DATE', 'ACCOUNT_RK', 'CURRENCY_RK', 'BALANCE_OUT']","logger":"unusual_prefix_4656ebc6d97aeaad115f29b22e867693223e54e7_insert_data","filename":"insert_data.py","lineno":38}
{"timestamp":"2026-05-03T22:36:20.092224Z","level":"info","event":"Подключаюсь к PostgreSQL...","logger":"unusual_prefix_4656ebc6d97aeaad115f29b22e867693223e54e7_insert_data","filename":"insert_data.py","lineno":45}
{"timestamp":"2026-05-03T22:36:20.103445Z","level":"error","event":"❌ ОШИБКА в ft_balance_f: The conn_id `project` isn't defined","logger":"unusual_prefix_4656ebc6d97aeaad115f29b22e867693223e54e7_insert_data","filename":"insert_data.py","lineno":72}
{"timestamp":"2026-05-03T22:36:20.109360Z","level":"error","event":"Traceback (most recent call last):\n  File \"/opt/airflow/dags/insert_data.py\", line 47, in insert_data\n    engine = postgreshook.get_sqlalchemy_engine()\n  File \"/home/airflow/.local/lib/python3.13/site-packages/airflow/providers/common/sql/hooks/sql.py\", line 331, in get_sqlalchemy_engine\n    url: URL | str = self.sqlalchemy_url\n                     ^^^^^^^^^^^^^^^^^^^\n  File \"/home/airflow/.local/lib/python3.13/site-packages/airflow/providers/postgres/hooks/postgres.py\", line 181, in sqlalchemy_url\n    conn = self.connection\n           ^^^^^^^^^^^^^^^\n  File \"/home/airflow/.local/lib/python3.13/site-packages/airflow/providers/common/sql/hooks/sql.py\", line 249, in connection\n    self._connection = self.get_connection(self.get_conn_id())\n                       ~~~~~~~~~~~~~~~~~~~^^^^^^^^^^^^^^^^^^^^\n  File \"/home/airflow/.local/lib/python3.13/site-packages/airflow/sdk/bases/hook.py\", line 61, in get_connection\n    conn = Connection.get(conn_id)\n  File \"/home/airflow/.local/lib/python3.13/site-packages/airflow/sdk/definitions/connection.py\", line 250, in get\n    return _get_connection(conn_id)\n  File \"/home/airflow/.local/lib/python3.13/site-packages/airflow/sdk/execution_time/context.py\", line 177, in _get_connection\n    raise AirflowNotFoundException(f\"The conn_id `{conn_id}` isn't defined\")\nairflow.sdk.exceptions.AirflowNotFoundException: The conn_id `project` isn't defined\n","logger":"unusual_prefix_4656ebc6d97aeaad115f29b22e867693223e54e7_insert_data","filename":"insert_data.py","lineno":73}
{"timestamp":"2026-05-03T22:36:20.110038Z","level":"error","event":"❌ ОШИБКА в ft_balance_f: The conn_id `project` isn't defined","logger":"task.stderr"}
{"timestamp":"2026-05-03T22:36:20.111570Z","level":"error","event":"Traceback (most recent call last):","logger":"task.stderr"}
{"timestamp":"2026-05-03T22:36:20.111870Z","level":"error","event":"  File \"/opt/airflow/dags/insert_data.py\", line 47, in insert_data","logger":"task.stderr"}
{"timestamp":"2026-05-03T22:36:20.112150Z","level":"error","event":"    engine = postgreshook.get_sqlalchemy_engine()","logger":"task.stderr"}
{"timestamp":"2026-05-03T22:36:20.112432Z","level":"error","event":"  File \"/home/airflow/.local/lib/python3.13/site-packages/airflow/providers/common/sql/hooks/sql.py\", line 331, in get_sqlalchemy_engine","logger":"task.stderr"}
{"timestamp":"2026-05-03T22:36:20.112704Z","level":"error","event":"    url: URL | str = self.sqlalchemy_url","logger":"task.stderr"}
{"timestamp":"2026-05-03T22:36:20.112942Z","level":"error","event":"                     ^^^^^^^^^^^^^^^^^^^","logger":"task.stderr"}
{"timestamp":"2026-05-03T22:36:20.113188Z","level":"error","event":"  File \"/home/airflow/.local/lib/python3.13/site-packages/airflow/providers/postgres/hooks/postgres.py\", line 181, in sqlalchemy_url","logger":"task.stderr"}
{"timestamp":"2026-05-03T22:36:20.113428Z","level":"error","event":"    conn = self.connection","logger":"task.stderr"}
{"timestamp":"2026-05-03T22:36:20.113668Z","level":"error","event":"           ^^^^^^^^^^^^^^^","logger":"task.stderr"}
{"timestamp":"2026-05-03T22:36:20.114307Z","level":"error","event":"  File \"/home/airflow/.local/lib/python3.13/site-packages/airflow/providers/common/sql/hooks/sql.py\", line 249, in connection","logger":"task.stderr"}
{"timestamp":"2026-05-03T22:36:20.114650Z","level":"error","event":"    self._connection = self.get_connection(self.get_conn_id())","logger":"task.stderr"}
{"timestamp":"2026-05-03T22:36:20.114907Z","level":"error","event":"                       ~~~~~~~~~~~~~~~~~~~^^^^^^^^^^^^^^^^^^^^","logger":"task.stderr"}
{"timestamp":"2026-05-03T22:36:20.115197Z","level":"error","event":"  File \"/home/airflow/.local/lib/python3.13/site-packages/airflow/sdk/bases/hook.py\", line 61, in get_connection","logger":"task.stderr"}
{"timestamp":"2026-05-03T22:36:20.115580Z","level":"error","event":"    conn = Connection.get(conn_id)","logger":"task.stderr"}
{"timestamp":"2026-05-03T22:36:20.115841Z","level":"error","event":"  File \"/home/airflow/.local/lib/python3.13/site-packages/airflow/sdk/definitions/connection.py\", line 250, in get","logger":"task.stderr"}
{"timestamp":"2026-05-03T22:36:20.116100Z","level":"error","event":"    return _get_connection(conn_id)","logger":"task.stderr"}
{"timestamp":"2026-05-03T22:36:20.116382Z","level":"error","event":"  File \"/home/airflow/.local/lib/python3.13/site-packages/airflow/sdk/execution_time/context.py\", line 177, in _get_connection","logger":"task.stderr"}
{"timestamp":"2026-05-03T22:36:20.116692Z","level":"error","event":"    raise AirflowNotFoundException(f\"The conn_id `{conn_id}` isn't defined\")","logger":"task.stderr"}
{"timestamp":"2026-05-03T22:36:20.116950Z","level":"error","event":"airflow.sdk.exceptions.AirflowNotFoundException: The conn_id `project` isn't defined","logger":"task.stderr"}
{"timestamp":"2026-05-03T22:36:20.111652Z","level":"error","event":"Task failed with exception","logger":"task","filename":"task_runner.py","lineno":1325,"error_detail":[{"exc_type":"AirflowNotFoundException","exc_value":"The conn_id `project` isn't defined","exc_notes":[],"syntax_error":null,"is_cause":false,"frames":[{"filename":"/home/airflow/.local/lib/python3.13/site-packages/airflow/sdk/execution_time/task_runner.py","lineno":1263,"name":"run"},{"filename":"/home/airflow/.local/lib/python3.13/site-packages/airflow/sdk/execution_time/task_runner.py","lineno":1678,"name":"_execute_task"},{"filename":"/home/airflow/.local/lib/python3.13/site-packages/airflow/sdk/bases/operator.py","lineno":443,"name":"wrapper"},{"filename":"/home/airflow/.local/lib/python3.13/site-packages/airflow/providers/standard/operators/python.py","lineno":227,"name":"execute"},{"filename":"/home/airflow/.local/lib/python3.13/site-packages/airflow/providers/standard/operators/python.py","lineno":250,"name":"execute_callable"},{"filename":"/home/airflow/.local/lib/python3.13/site-packages/airflow/sdk/execution_time/callback_runner.py","lineno":97,"name":"run"},{"filename":"/opt/airflow/dags/insert_data.py","lineno":47,"name":"insert_data"},{"filename":"/home/airflow/.local/lib/python3.13/site-packages/airflow/providers/common/sql/hooks/sql.py","lineno":331,"name":"get_sqlalchemy_engine"},{"filename":"/home/airflow/.local/lib/python3.13/site-packages/airflow/providers/postgres/hooks/postgres.py","lineno":181,"name":"sqlalchemy_url"},{"filename":"/home/airflow/.local/lib/python3.13/site-packages/airflow/providers/common/sql/hooks/sql.py","lineno":249,"name":"connection"},{"filename":"/home/airflow/.local/lib/python3.13/site-packages/airflow/sdk/bases/hook.py","lineno":61,"name":"get_connection"},{"filename":"/home/airflow/.local/lib/python3.13/site-packages/airflow/sdk/definitions/connection.py","lineno":250,"name":"get"},{"filename":"/home/airflow/.local/lib/python3.13/site-packages/airflow/sdk/execution_time/context.py","lineno":177,"name":"_get_connection"}],"is_group":false,"exceptions":[]}]}
{"timestamp":"2026-05-03T22:36:20.175606Z","level":"info","event":"Task instance in failure state","logger":"task.stdout"}
{"timestamp":"2026-05-03T22:36:20.176409Z","level":"info","event":"Task start","logger":"task.stdout"}
{"timestamp":"2026-05-03T22:36:20.176722Z","level":"info","event":"Task:<Task(PythonOperator): ft_balance_f>","logger":"task.stdout"}
{"timestamp":"2026-05-03T22:36:20.176985Z","level":"info","event":"Failure caused by The conn_id `project` isn't defined","logger":"task.stdout"}
