{"timestamp":"2026-05-11T18:44:13.547151Z","level":"info","event":"DAG bundles loaded: dags-folder, example_dags","logger":"airflow.dag_processing.bundles.manager.DagBundlesManager","filename":"manager.py","lineno":209}
{"timestamp":"2026-05-11T18:44:13.548589Z","level":"info","event":"Filling up the DagBag from /opt/airflow/dags/insert_data.py","logger":"airflow.dag_processing.dagbag.BundleDagBag","filename":"dagbag.py","lineno":469}
{"timestamp":"2026-05-11T18:44:13.644360Z","level":"info","event":"Task instance is in running state","logger":"task.stdout"}
{"timestamp":"2026-05-11T18:44:13.645818Z","level":"info","event":" Previous state of the Task instance: TaskInstanceState.QUEUED","logger":"task.stdout"}
{"timestamp":"2026-05-11T18:44:13.646254Z","level":"info","event":"Current task name:ft_posting_f","logger":"task.stdout"}
{"timestamp":"2026-05-11T18:44:13.646579Z","level":"info","event":"Dag name:insert_data","logger":"task.stdout"}
{"timestamp":"2026-05-11T18:44:13.650330Z","level":"error","event":"========== ФУНКЦИЯ ВЫЗВАНА ДЛЯ: ft_posting_f ==========","logger":"task.stderr"}
{"timestamp":"2026-05-11T18:44:13.770834Z","level":"info","event":"Running statement: \n        INSERT INTO \"LOGS\".LOGS (procedure_name, start_time, message)\n        VALUES ('insert_data.ft_posting_f', '2026-05-11 21:44:13', 'Начало загрузки таблицы ft_posting_f');\n    , parameters: None","logger":"airflow.task.hooks.airflow.providers.postgres.hooks.postgres.PostgresHook","filename":"sql.py","lineno":861}
{"timestamp":"2026-05-11T18:44:14.481052Z","level":"info","event":"Rows affected: 1","logger":"airflow.task.hooks.airflow.providers.postgres.hooks.postgres.PostgresHook","filename":"sql.py","lineno":879}
{"timestamp":"2026-05-11T18:44:14.483887Z","level":"info","event":"Начинаю загрузку файла: /opt/airflow/files/ft_posting_f.csv","logger":"unusual_prefix_4656ebc6d97aeaad115f29b22e867693223e54e7_insert_data","filename":"insert_data.py","lineno":46}
{"timestamp":"2026-05-11T18:44:14.581785Z","level":"info","event":"Файл ft_posting_f прочитан с кодировкой: utf-8","logger":"unusual_prefix_4656ebc6d97aeaad115f29b22e867693223e54e7_insert_data","filename":"insert_data.py","lineno":56}
{"timestamp":"2026-05-11T18:44:14.582146Z","level":"info","event":"Колонки ft_posting_f: ['oper_date', 'credit_account_rk', 'debet_account_rk', 'credit_amount', 'debet_amount']","logger":"unusual_prefix_4656ebc6d97aeaad115f29b22e867693223e54e7_insert_data","filename":"insert_data.py","lineno":66}
{"timestamp":"2026-05-11T18:44:14.582284Z","level":"info","event":"Загружено строк: 33892","logger":"unusual_prefix_4656ebc6d97aeaad115f29b22e867693223e54e7_insert_data","filename":"insert_data.py","lineno":67}
{"timestamp":"2026-05-11T18:44:15.482266Z","level":"info","event":"Таблица ft_posting_f очищена и заполнена (33892 строк)","logger":"unusual_prefix_4656ebc6d97aeaad115f29b22e867693223e54e7_insert_data","filename":"insert_data.py","lineno":91}
{"timestamp":"2026-05-11T18:44:15.541629Z","level":"info","event":"Running statement: \n                   INSERT INTO \"LOGS\".LOGS (procedure_name, start_time, end_time, message)\n                   VALUES ('insert_data.ft_posting_f', '2026-05-11 21:44:13', '2026-05-11 21:44:15', \n                           'Успешно загружено 33892 строк за 1.81 сек (режим: DELETE+INSERT)');\n               , parameters: None","logger":"airflow.task.hooks.airflow.providers.postgres.hooks.postgres.PostgresHook","filename":"sql.py","lineno":861}
{"timestamp":"2026-05-11T18:44:15.543986Z","level":"info","event":"Rows affected: 1","logger":"airflow.task.hooks.airflow.providers.postgres.hooks.postgres.PostgresHook","filename":"sql.py","lineno":879}
{"timestamp":"2026-05-11T18:44:15.545706Z","level":"info","event":"ft_posting_f: 33892 строк за 1.81 сек","logger":"unusual_prefix_4656ebc6d97aeaad115f29b22e867693223e54e7_insert_data","filename":"insert_data.py","lineno":117}
{"timestamp":"2026-05-11T18:44:15.547568Z","level":"info","event":"Done. Returned value was: None","logger":"airflow.task.operators.airflow.providers.standard.operators.python.PythonOperator","filename":"python.py","lineno":229}
{"timestamp":"2026-05-11T18:44:15.570598Z","level":"info","event":"Task instance in success state","logger":"task.stdout"}
{"timestamp":"2026-05-11T18:44:15.570994Z","level":"info","event":" Previous state of the Task instance: TaskInstanceState.RUNNING","logger":"task.stdout"}
{"timestamp":"2026-05-11T18:44:15.571310Z","level":"info","event":"Task operator:<Task(PythonOperator): ft_posting_f>","logger":"task.stdout"}
