{"timestamp":"2026-05-03T22:24:32.455157Z","level":"info","event":"DAG bundles loaded: dags-folder, example_dags","logger":"airflow.dag_processing.bundles.manager.DagBundlesManager","filename":"manager.py","lineno":209}
{"timestamp":"2026-05-03T22:24:32.458444Z","level":"info","event":"Filling up the DagBag from /opt/airflow/dags/insert_data.py","logger":"airflow.dag_processing.dagbag.BundleDagBag","filename":"dagbag.py","lineno":469}
{"timestamp":"2026-05-03T22:24:32.653254Z","level":"info","event":"Task instance is in running state","logger":"task.stdout"}
{"timestamp":"2026-05-03T22:24:32.653981Z","level":"info","event":" Previous state of the Task instance: TaskInstanceState.QUEUED","logger":"task.stdout"}
{"timestamp":"2026-05-03T22:24:32.654371Z","level":"info","event":"Current task name:md_exchange_rate","logger":"task.stdout"}
{"timestamp":"2026-05-03T22:24:32.654760Z","level":"info","event":"Dag name:insert_data","logger":"task.stdout"}
{"timestamp":"2026-05-03T22:24:32.656693Z","level":"error","event":"========== ФУНКЦИЯ ВЫЗВАНА ДЛЯ: md_exchange_rate ==========","logger":"task.stderr"}
{"timestamp":"2026-05-03T22:24:32.656866Z","level":"info","event":"Начинаю загрузку файла: /opt/airflow/files/md_exchange_rate.csv","logger":"unusual_prefix_4656ebc6d97aeaad115f29b22e867693223e54e7_insert_data","filename":"insert_data.py","lineno":25}
{"timestamp":"2026-05-03T22:24:32.657252Z","level":"error","event":"Файл не найден: /opt/airflow/files/md_exchange_rate.csv","logger":"unusual_prefix_4656ebc6d97aeaad115f29b22e867693223e54e7_insert_data","filename":"insert_data.py","lineno":30}
{"timestamp":"2026-05-03T22:24:32.657374Z","level":"error","event":"Текущая директория: /opt/airflow","logger":"unusual_prefix_4656ebc6d97aeaad115f29b22e867693223e54e7_insert_data","filename":"insert_data.py","lineno":31}
{"timestamp":"2026-05-03T22:24:32.657542Z","level":"error","event":"Содержимое /opt/airflow: ['dags', 'logs', 'config', 'plugins', 'files']","logger":"unusual_prefix_4656ebc6d97aeaad115f29b22e867693223e54e7_insert_data","filename":"insert_data.py","lineno":32}
{"timestamp":"2026-05-03T22:24:32.657660Z","level":"error","event":"❌ ОШИБКА в md_exchange_rate: Файл не найден: /opt/airflow/files/md_exchange_rate.csv","logger":"unusual_prefix_4656ebc6d97aeaad115f29b22e867693223e54e7_insert_data","filename":"insert_data.py","lineno":72}
{"timestamp":"2026-05-03T22:24:32.665694Z","level":"error","event":"Traceback (most recent call last):\n  File \"/opt/airflow/dags/insert_data.py\", line 33, in insert_data\n    raise FileNotFoundError(error_msg)\nFileNotFoundError: Файл не найден: /opt/airflow/files/md_exchange_rate.csv\n","logger":"unusual_prefix_4656ebc6d97aeaad115f29b22e867693223e54e7_insert_data","filename":"insert_data.py","lineno":73}
{"timestamp":"2026-05-03T22:24:32.666437Z","level":"error","event":"❌ ОШИБКА в md_exchange_rate: Файл не найден: /opt/airflow/files/md_exchange_rate.csv","logger":"task.stderr"}
{"timestamp":"2026-05-03T22:24:32.667265Z","level":"error","event":"Traceback (most recent call last):","logger":"task.stderr"}
{"timestamp":"2026-05-03T22:24:32.667529Z","level":"error","event":"  File \"/opt/airflow/dags/insert_data.py\", line 33, in insert_data","logger":"task.stderr"}
{"timestamp":"2026-05-03T22:24:32.667921Z","level":"error","event":"    raise FileNotFoundError(error_msg)","logger":"task.stderr"}
{"timestamp":"2026-05-03T22:24:32.668410Z","level":"error","event":"FileNotFoundError: Файл не найден: /opt/airflow/files/md_exchange_rate.csv","logger":"task.stderr"}
{"timestamp":"2026-05-03T22:24:32.667356Z","level":"error","event":"Task failed with exception","logger":"task","filename":"task_runner.py","lineno":1347,"error_detail":[{"exc_type":"FileNotFoundError","exc_value":"Файл не найден: /opt/airflow/files/md_exchange_rate.csv","exc_notes":[],"syntax_error":null,"is_cause":false,"frames":[{"filename":"/home/airflow/.local/lib/python3.13/site-packages/airflow/sdk/execution_time/task_runner.py","lineno":1263,"name":"run"},{"filename":"/home/airflow/.local/lib/python3.13/site-packages/airflow/sdk/execution_time/task_runner.py","lineno":1678,"name":"_execute_task"},{"filename":"/home/airflow/.local/lib/python3.13/site-packages/airflow/sdk/bases/operator.py","lineno":443,"name":"wrapper"},{"filename":"/home/airflow/.local/lib/python3.13/site-packages/airflow/providers/standard/operators/python.py","lineno":227,"name":"execute"},{"filename":"/home/airflow/.local/lib/python3.13/site-packages/airflow/providers/standard/operators/python.py","lineno":250,"name":"execute_callable"},{"filename":"/home/airflow/.local/lib/python3.13/site-packages/airflow/sdk/execution_time/callback_runner.py","lineno":97,"name":"run"},{"filename":"/opt/airflow/dags/insert_data.py","lineno":33,"name":"insert_data"}],"is_group":false,"exceptions":[]}]}
{"timestamp":"2026-05-03T22:24:32.764090Z","level":"info","event":"Task instance in failure state","logger":"task.stdout"}
{"timestamp":"2026-05-03T22:24:32.765540Z","level":"info","event":"Task start","logger":"task.stdout"}
{"timestamp":"2026-05-03T22:24:32.765857Z","level":"info","event":"Task:<Task(PythonOperator): md_exchange_rate>","logger":"task.stdout"}
{"timestamp":"2026-05-03T22:24:32.766154Z","level":"info","event":"Failure caused by Файл не найден: /opt/airflow/files/md_exchange_rate.csv","logger":"task.stdout"}
