{"timestamp":"2026-05-03T22:18:24.649048Z","level":"info","event":"DAG bundles loaded: dags-folder, example_dags","logger":"airflow.dag_processing.bundles.manager.DagBundlesManager","filename":"manager.py","lineno":209}
{"timestamp":"2026-05-03T22:18:24.661543Z","level":"info","event":"Filling up the DagBag from /opt/airflow/dags/insert_data.py","logger":"airflow.dag_processing.dagbag.BundleDagBag","filename":"dagbag.py","lineno":469}
{"timestamp":"2026-05-03T22:18:25.177674Z","level":"info","event":"Task instance is in running state","logger":"task.stdout"}
{"timestamp":"2026-05-03T22:18:25.178168Z","level":"info","event":" Previous state of the Task instance: TaskInstanceState.QUEUED","logger":"task.stdout"}
{"timestamp":"2026-05-03T22:18:25.178902Z","level":"info","event":"Current task name:md_exchange_rate","logger":"task.stdout"}
{"timestamp":"2026-05-03T22:18:25.179208Z","level":"info","event":"Dag name:insert_data","logger":"task.stdout"}
{"timestamp":"2026-05-03T22:18:25.185306Z","level":"info","event":"========== ФУНКЦИЯ ВЫЗВАНА ДЛЯ ТАБЛИЦЫ: md_exchange_rate ==========","logger":"task.stdout"}
{"timestamp":"2026-05-03T22:18:25.186108Z","level":"info","event":"Текущая рабочая директория: /opt/airflow","logger":"task.stdout"}
{"timestamp":"2026-05-03T22:18:25.187258Z","level":"info","event":"Содержимое текущей директории: ['dags', 'logs', 'config', 'plugins', 'files']","logger":"task.stdout"}
{"timestamp":"2026-05-03T22:18:25.189226Z","level":"info","event":"Папка 'files' существует. Содержимое: ['ft_balance_f.csv', 'ft_posting_f.csv', 'md_account_d.csv', 'md_currency_d.csv', 'md_exchange_rate_d.csv', 'md_ledger_account_s.csv']","logger":"task.stdout"}
{"timestamp":"2026-05-03T22:18:25.189869Z","level":"info","event":"Ищу файл: files/md_exchange_rate.csv","logger":"task.stdout"}
{"timestamp":"2026-05-03T22:18:25.191052Z","level":"info","event":"Файл существует: False","logger":"task.stdout"}
{"timestamp":"2026-05-03T22:18:25.189695Z","level":"info","event":"Начинаю загрузку файла: files/md_exchange_rate.csv","logger":"unusual_prefix_4656ebc6d97aeaad115f29b22e867693223e54e7_insert_data","filename":"insert_data.py","lineno":33}
{"timestamp":"2026-05-03T22:18:25.190334Z","level":"error","event":"Файл не найден: files/md_exchange_rate.csv","logger":"unusual_prefix_4656ebc6d97aeaad115f29b22e867693223e54e7_insert_data","filename":"insert_data.py","lineno":37}
{"timestamp":"2026-05-03T22:18:25.190486Z","level":"error","event":"Текущая рабочая директория: /opt/airflow","logger":"unusual_prefix_4656ebc6d97aeaad115f29b22e867693223e54e7_insert_data","filename":"insert_data.py","lineno":40}
{"timestamp":"2026-05-03T22:18:25.190636Z","level":"error","event":"Содержимое текущей директории: ['dags', 'logs', 'config', 'plugins', 'files']","logger":"unusual_prefix_4656ebc6d97aeaad115f29b22e867693223e54e7_insert_data","filename":"insert_data.py","lineno":41}
{"timestamp":"2026-05-03T22:18:25.190753Z","level":"error","event":"❌ ОШИБКА в таблице md_exchange_rate: Файл files/md_exchange_rate.csv не существует","logger":"unusual_prefix_4656ebc6d97aeaad115f29b22e867693223e54e7_insert_data","filename":"insert_data.py","lineno":80}
{"timestamp":"2026-05-03T22:18:25.191941Z","level":"error","event":"Task failed with exception","logger":"task","filename":"task_runner.py","lineno":1347,"error_detail":[{"exc_type":"NameError","exc_value":"name 'traceback' is not defined","exc_notes":[],"syntax_error":null,"is_cause":false,"frames":[{"filename":"/home/airflow/.local/lib/python3.13/site-packages/airflow/sdk/execution_time/task_runner.py","lineno":1263,"name":"run"},{"filename":"/home/airflow/.local/lib/python3.13/site-packages/airflow/sdk/execution_time/task_runner.py","lineno":1678,"name":"_execute_task"},{"filename":"/home/airflow/.local/lib/python3.13/site-packages/airflow/sdk/bases/operator.py","lineno":443,"name":"wrapper"},{"filename":"/home/airflow/.local/lib/python3.13/site-packages/airflow/providers/standard/operators/python.py","lineno":227,"name":"execute"},{"filename":"/home/airflow/.local/lib/python3.13/site-packages/airflow/providers/standard/operators/python.py","lineno":250,"name":"execute_callable"},{"filename":"/home/airflow/.local/lib/python3.13/site-packages/airflow/sdk/execution_time/callback_runner.py","lineno":97,"name":"run"},{"filename":"/opt/airflow/dags/insert_data.py","lineno":81,"name":"insert_data"}],"is_group":false,"exceptions":[]},{"exc_type":"FileNotFoundError","exc_value":"Файл files/md_exchange_rate.csv не существует","exc_notes":[],"syntax_error":null,"is_cause":false,"frames":[{"filename":"/opt/airflow/dags/insert_data.py","lineno":42,"name":"insert_data"}],"is_group":false,"exceptions":[]}]}
{"timestamp":"2026-05-03T22:18:25.284011Z","level":"info","event":"Task instance in failure state","logger":"task.stdout"}
{"timestamp":"2026-05-03T22:18:25.287454Z","level":"info","event":"Task start","logger":"task.stdout"}
{"timestamp":"2026-05-03T22:18:25.287955Z","level":"info","event":"Task:<Task(PythonOperator): md_exchange_rate>","logger":"task.stdout"}
{"timestamp":"2026-05-03T22:18:25.288216Z","level":"info","event":"Failure caused by name 'traceback' is not defined","logger":"task.stdout"}
