{"timestamp":"2026-05-03T22:40:10.095928Z","level":"info","event":"DAG bundles loaded: dags-folder, example_dags","logger":"airflow.dag_processing.bundles.manager.DagBundlesManager","filename":"manager.py","lineno":209}
{"timestamp":"2026-05-03T22:40:10.098204Z","level":"info","event":"Filling up the DagBag from /opt/airflow/dags/insert_data.py","logger":"airflow.dag_processing.dagbag.BundleDagBag","filename":"dagbag.py","lineno":469}
{"timestamp":"2026-05-03T22:40:10.199277Z","level":"info","event":"Task instance is in running state","logger":"task.stdout"}
{"timestamp":"2026-05-03T22:40:10.199935Z","level":"info","event":" Previous state of the Task instance: TaskInstanceState.QUEUED","logger":"task.stdout"}
{"timestamp":"2026-05-03T22:40:10.200224Z","level":"info","event":"Current task name:md_ledger_account_s","logger":"task.stdout"}
{"timestamp":"2026-05-03T22:40:10.200522Z","level":"info","event":"Dag name:insert_data","logger":"task.stdout"}
{"timestamp":"2026-05-03T22:40:10.202649Z","level":"error","event":"========== ФУНКЦИЯ ВЫЗВАНА ДЛЯ: md_ledger_account_s ==========","logger":"task.stderr"}
{"timestamp":"2026-05-03T22:40:10.202837Z","level":"info","event":"Начинаю загрузку файла: /opt/airflow/files/md_ledger_account_s.csv","logger":"unusual_prefix_4656ebc6d97aeaad115f29b22e867693223e54e7_insert_data","filename":"insert_data.py","lineno":25}
{"timestamp":"2026-05-03T22:40:10.204310Z","level":"info","event":"Читаю файл /opt/airflow/files/md_ledger_account_s.csv с разделителем ';'","logger":"unusual_prefix_4656ebc6d97aeaad115f29b22e867693223e54e7_insert_data","filename":"insert_data.py","lineno":36}
{"timestamp":"2026-05-03T22:40:10.214433Z","level":"info","event":"Загружено строк: 18. Колонки: ['CHAPTER', 'CHAPTER_NAME', 'SECTION_NUMBER', 'SECTION_NAME', 'SUBSECTION_NAME', 'LEDGER1_ACCOUNT', 'LEDGER1_ACCOUNT_NAME', 'LEDGER_ACCOUNT', 'LEDGER_ACCOUNT_NAME', 'CHARACTERISTIC', 'START_DATE', 'END_DATE']","logger":"unusual_prefix_4656ebc6d97aeaad115f29b22e867693223e54e7_insert_data","filename":"insert_data.py","lineno":38}
{"timestamp":"2026-05-03T22:40:10.214651Z","level":"info","event":"Подключаюсь к PostgreSQL...","logger":"unusual_prefix_4656ebc6d97aeaad115f29b22e867693223e54e7_insert_data","filename":"insert_data.py","lineno":45}
{"timestamp":"2026-05-03T22:40:10.320669Z","level":"error","event":"❌ ОШИБКА в md_ledger_account_s: Not an executable object: 'SELECT 1'","logger":"unusual_prefix_4656ebc6d97aeaad115f29b22e867693223e54e7_insert_data","filename":"insert_data.py","lineno":72}
{"timestamp":"2026-05-03T22:40:10.326353Z","level":"error","event":"Traceback (most recent call last):\n  File \"/home/airflow/.local/lib/python3.13/site-packages/sqlalchemy/engine/base.py\", line 1415, in execute\n    meth = statement._execute_on_connection\n           ^^^^^^^^^^^^^^^^^^^^^^^^^^^^^^^^\nAttributeError: 'str' object has no attribute '_execute_on_connection'\n\nThe above exception was the direct cause of the following exception:\n\nTraceback (most recent call last):\n  File \"/opt/airflow/dags/insert_data.py\", line 51, in insert_data\n    conn.execute(\"SELECT 1\")\n    ~~~~~~~~~~~~^^^^^^^^^^^^\n  File \"/home/airflow/.local/lib/python3.13/site-packages/sqlalchemy/engine/base.py\", line 1417, in execute\n    raise exc.ObjectNotExecutableError(statement) from err\nsqlalchemy.exc.ObjectNotExecutableError: Not an executable object: 'SELECT 1'\n","logger":"unusual_prefix_4656ebc6d97aeaad115f29b22e867693223e54e7_insert_data","filename":"insert_data.py","lineno":73}
{"timestamp":"2026-05-03T22:40:10.327000Z","level":"error","event":"❌ ОШИБКА в md_ledger_account_s: Not an executable object: 'SELECT 1'","logger":"task.stderr"}
{"timestamp":"2026-05-03T22:40:10.328119Z","level":"error","event":"Traceback (most recent call last):","logger":"task.stderr"}
{"timestamp":"2026-05-03T22:40:10.328398Z","level":"error","event":"  File \"/home/airflow/.local/lib/python3.13/site-packages/sqlalchemy/engine/base.py\", line 1415, in execute","logger":"task.stderr"}
{"timestamp":"2026-05-03T22:40:10.328703Z","level":"error","event":"    meth = statement._execute_on_connection","logger":"task.stderr"}
{"timestamp":"2026-05-03T22:40:10.328926Z","level":"error","event":"           ^^^^^^^^^^^^^^^^^^^^^^^^^^^^^^^^","logger":"task.stderr"}
{"timestamp":"2026-05-03T22:40:10.329166Z","level":"error","event":"AttributeError: 'str' object has no attribute '_execute_on_connection'","logger":"task.stderr"}
{"timestamp":"2026-05-03T22:40:10.329416Z","level":"error","event":"","logger":"task.stderr"}
{"timestamp":"2026-05-03T22:40:10.329680Z","level":"error","event":"The above exception was the direct cause of the following exception:","logger":"task.stderr"}
{"timestamp":"2026-05-03T22:40:10.329922Z","level":"error","event":"","logger":"task.stderr"}
{"timestamp":"2026-05-03T22:40:10.330188Z","level":"error","event":"Traceback (most recent call last):","logger":"task.stderr"}
{"timestamp":"2026-05-03T22:40:10.330440Z","level":"error","event":"  File \"/opt/airflow/dags/insert_data.py\", line 51, in insert_data","logger":"task.stderr"}
{"timestamp":"2026-05-03T22:40:10.330702Z","level":"error","event":"    conn.execute(\"SELECT 1\")","logger":"task.stderr"}
{"timestamp":"2026-05-03T22:40:10.330966Z","level":"error","event":"    ~~~~~~~~~~~~^^^^^^^^^^^^","logger":"task.stderr"}
{"timestamp":"2026-05-03T22:40:10.331220Z","level":"error","event":"  File \"/home/airflow/.local/lib/python3.13/site-packages/sqlalchemy/engine/base.py\", line 1417, in execute","logger":"task.stderr"}
{"timestamp":"2026-05-03T22:40:10.331472Z","level":"error","event":"    raise exc.ObjectNotExecutableError(statement) from err","logger":"task.stderr"}
{"timestamp":"2026-05-03T22:40:10.331720Z","level":"error","event":"sqlalchemy.exc.ObjectNotExecutableError: Not an executable object: 'SELECT 1'","logger":"task.stderr"}
{"timestamp":"2026-05-03T22:40:10.328182Z","level":"error","event":"Task failed with exception","logger":"task","filename":"task_runner.py","lineno":1347,"error_detail":[{"exc_type":"ObjectNotExecutableError","exc_value":"Not an executable object: 'SELECT 1'","exc_notes":[],"syntax_error":null,"is_cause":false,"frames":[{"filename":"/home/airflow/.local/lib/python3.13/site-packages/airflow/sdk/execution_time/task_runner.py","lineno":1263,"name":"run"},{"filename":"/home/airflow/.local/lib/python3.13/site-packages/airflow/sdk/execution_time/task_runner.py","lineno":1678,"name":"_execute_task"},{"filename":"/home/airflow/.local/lib/python3.13/site-packages/airflow/sdk/bases/operator.py","lineno":443,"name":"wrapper"},{"filename":"/home/airflow/.local/lib/python3.13/site-packages/airflow/providers/standard/operators/python.py","lineno":227,"name":"execute"},{"filename":"/home/airflow/.local/lib/python3.13/site-packages/airflow/providers/standard/operators/python.py","lineno":250,"name":"execute_callable"},{"filename":"/home/airflow/.local/lib/python3.13/site-packages/airflow/sdk/execution_time/callback_runner.py","lineno":97,"name":"run"},{"filename":"/opt/airflow/dags/insert_data.py","lineno":51,"name":"insert_data"},{"filename":"/home/airflow/.local/lib/python3.13/site-packages/sqlalchemy/engine/base.py","lineno":1417,"name":"execute"}],"is_group":false,"exceptions":[]},{"exc_type":"AttributeError","exc_value":"'str' object has no attribute '_execute_on_connection'","exc_notes":[],"syntax_error":null,"is_cause":true,"frames":[{"filename":"/home/airflow/.local/lib/python3.13/site-packages/sqlalchemy/engine/base.py","lineno":1415,"name":"execute"}],"is_group":false,"exceptions":[]}]}
{"timestamp":"2026-05-03T22:40:10.354611Z","level":"info","event":"Task instance in failure state","logger":"task.stdout"}
{"timestamp":"2026-05-03T22:40:10.355014Z","level":"info","event":"Task start","logger":"task.stdout"}
{"timestamp":"2026-05-03T22:40:10.355522Z","level":"info","event":"Task:<Task(PythonOperator): md_ledger_account_s>","logger":"task.stdout"}
{"timestamp":"2026-05-03T22:40:10.355791Z","level":"info","event":"Failure caused by Not an executable object: 'SELECT 1'","logger":"task.stdout"}
