{"timestamp":"2026-05-11T11:25:15.909976Z","level":"info","event":"DAG bundles loaded: dags-folder, example_dags","logger":"airflow.dag_processing.bundles.manager.DagBundlesManager","filename":"manager.py","lineno":209}
{"timestamp":"2026-05-11T11:25:15.911437Z","level":"info","event":"Filling up the DagBag from /opt/airflow/dags/load_f101_v2.py","logger":"airflow.dag_processing.dagbag.BundleDagBag","filename":"dagbag.py","lineno":469}
{"timestamp":"2026-05-11T11:25:15.962310Z","level":"info","event":"Task instance is in running state","logger":"task.stdout"}
{"timestamp":"2026-05-11T11:25:15.962841Z","level":"info","event":" Previous state of the Task instance: TaskInstanceState.QUEUED","logger":"task.stdout"}
{"timestamp":"2026-05-11T11:25:15.963130Z","level":"info","event":"Current task name:load_f101_v2","logger":"task.stdout"}
{"timestamp":"2026-05-11T11:25:15.963352Z","level":"info","event":"Dag name:load_csv_to_db","logger":"task.stdout"}
{"timestamp":"2026-05-11T11:25:16.024827Z","level":"info","event":"Running statement: \n        INSERT INTO \"LOGS\".LOGS (procedure_name, start_time, message)\n        VALUES ('import.dm_f101_round_f_v2', '2026-05-11 14:25:15', 'Начало загрузки CSV в DM_F101_ROUND_F_V2');\n    , parameters: None","logger":"airflow.task.hooks.airflow.providers.postgres.hooks.postgres.PostgresHook","filename":"sql.py","lineno":861}
{"timestamp":"2026-05-11T11:25:16.504211Z","level":"info","event":"Rows affected: 1","logger":"airflow.task.hooks.airflow.providers.postgres.hooks.postgres.PostgresHook","filename":"sql.py","lineno":879}
{"timestamp":"2026-05-11T11:25:16.638461Z","level":"info","event":"Прочитано строк из CSV: 18","logger":"unusual_prefix_f2bf2c5309ba8e5918f3388a83b17bd5a020d764_load_f101_v2","filename":"load_f101_v2.py","lineno":40}
{"timestamp":"2026-05-11T11:25:16.638712Z","level":"info","event":"Колонки: ['from_date', 'to_date', 'chapter', 'ledger_account', 'characteristic', 'balance_in_rub', 'balance_in_val', 'balance_in_total', 'turn_deb_rub', 'turn_deb_val', 'turn_deb_total', 'turn_cre_rub', 'turn_cre_val', 'turn_cre_total', 'balance_out_rub', 'balance_out_val', 'balance_out_total']","logger":"unusual_prefix_f2bf2c5309ba8e5918f3388a83b17bd5a020d764_load_f101_v2","filename":"load_f101_v2.py","lineno":41}
{"timestamp":"2026-05-11T11:25:16.869166Z","level":"info","event":"Таблица \"DM\".DM_F101_ROUND_F_V2 проверена/создана","logger":"unusual_prefix_f2bf2c5309ba8e5918f3388a83b17bd5a020d764_load_f101_v2","filename":"load_f101_v2.py","lineno":54}
{"timestamp":"2026-05-11T11:25:16.871699Z","level":"info","event":"Таблица \"DM\".DM_F101_ROUND_F_V2 очищена","logger":"unusual_prefix_f2bf2c5309ba8e5918f3388a83b17bd5a020d764_load_f101_v2","filename":"load_f101_v2.py","lineno":58}
{"timestamp":"2026-05-11T11:25:16.928966Z","level":"info","event":"Running statement: \n            INSERT INTO \"LOGS\".LOGS (procedure_name, start_time, end_time, message)\n            VALUES ('import.dm_f101_round_f_v2', '2026-05-11 14:25:15', '2026-05-11 14:25:16', \n                    'ОШИБКА: name ''DM_F101_ROUND_F_V2'' is not defined');\n        , parameters: None","logger":"airflow.task.hooks.airflow.providers.postgres.hooks.postgres.PostgresHook","filename":"sql.py","lineno":861}
{"timestamp":"2026-05-11T11:25:16.931353Z","level":"info","event":"Rows affected: 1","logger":"airflow.task.hooks.airflow.providers.postgres.hooks.postgres.PostgresHook","filename":"sql.py","lineno":879}
{"timestamp":"2026-05-11T11:25:16.932678Z","level":"error","event":"Ошибка: name 'DM_F101_ROUND_F_V2' is not defined","logger":"unusual_prefix_f2bf2c5309ba8e5918f3388a83b17bd5a020d764_load_f101_v2","filename":"load_f101_v2.py","lineno":91}
{"timestamp":"2026-05-11T11:25:16.932904Z","level":"error","event":"Task failed with exception","logger":"task","filename":"task_runner.py","lineno":1347,"error_detail":[{"exc_type":"NameError","exc_value":"name 'DM_F101_ROUND_F_V2' is not defined","exc_notes":[],"syntax_error":null,"is_cause":false,"frames":[{"filename":"/home/airflow/.local/lib/python3.13/site-packages/airflow/sdk/execution_time/task_runner.py","lineno":1263,"name":"run"},{"filename":"/home/airflow/.local/lib/python3.13/site-packages/airflow/sdk/execution_time/task_runner.py","lineno":1678,"name":"_execute_task"},{"filename":"/home/airflow/.local/lib/python3.13/site-packages/airflow/sdk/bases/operator.py","lineno":443,"name":"wrapper"},{"filename":"/home/airflow/.local/lib/python3.13/site-packages/airflow/providers/standard/operators/python.py","lineno":227,"name":"execute"},{"filename":"/home/airflow/.local/lib/python3.13/site-packages/airflow/providers/standard/operators/python.py","lineno":250,"name":"execute_callable"},{"filename":"/home/airflow/.local/lib/python3.13/site-packages/airflow/sdk/execution_time/callback_runner.py","lineno":97,"name":"run"},{"filename":"/opt/airflow/dags/load_f101_v2.py","lineno":61,"name":"load_csv_to_db"}],"is_group":false,"exceptions":[]}]}
{"timestamp":"2026-05-11T11:25:16.957198Z","level":"info","event":"Task instance in failure state","logger":"task.stdout"}
{"timestamp":"2026-05-11T11:25:16.957557Z","level":"info","event":"Task start","logger":"task.stdout"}
{"timestamp":"2026-05-11T11:25:16.957782Z","level":"info","event":"Task:<Task(PythonOperator): load_f101_v2>","logger":"task.stdout"}
{"timestamp":"2026-05-11T11:25:16.958015Z","level":"info","event":"Failure caused by name 'DM_F101_ROUND_F_V2' is not defined","logger":"task.stdout"}
