{"timestamp":"2026-05-11T19:55:25.570276Z","level":"info","event":"DAG bundles loaded: dags-folder, example_dags","logger":"airflow.dag_processing.bundles.manager.DagBundlesManager","filename":"manager.py","lineno":209}
{"timestamp":"2026-05-11T19:55:25.572192Z","level":"info","event":"Filling up the DagBag from /opt/airflow/dags/insert_data.py","logger":"airflow.dag_processing.dagbag.BundleDagBag","filename":"dagbag.py","lineno":469}
{"timestamp":"2026-05-11T19:55:25.684324Z","level":"info","event":"Task instance is in running state","logger":"task.stdout"}
{"timestamp":"2026-05-11T19:55:25.684860Z","level":"info","event":" Previous state of the Task instance: TaskInstanceState.QUEUED","logger":"task.stdout"}
{"timestamp":"2026-05-11T19:55:25.685148Z","level":"info","event":"Current task name:md_ledger_account_s","logger":"task.stdout"}
{"timestamp":"2026-05-11T19:55:25.685406Z","level":"info","event":"Dag name:insert_data","logger":"task.stdout"}
{"timestamp":"2026-05-11T19:55:25.688333Z","level":"error","event":"========== ФУНКЦИЯ ВЫЗВАНА ДЛЯ: md_ledger_account_s ==========","logger":"task.stderr"}
{"timestamp":"2026-05-11T19:55:25.816564Z","level":"info","event":"Running statement: \n        INSERT INTO \"LOGS\".LOGS (procedure_name, start_time, message)\n        VALUES ('insert_data.md_ledger_account_s', '2026-05-11 22:55:25', 'Начало загрузки таблицы md_ledger_account_s');\n    , parameters: None","logger":"airflow.task.hooks.airflow.providers.postgres.hooks.postgres.PostgresHook","filename":"sql.py","lineno":861}
{"timestamp":"2026-05-11T19:55:26.526574Z","level":"info","event":"Rows affected: 1","logger":"airflow.task.hooks.airflow.providers.postgres.hooks.postgres.PostgresHook","filename":"sql.py","lineno":879}
{"timestamp":"2026-05-11T19:55:26.529041Z","level":"info","event":"Начинаю загрузку файла: /opt/airflow/files/md_ledger_account_s.csv","logger":"unusual_prefix_4656ebc6d97aeaad115f29b22e867693223e54e7_insert_data","filename":"insert_data.py","lineno":46}
{"timestamp":"2026-05-11T19:55:26.537630Z","level":"info","event":"Файл md_ledger_account_s прочитан с кодировкой: utf-8","logger":"unusual_prefix_4656ebc6d97aeaad115f29b22e867693223e54e7_insert_data","filename":"insert_data.py","lineno":56}
{"timestamp":"2026-05-11T19:55:26.537929Z","level":"info","event":"Колонки md_ledger_account_s: ['chapter', 'chapter_name', 'section_number', 'section_name', 'subsection_name', 'ledger1_account', 'ledger1_account_name', 'ledger_account', 'ledger_account_name', 'characteristic', 'start_date', 'end_date']","logger":"unusual_prefix_4656ebc6d97aeaad115f29b22e867693223e54e7_insert_data","filename":"insert_data.py","lineno":66}
{"timestamp":"2026-05-11T19:55:26.538054Z","level":"info","event":"Загружено строк: 18","logger":"unusual_prefix_4656ebc6d97aeaad115f29b22e867693223e54e7_insert_data","filename":"insert_data.py","lineno":67}
{"timestamp":"2026-05-11T19:55:26.850730Z","level":"info","event":"Таблица md_ledger_account_s: выполнен UPSERT (18 строк)","logger":"unusual_prefix_4656ebc6d97aeaad115f29b22e867693223e54e7_insert_data","filename":"insert_data.py","lineno":106}
{"timestamp":"2026-05-11T19:55:26.926009Z","level":"info","event":"Running statement: \n                   INSERT INTO \"LOGS\".LOGS (procedure_name, start_time, end_time, message)\n                   VALUES ('insert_data.md_ledger_account_s', '2026-05-11 22:55:25', '2026-05-11 22:55:26', \n                           'Успешно загружено 18 строк за 1.13 сек (режим: UPSERT)');\n               , parameters: None","logger":"airflow.task.hooks.airflow.providers.postgres.hooks.postgres.PostgresHook","filename":"sql.py","lineno":861}
{"timestamp":"2026-05-11T19:55:26.928516Z","level":"info","event":"Rows affected: 1","logger":"airflow.task.hooks.airflow.providers.postgres.hooks.postgres.PostgresHook","filename":"sql.py","lineno":879}
{"timestamp":"2026-05-11T19:55:26.930200Z","level":"info","event":"md_ledger_account_s: 18 строк за 1.13 сек","logger":"unusual_prefix_4656ebc6d97aeaad115f29b22e867693223e54e7_insert_data","filename":"insert_data.py","lineno":118}
{"timestamp":"2026-05-11T19:55:26.930529Z","level":"info","event":"Done. Returned value was: None","logger":"airflow.task.operators.airflow.providers.standard.operators.python.PythonOperator","filename":"python.py","lineno":229}
{"timestamp":"2026-05-11T19:55:26.950826Z","level":"info","event":"Task instance in success state","logger":"task.stdout"}
{"timestamp":"2026-05-11T19:55:26.953307Z","level":"info","event":" Previous state of the Task instance: TaskInstanceState.RUNNING","logger":"task.stdout"}
{"timestamp":"2026-05-11T19:55:26.953912Z","level":"info","event":"Task operator:<Task(PythonOperator): md_ledger_account_s>","logger":"task.stdout"}
