{"timestamp":"2026-05-03T22:18:24.648978Z","level":"info","event":"DAG bundles loaded: dags-folder, example_dags","logger":"airflow.dag_processing.bundles.manager.DagBundlesManager","filename":"manager.py","lineno":209}
{"timestamp":"2026-05-03T22:18:24.661538Z","level":"info","event":"Filling up the DagBag from /opt/airflow/dags/insert_data.py","logger":"airflow.dag_processing.dagbag.BundleDagBag","filename":"dagbag.py","lineno":469}
{"timestamp":"2026-05-03T22:18:25.177313Z","level":"info","event":"Task instance is in running state","logger":"task.stdout"}
{"timestamp":"2026-05-03T22:18:25.178081Z","level":"info","event":" Previous state of the Task instance: TaskInstanceState.QUEUED","logger":"task.stdout"}
{"timestamp":"2026-05-03T22:18:25.178526Z","level":"info","event":"Current task name:md_account_d","logger":"task.stdout"}
{"timestamp":"2026-05-03T22:18:25.179505Z","level":"info","event":"Dag name:insert_data","logger":"task.stdout"}
{"timestamp":"2026-05-03T22:18:25.184319Z","level":"info","event":"========== ФУНКЦИЯ ВЫЗВАНА ДЛЯ ТАБЛИЦЫ: md_account_d ==========","logger":"task.stdout"}
{"timestamp":"2026-05-03T22:18:25.185649Z","level":"info","event":"Текущая рабочая директория: /opt/airflow","logger":"task.stdout"}
{"timestamp":"2026-05-03T22:18:25.186797Z","level":"info","event":"Содержимое текущей директории: ['dags', 'logs', 'config', 'plugins', 'files']","logger":"task.stdout"}
{"timestamp":"2026-05-03T22:18:25.189426Z","level":"info","event":"Папка 'files' существует. Содержимое: ['ft_balance_f.csv', 'ft_posting_f.csv', 'md_account_d.csv', 'md_currency_d.csv', 'md_exchange_rate_d.csv', 'md_ledger_account_s.csv']","logger":"task.stdout"}
{"timestamp":"2026-05-03T22:18:25.190211Z","level":"info","event":"Ищу файл: files/md_account_d.csv","logger":"task.stdout"}
{"timestamp":"2026-05-03T22:18:25.192093Z","level":"info","event":"Файл существует: True","logger":"task.stdout"}
{"timestamp":"2026-05-03T22:18:25.192298Z","level":"info","event":"Начинаю загрузку файла: files/md_account_d.csv","logger":"unusual_prefix_4656ebc6d97aeaad115f29b22e867693223e54e7_insert_data","filename":"insert_data.py","lineno":33}
{"timestamp":"2026-05-03T22:18:25.193785Z","level":"info","event":"Читаю файл files/md_account_d.csv с разделителем ';'","logger":"unusual_prefix_4656ebc6d97aeaad115f29b22e867693223e54e7_insert_data","filename":"insert_data.py","lineno":45}
{"timestamp":"2026-05-03T22:18:25.235773Z","level":"info","event":"Загружено строк: 112. Колонки: ['DATA_ACTUAL_DATE', 'DATA_ACTUAL_END_DATE', 'ACCOUNT_RK', 'ACCOUNT_NUMBER', 'CHAR_TYPE', 'CURRENCY_RK', 'CURRENCY_CODE']","logger":"unusual_prefix_4656ebc6d97aeaad115f29b22e867693223e54e7_insert_data","filename":"insert_data.py","lineno":47}
{"timestamp":"2026-05-03T22:18:25.235988Z","level":"info","event":"Подключаюсь к PostgreSQL...","logger":"unusual_prefix_4656ebc6d97aeaad115f29b22e867693223e54e7_insert_data","filename":"insert_data.py","lineno":54}
{"timestamp":"2026-05-03T22:18:25.293703Z","level":"error","event":"❌ ОШИБКА в таблице md_account_d: The conn_id `project` isn't defined","logger":"unusual_prefix_4656ebc6d97aeaad115f29b22e867693223e54e7_insert_data","filename":"insert_data.py","lineno":80}
{"timestamp":"2026-05-03T22:18:25.293977Z","level":"error","event":"Task failed with exception","logger":"task","filename":"task_runner.py","lineno":1347,"error_detail":[{"exc_type":"NameError","exc_value":"name 'traceback' is not defined","exc_notes":[],"syntax_error":null,"is_cause":false,"frames":[{"filename":"/home/airflow/.local/lib/python3.13/site-packages/airflow/sdk/execution_time/task_runner.py","lineno":1263,"name":"run"},{"filename":"/home/airflow/.local/lib/python3.13/site-packages/airflow/sdk/execution_time/task_runner.py","lineno":1678,"name":"_execute_task"},{"filename":"/home/airflow/.local/lib/python3.13/site-packages/airflow/sdk/bases/operator.py","lineno":443,"name":"wrapper"},{"filename":"/home/airflow/.local/lib/python3.13/site-packages/airflow/providers/standard/operators/python.py","lineno":227,"name":"execute"},{"filename":"/home/airflow/.local/lib/python3.13/site-packages/airflow/providers/standard/operators/python.py","lineno":250,"name":"execute_callable"},{"filename":"/home/airflow/.local/lib/python3.13/site-packages/airflow/sdk/execution_time/callback_runner.py","lineno":97,"name":"run"},{"filename":"/opt/airflow/dags/insert_data.py","lineno":81,"name":"insert_data"}],"is_group":false,"exceptions":[]},{"exc_type":"AirflowNotFoundException","exc_value":"The conn_id `project` isn't defined","exc_notes":[],"syntax_error":null,"is_cause":false,"frames":[{"filename":"/opt/airflow/dags/insert_data.py","lineno":56,"name":"insert_data"},{"filename":"/home/airflow/.local/lib/python3.13/site-packages/airflow/providers/common/sql/hooks/sql.py","lineno":331,"name":"get_sqlalchemy_engine"},{"filename":"/home/airflow/.local/lib/python3.13/site-packages/airflow/providers/postgres/hooks/postgres.py","lineno":181,"name":"sqlalchemy_url"},{"filename":"/home/airflow/.local/lib/python3.13/site-packages/airflow/providers/common/sql/hooks/sql.py","lineno":249,"name":"connection"},{"filename":"/home/airflow/.local/lib/python3.13/site-packages/airflow/sdk/bases/hook.py","lineno":61,"name":"get_connection"},{"filename":"/home/airflow/.local/lib/python3.13/site-packages/airflow/sdk/definitions/connection.py","lineno":250,"name":"get"},{"filename":"/home/airflow/.local/lib/python3.13/site-packages/airflow/sdk/execution_time/context.py","lineno":177,"name":"_get_connection"}],"is_group":false,"exceptions":[]}]}
{"timestamp":"2026-05-03T22:18:25.348560Z","level":"info","event":"Task instance in failure state","logger":"task.stdout"}
{"timestamp":"2026-05-03T22:18:25.357089Z","level":"info","event":"Task start","logger":"task.stdout"}
{"timestamp":"2026-05-03T22:18:25.357421Z","level":"info","event":"Task:<Task(PythonOperator): md_account_d>","logger":"task.stdout"}
{"timestamp":"2026-05-03T22:18:25.357663Z","level":"info","event":"Failure caused by name 'traceback' is not defined","logger":"task.stdout"}
