{"timestamp":"2026-05-11T19:48:27.356700Z","level":"info","event":"DAG bundles loaded: dags-folder, example_dags","logger":"airflow.dag_processing.bundles.manager.DagBundlesManager","filename":"manager.py","lineno":209}
{"timestamp":"2026-05-11T19:48:27.367741Z","level":"info","event":"Filling up the DagBag from /opt/airflow/dags/insert_data.py","logger":"airflow.dag_processing.dagbag.BundleDagBag","filename":"dagbag.py","lineno":469}
{"timestamp":"2026-05-11T19:48:27.538511Z","level":"info","event":"Task instance is in running state","logger":"task.stdout"}
{"timestamp":"2026-05-11T19:48:27.539523Z","level":"info","event":" Previous state of the Task instance: TaskInstanceState.QUEUED","logger":"task.stdout"}
{"timestamp":"2026-05-11T19:48:27.539838Z","level":"info","event":"Current task name:md_account_d","logger":"task.stdout"}
{"timestamp":"2026-05-11T19:48:27.540109Z","level":"info","event":"Dag name:insert_data","logger":"task.stdout"}
{"timestamp":"2026-05-11T19:48:27.543856Z","level":"error","event":"========== ФУНКЦИЯ ВЫЗВАНА ДЛЯ: md_account_d ==========","logger":"task.stderr"}
{"timestamp":"2026-05-11T19:48:27.674166Z","level":"info","event":"Running statement: \n        INSERT INTO \"LOGS\".LOGS (procedure_name, start_time, message)\n        VALUES ('insert_data.md_account_d', '2026-05-11 22:48:27', 'Начало загрузки таблицы md_account_d');\n    , parameters: None","logger":"airflow.task.hooks.airflow.providers.postgres.hooks.postgres.PostgresHook","filename":"sql.py","lineno":861}
{"timestamp":"2026-05-11T19:48:28.296322Z","level":"info","event":"Rows affected: 1","logger":"airflow.task.hooks.airflow.providers.postgres.hooks.postgres.PostgresHook","filename":"sql.py","lineno":879}
{"timestamp":"2026-05-11T19:48:28.298305Z","level":"info","event":"Начинаю загрузку файла: /opt/airflow/files/md_account_d.csv","logger":"unusual_prefix_4656ebc6d97aeaad115f29b22e867693223e54e7_insert_data","filename":"insert_data.py","lineno":46}
{"timestamp":"2026-05-11T19:48:28.309509Z","level":"info","event":"Файл md_account_d прочитан с кодировкой: utf-8","logger":"unusual_prefix_4656ebc6d97aeaad115f29b22e867693223e54e7_insert_data","filename":"insert_data.py","lineno":56}
{"timestamp":"2026-05-11T19:48:28.309847Z","level":"info","event":"Колонки md_account_d: ['data_actual_date', 'data_actual_end_date', 'account_rk', 'account_number', 'char_type', 'currency_rk', 'currency_code']","logger":"unusual_prefix_4656ebc6d97aeaad115f29b22e867693223e54e7_insert_data","filename":"insert_data.py","lineno":66}
{"timestamp":"2026-05-11T19:48:28.309989Z","level":"info","event":"Загружено строк: 112","logger":"unusual_prefix_4656ebc6d97aeaad115f29b22e867693223e54e7_insert_data","filename":"insert_data.py","lineno":67}
{"timestamp":"2026-05-11T19:48:28.768202Z","level":"info","event":"Таблица md_account_d: выполнен UPSERT (112 строк)","logger":"unusual_prefix_4656ebc6d97aeaad115f29b22e867693223e54e7_insert_data","filename":"insert_data.py","lineno":106}
{"timestamp":"2026-05-11T19:48:28.830796Z","level":"info","event":"Running statement: \n                   INSERT INTO \"LOGS\".LOGS (procedure_name, start_time, end_time, message)\n                   VALUES ('insert_data.md_account_d', '2026-05-11 22:48:27', '2026-05-11 22:48:28', \n                           'Успешно загружено 112 строк за 1.19 сек (режим: UPSERT)');\n               , parameters: None","logger":"airflow.task.hooks.airflow.providers.postgres.hooks.postgres.PostgresHook","filename":"sql.py","lineno":861}
{"timestamp":"2026-05-11T19:48:28.833221Z","level":"info","event":"Rows affected: 1","logger":"airflow.task.hooks.airflow.providers.postgres.hooks.postgres.PostgresHook","filename":"sql.py","lineno":879}
{"timestamp":"2026-05-11T19:48:28.834800Z","level":"info","event":"md_account_d: 112 строк за 1.19 сек","logger":"unusual_prefix_4656ebc6d97aeaad115f29b22e867693223e54e7_insert_data","filename":"insert_data.py","lineno":118}
{"timestamp":"2026-05-11T19:48:28.835092Z","level":"info","event":"Done. Returned value was: None","logger":"airflow.task.operators.airflow.providers.standard.operators.python.PythonOperator","filename":"python.py","lineno":229}
{"timestamp":"2026-05-11T19:48:28.856706Z","level":"info","event":"Task instance in success state","logger":"task.stdout"}
{"timestamp":"2026-05-11T19:48:28.857565Z","level":"info","event":" Previous state of the Task instance: TaskInstanceState.RUNNING","logger":"task.stdout"}
{"timestamp":"2026-05-11T19:48:28.857965Z","level":"info","event":"Task operator:<Task(PythonOperator): md_account_d>","logger":"task.stdout"}
