{"timestamp":"2026-05-10T14:45:22.402004Z","level":"info","event":"DAG bundles loaded: dags-folder, example_dags","logger":"airflow.dag_processing.bundles.manager.DagBundlesManager","filename":"manager.py","lineno":209}
{"timestamp":"2026-05-10T14:45:22.404236Z","level":"info","event":"Filling up the DagBag from /opt/airflow/dags/fill_f101_jan2018.py","logger":"airflow.dag_processing.dagbag.BundleDagBag","filename":"dagbag.py","lineno":469}
{"timestamp":"2026-05-10T14:45:22.463025Z","level":"info","event":"Task instance is in running state","logger":"task.stdout"}
{"timestamp":"2026-05-10T14:45:22.463444Z","level":"info","event":" Previous state of the Task instance: TaskInstanceState.QUEUED","logger":"task.stdout"}
{"timestamp":"2026-05-10T14:45:22.463846Z","level":"info","event":"Current task name:fill_f101_january_2018","logger":"task.stdout"}
{"timestamp":"2026-05-10T14:45:22.464076Z","level":"info","event":"Dag name:fill_f101_jan2018","logger":"task.stdout"}
{"timestamp":"2026-05-10T14:45:22.530595Z","level":"info","event":"Running statement: CALL \"DM\".fill_f101_round_f(DATE '2018-02-01');, parameters: None","logger":"airflow.task.hooks.airflow.providers.postgres.hooks.postgres.PostgresHook","filename":"sql.py","lineno":861}
{"timestamp":"2026-05-10T14:45:22.553243Z","level":"error","event":"Ошибка при заполнении: ОШИБКА:  оператор не существует: integer = text\nLINE 126: ...FT JOIN ledger_current AS lc ON lc.ledger_account = a.ledger...\n                                                               ^\nHINT:  Оператор с данными именем и типами аргументов не найден. Возможно, вам следует добавить явные приведения типов.\nQUERY:  INSERT INTO \"DM\".DM_F101_ROUND_F (\n        from_date,\n        to_date,\n        chapter,\n        ledger_account,\n        characteristic,\n        balance_in_rub,\n        balance_in_val,\n        balance_in_total,\n        turn_deb_rub,\n        turn_deb_val,\n        turn_deb_total,\n        turn_cre_rub,\n        turn_cre_val,\n        turn_cre_total,\n        balance_out_rub,\n        balance_out_val,\n        balance_out_total\n    )\n    WITH accounts AS (\n        SELECT DISTINCT\n            a.account_rk,\n            LEFT(a.account_number, 5) AS ledger_account,\n            a.char_type AS characteristic,\n            a.currency_code\n        FROM \"DS\".MD_ACCOUNT_D AS a\n        WHERE a.data_actual_date <= v_to_date\n          AND a.data_actual_end_date >= v_from_date\n    ),\n\n    ledger AS (\n        SELECT \n            ledger_account,\n            chapter,\n            MAX(start_date) as max_start_date\n        FROM \"DS\".MD_LEDGER_ACCOUNT_S\n        WHERE start_date <= v_to_date\n          AND (end_date IS NULL OR end_date >= v_from_date)\n        GROUP BY ledger_account, chapter\n    ),\n\t\n    ledger_current AS (\n        SELECT DISTINCT ON (l.ledger_account)\n            l.ledger_account,\n            l.chapter\n        FROM ledger AS l\n        ORDER BY l.ledger_account, l.max_start_date DESC\n    ),\n\n    balance_in AS (\n        SELECT \n            b.account_rk,\n            b.balance_out_rub\n        FROM \"DM\".DM_ACCOUNT_BALANCE_F AS b\n        WHERE b.on_date = v_prev_date\n    ),\n\n    balance_out AS (\n        SELECT \n            b.account_rk,\n            b.balance_out_rub\n        FROM \"DM\".DM_ACCOUNT_BALANCE_F AS b\n        WHERE b.on_date = v_to_date\n    ),\n\n    turnovers AS (\n        SELECT \n            t.account_rk,\n            SUM(COALESCE(t.debet_amount_rub, 0)) AS debet_amount_rub,\n            SUM(COALESCE(t.credit_amount_rub, 0)) AS credit_amount_rub\n        FROM \"DM\".DM_ACCOUNT_TURNOVER_F AS t\n        WHERE t.on_date BETWEEN v_from_date AND v_to_date\n        GROUP BY t.account_rk\n    )\n    SELECT \n        v_from_date AS from_date,\n        v_to_date AS to_date,\n        COALESCE(lc.chapter, '') AS chapter,\n        a.ledger_account,\n        MAX(a.characteristic) AS characteristic,\n        SUM(CASE \n            WHEN CAST(a.currency_code AS INTEGER) = ANY(v_rub_codes) \n            THEN COALESCE(bi.balance_out_rub, 0) \n            ELSE 0 \n        END) AS balance_in_rub,\n        SUM(CASE \n            WHEN CAST(a.currency_code AS INTEGER) != ALL(v_rub_codes) \n            THEN COALESCE(bi.balance_out_rub, 0) \n            ELSE 0 \n        END) AS balance_in_val,\n        SUM(COALESCE(bi.balance_out_rub, 0)) AS balance_in_total,\n        SUM(CASE \n            WHEN CAST(a.currency_code AS INTEGER) = ANY(v_rub_codes) \n            THEN COALESCE(t.debet_amount_rub, 0) \n            ELSE 0 \n        END) AS turn_deb_rub,\n        SUM(CASE \n            WHEN CAST(a.currency_code AS INTEGER) != ALL(v_rub_codes) \n            THEN COALESCE(t.debet_amount_rub, 0) \n            ELSE 0 \n        END) AS turn_deb_val,\n        SUM(COALESCE(t.debet_amount_rub, 0)) AS turn_deb_total,\n        SUM(CASE \n            WHEN CAST(a.currency_code AS INTEGER) = ANY(v_rub_codes) \n            THEN COALESCE(t.credit_amount_rub, 0) \n            ELSE 0 \n        END) AS turn_cre_rub,\n        SUM(CASE \n            WHEN CAST(a.currency_code AS INTEGER) != ALL(v_rub_codes) \n            THEN COALESCE(t.credit_amount_rub, 0) \n            ELSE 0 \n        END) AS turn_cre_val,\n        SUM(COALESCE(t.credit_amount_rub, 0)) AS turn_cre_total,\n        SUM(CASE \n            WHEN CAST(a.currency_code AS INTEGER) = ANY(v_rub_codes) \n            THEN COALESCE(bo.balance_out_rub, 0) \n            ELSE 0 \n        END) AS balance_out_rub,\n        SUM(CASE \n            WHEN CAST(a.currency_code AS INTEGER) != ALL(v_rub_codes) \n            THEN COALESCE(bo.balance_out_rub, 0) \n            ELSE 0 \n        END) AS balance_out_val,\n        SUM(COALESCE(bo.balance_out_rub, 0)) AS balance_out_total\n    FROM accounts AS a\n    LEFT JOIN ledger_current AS lc ON lc.ledger_account = a.ledger_account\n    LEFT JOIN balance_in AS bi ON bi.account_rk = a.account_rk\n    LEFT JOIN balance_out AS bo ON bo.account_rk = a.account_rk\n    LEFT JOIN turnovers AS t ON t.account_rk = a.account_rk\n    GROUP BY \n        a.ledger_account,\n        lc.chapter\nCONTEXT:  функция PL/pgSQL \"DM\".fill_f101_round_f(date), строка 25, оператор SQL-оператор\n","logger":"unusual_prefix_dc7352fdc1470d8624cfbfd2a4dbcd0ca309e576_fill_f101_jan2018","filename":"fill_f101_jan2018.py","lineno":22}
{"timestamp":"2026-05-10T14:45:22.553568Z","level":"error","event":"Task failed with exception","logger":"task","filename":"task_runner.py","lineno":1347,"error_detail":[{"exc_type":"UndefinedFunction","exc_value":"ОШИБКА:  оператор не существует: integer = text\nLINE 126: ...FT JOIN ledger_current AS lc ON lc.ledger_account = a.ledger...\n                                                               ^\nHINT:  Оператор с данными именем и типами аргументов не найден. Возможно, вам следует добавить явные приведения типов.\nQUERY:  INSERT INTO \"DM\".DM_F101_ROUND_F (\n        from_date,\n        to_date,\n        chapter,\n        ledger_account,\n        characteristic,\n        balance_in_rub,\n        balance_in_val,\n        balance_in_total,\n        turn_deb_rub,\n        turn_deb_val,\n        turn_deb_total,\n        turn_cre_rub,\n        turn_cre_val,\n        turn_cre_total,\n        balance_out_rub,\n        balance_out_val,\n        balance_out_total\n    )\n    WITH accounts AS (\n        SELECT DISTINCT\n            a.account_rk,\n            LEFT(a.account_number, 5) AS ledger_account,\n            a.char_type AS characteristic,\n            a.currency_code\n        FROM \"DS\".MD_ACCOUNT_D AS a\n        WHERE a.data_actual_date <= v_to_date\n          AND a.data_actual_end_date >= v_from_date\n    ),\n\n    ledger AS (\n        SELECT \n            ledger_account,\n            chapter,\n            MAX(start_date) as max_start_date\n        FROM \"DS\".MD_LEDGER_ACCOUNT_S\n        WHERE start_date <= v_to_date\n          AND (end_date IS NULL OR end_date >= v_from_date)\n        GROUP BY ledger_account, chapter\n    ),\n\t\n    ledger_current AS (\n        SELECT DISTINCT ON (l.ledger_account)\n            l.ledger_account,\n            l.chapter\n        FROM ledger AS l\n        ORDER BY l.ledger_account, l.max_start_date DESC\n    ),\n\n    balance_in AS (\n        SELECT \n            b.account_rk,\n            b.balance_out_rub\n        FROM \"DM\".DM_ACCOUNT_BALANCE_F AS b\n        WHERE b.on_date = v_prev_date\n    ),\n\n    balance_out AS (\n        SELECT \n            b.account_rk,\n            b.balance_out_rub\n        FROM \"DM\".DM_ACCOUNT_BALANCE_F AS b\n        WHERE b.on_date = v_to_date\n    ),\n\n    turnovers AS (\n        SELECT \n            t.account_rk,\n            SUM(COALESCE(t.debet_amount_rub, 0)) AS debet_amount_rub,\n            SUM(COALESCE(t.credit_amount_rub, 0)) AS credit_amount_rub\n        FROM \"DM\".DM_ACCOUNT_TURNOVER_F AS t\n        WHERE t.on_date BETWEEN v_from_date AND v_to_date\n        GROUP BY t.account_rk\n    )\n    SELECT \n        v_from_date AS from_date,\n        v_to_date AS to_date,\n        COALESCE(lc.chapter, '') AS chapter,\n        a.ledger_account,\n        MAX(a.characteristic) AS characteristic,\n        SUM(CASE \n            WHEN CAST(a.currency_code AS INTEGER) = ANY(v_rub_codes) \n            THEN COALESCE(bi.balance_out_rub, 0) \n            ELSE 0 \n        END) AS balance_in_rub,\n        SUM(CASE \n            WHEN CAST(a.currency_code AS INTEGER) != ALL(v_rub_codes) \n            THEN COALESCE(bi.balance_out_rub, 0) \n            ELSE 0 \n        END) AS balance_in_val,\n        SUM(COALESCE(bi.balance_out_rub, 0)) AS balance_in_total,\n        SUM(CASE \n            WHEN CAST(a.currency_code AS INTEGER) = ANY(v_rub_codes) \n            THEN COALESCE(t.debet_amount_rub, 0) \n            ELSE 0 \n        END) AS turn_deb_rub,\n        SUM(CASE \n            WHEN CAST(a.currency_code AS INTEGER) != ALL(v_rub_codes) \n            THEN COALESCE(t.debet_amount_rub, 0) \n            ELSE 0 \n        END) AS turn_deb_val,\n        SUM(COALESCE(t.debet_amount_rub, 0)) AS turn_deb_total,\n        SUM(CASE \n            WHEN CAST(a.currency_code AS INTEGER) = ANY(v_rub_codes) \n            THEN COALESCE(t.credit_amount_rub, 0) \n            ELSE 0 \n        END) AS turn_cre_rub,\n        SUM(CASE \n            WHEN CAST(a.currency_code AS INTEGER) != ALL(v_rub_codes) \n            THEN COALESCE(t.credit_amount_rub, 0) \n            ELSE 0 \n        END) AS turn_cre_val,\n        SUM(COALESCE(t.credit_amount_rub, 0)) AS turn_cre_total,\n        SUM(CASE \n            WHEN CAST(a.currency_code AS INTEGER) = ANY(v_rub_codes) \n            THEN COALESCE(bo.balance_out_rub, 0) \n            ELSE 0 \n        END) AS balance_out_rub,\n        SUM(CASE \n            WHEN CAST(a.currency_code AS INTEGER) != ALL(v_rub_codes) \n            THEN COALESCE(bo.balance_out_rub, 0) \n            ELSE 0 \n        END) AS balance_out_val,\n        SUM(COALESCE(bo.balance_out_rub, 0)) AS balance_out_total\n    FROM accounts AS a\n    LEFT JOIN ledger_current AS lc ON lc.ledger_account = a.ledger_account\n    LEFT JOIN balance_in AS bi ON bi.account_rk = a.account_rk\n    LEFT JOIN balance_out AS bo ON bo.account_rk = a.account_rk\n    LEFT JOIN turnovers AS t ON t.account_rk = a.account_rk\n    GROUP BY \n        a.ledger_account,\n        lc.chapter\nCONTEXT:  функция PL/pgSQL \"DM\".fill_f101_round_f(date), строка 25, оператор SQL-оператор\n","exc_notes":[],"syntax_error":null,"is_cause":false,"frames":[{"filename":"/home/airflow/.local/lib/python3.13/site-packages/airflow/sdk/execution_time/task_runner.py","lineno":1263,"name":"run"},{"filename":"/home/airflow/.local/lib/python3.13/site-packages/airflow/sdk/execution_time/task_runner.py","lineno":1678,"name":"_execute_task"},{"filename":"/home/airflow/.local/lib/python3.13/site-packages/airflow/sdk/bases/operator.py","lineno":443,"name":"wrapper"},{"filename":"/home/airflow/.local/lib/python3.13/site-packages/airflow/providers/standard/operators/python.py","lineno":227,"name":"execute"},{"filename":"/home/airflow/.local/lib/python3.13/site-packages/airflow/providers/standard/operators/python.py","lineno":250,"name":"execute_callable"},{"filename":"/home/airflow/.local/lib/python3.13/site-packages/airflow/sdk/execution_time/callback_runner.py","lineno":97,"name":"run"},{"filename":"/opt/airflow/dags/fill_f101_jan2018.py","lineno":18,"name":"fill_f101_for_date"},{"filename":"/home/airflow/.local/lib/python3.13/site-packages/airflow/providers/common/sql/hooks/sql.py","lineno":818,"name":"run"},{"filename":"/home/airflow/.local/lib/python3.13/site-packages/airflow/providers/common/sql/hooks/sql.py","lineno":869,"name":"_run_command"}],"is_group":false,"exceptions":[]}]}
{"timestamp":"2026-05-10T14:45:22.577147Z","level":"info","event":"Task instance in failure state","logger":"task.stdout"}
{"timestamp":"2026-05-10T14:45:22.577470Z","level":"info","event":"Task start","logger":"task.stdout"}
{"timestamp":"2026-05-10T14:45:22.577696Z","level":"info","event":"Task:<Task(PythonOperator): fill_f101_january_2018>","logger":"task.stdout"}
{"timestamp":"2026-05-10T14:45:22.577924Z","level":"info","event":"Failure caused by ОШИБКА:  оператор не существует: integer = text","logger":"task.stdout"}
{"timestamp":"2026-05-10T14:45:22.578170Z","level":"info","event":"LINE 126: ...FT JOIN ledger_current AS lc ON lc.ledger_account = a.ledger...","logger":"task.stdout"}
{"timestamp":"2026-05-10T14:45:22.578394Z","level":"info","event":"                                                               ^","logger":"task.stdout"}
{"timestamp":"2026-05-10T14:45:22.578580Z","level":"info","event":"HINT:  Оператор с данными именем и типами аргументов не найден. Возможно, вам следует добавить явные приведения типов.","logger":"task.stdout"}
{"timestamp":"2026-05-10T14:45:22.578751Z","level":"info","event":"QUERY:  INSERT INTO \"DM\".DM_F101_ROUND_F (","logger":"task.stdout"}
{"timestamp":"2026-05-10T14:45:22.578935Z","level":"info","event":"        from_date,","logger":"task.stdout"}
{"timestamp":"2026-05-10T14:45:22.579102Z","level":"info","event":"        to_date,","logger":"task.stdout"}
{"timestamp":"2026-05-10T14:45:22.579362Z","level":"info","event":"        chapter,","logger":"task.stdout"}
{"timestamp":"2026-05-10T14:45:22.579626Z","level":"info","event":"        ledger_account,","logger":"task.stdout"}
{"timestamp":"2026-05-10T14:45:22.579830Z","level":"info","event":"        characteristic,","logger":"task.stdout"}
{"timestamp":"2026-05-10T14:45:22.580030Z","level":"info","event":"        balance_in_rub,","logger":"task.stdout"}
{"timestamp":"2026-05-10T14:45:22.580227Z","level":"info","event":"        balance_in_val,","logger":"task.stdout"}
{"timestamp":"2026-05-10T14:45:22.580444Z","level":"info","event":"        balance_in_total,","logger":"task.stdout"}
{"timestamp":"2026-05-10T14:45:22.580711Z","level":"info","event":"        turn_deb_rub,","logger":"task.stdout"}
{"timestamp":"2026-05-10T14:45:22.580920Z","level":"info","event":"        turn_deb_val,","logger":"task.stdout"}
{"timestamp":"2026-05-10T14:45:22.581162Z","level":"info","event":"        turn_deb_total,","logger":"task.stdout"}
{"timestamp":"2026-05-10T14:45:22.581388Z","level":"info","event":"        turn_cre_rub,","logger":"task.stdout"}
{"timestamp":"2026-05-10T14:45:22.581621Z","level":"info","event":"        turn_cre_val,","logger":"task.stdout"}
{"timestamp":"2026-05-10T14:45:22.581839Z","level":"info","event":"        turn_cre_total,","logger":"task.stdout"}
{"timestamp":"2026-05-10T14:45:22.582080Z","level":"info","event":"        balance_out_rub,","logger":"task.stdout"}
{"timestamp":"2026-05-10T14:45:22.582307Z","level":"info","event":"        balance_out_val,","logger":"task.stdout"}
{"timestamp":"2026-05-10T14:45:22.582570Z","level":"info","event":"        balance_out_total","logger":"task.stdout"}
{"timestamp":"2026-05-10T14:45:22.582797Z","level":"info","event":"    )","logger":"task.stdout"}
{"timestamp":"2026-05-10T14:45:22.583026Z","level":"info","event":"    WITH accounts AS (","logger":"task.stdout"}
{"timestamp":"2026-05-10T14:45:22.583239Z","level":"info","event":"        SELECT DISTINCT","logger":"task.stdout"}
{"timestamp":"2026-05-10T14:45:22.583456Z","level":"info","event":"            a.account_rk,","logger":"task.stdout"}
{"timestamp":"2026-05-10T14:45:22.583664Z","level":"info","event":"            LEFT(a.account_number, 5) AS ledger_account,","logger":"task.stdout"}
{"timestamp":"2026-05-10T14:45:22.583848Z","level":"info","event":"            a.char_type AS characteristic,","logger":"task.stdout"}
{"timestamp":"2026-05-10T14:45:22.584048Z","level":"info","event":"            a.currency_code","logger":"task.stdout"}
{"timestamp":"2026-05-10T14:45:22.584242Z","level":"info","event":"        FROM \"DS\".MD_ACCOUNT_D AS a","logger":"task.stdout"}
{"timestamp":"2026-05-10T14:45:22.584421Z","level":"info","event":"        WHERE a.data_actual_date <= v_to_date","logger":"task.stdout"}
{"timestamp":"2026-05-10T14:45:22.584624Z","level":"info","event":"          AND a.data_actual_end_date >= v_from_date","logger":"task.stdout"}
{"timestamp":"2026-05-10T14:45:22.584909Z","level":"info","event":"    ),","logger":"task.stdout"}
{"timestamp":"2026-05-10T14:45:22.585092Z","level":"info","event":"","logger":"task.stdout"}
{"timestamp":"2026-05-10T14:45:22.585286Z","level":"info","event":"    ledger AS (","logger":"task.stdout"}
{"timestamp":"2026-05-10T14:45:22.585467Z","level":"info","event":"        SELECT","logger":"task.stdout"}
{"timestamp":"2026-05-10T14:45:22.585640Z","level":"info","event":"            ledger_account,","logger":"task.stdout"}
{"timestamp":"2026-05-10T14:45:22.585822Z","level":"info","event":"            chapter,","logger":"task.stdout"}
{"timestamp":"2026-05-10T14:45:22.586012Z","level":"info","event":"            MAX(start_date) as max_start_date","logger":"task.stdout"}
{"timestamp":"2026-05-10T14:45:22.586241Z","level":"info","event":"        FROM \"DS\".MD_LEDGER_ACCOUNT_S","logger":"task.stdout"}
{"timestamp":"2026-05-10T14:45:22.586495Z","level":"info","event":"        WHERE start_date <= v_to_date","logger":"task.stdout"}
{"timestamp":"2026-05-10T14:45:22.586709Z","level":"info","event":"          AND (end_date IS NULL OR end_date >= v_from_date)","logger":"task.stdout"}
{"timestamp":"2026-05-10T14:45:22.586927Z","level":"info","event":"        GROUP BY ledger_account, chapter","logger":"task.stdout"}
{"timestamp":"2026-05-10T14:45:22.587130Z","level":"info","event":"    ),","logger":"task.stdout"}
{"timestamp":"2026-05-10T14:45:22.587393Z","level":"info","event":"","logger":"task.stdout"}
{"timestamp":"2026-05-10T14:45:22.587610Z","level":"info","event":"    ledger_current AS (","logger":"task.stdout"}
{"timestamp":"2026-05-10T14:45:22.587806Z","level":"info","event":"        SELECT DISTINCT ON (l.ledger_account)","logger":"task.stdout"}
{"timestamp":"2026-05-10T14:45:22.588030Z","level":"info","event":"            l.ledger_account,","logger":"task.stdout"}
{"timestamp":"2026-05-10T14:45:22.588235Z","level":"info","event":"            l.chapter","logger":"task.stdout"}
{"timestamp":"2026-05-10T14:45:22.588449Z","level":"info","event":"        FROM ledger AS l","logger":"task.stdout"}
{"timestamp":"2026-05-10T14:45:22.588665Z","level":"info","event":"        ORDER BY l.ledger_account, l.max_start_date DESC","logger":"task.stdout"}
{"timestamp":"2026-05-10T14:45:22.588887Z","level":"info","event":"    ),","logger":"task.stdout"}
{"timestamp":"2026-05-10T14:45:22.589096Z","level":"info","event":"","logger":"task.stdout"}
{"timestamp":"2026-05-10T14:45:22.589296Z","level":"info","event":"    balance_in AS (","logger":"task.stdout"}
{"timestamp":"2026-05-10T14:45:22.589500Z","level":"info","event":"        SELECT","logger":"task.stdout"}
{"timestamp":"2026-05-10T14:45:22.589734Z","level":"info","event":"            b.account_rk,","logger":"task.stdout"}
{"timestamp":"2026-05-10T14:45:22.590049Z","level":"info","event":"            b.balance_out_rub","logger":"task.stdout"}
{"timestamp":"2026-05-10T14:45:22.590385Z","level":"info","event":"        FROM \"DM\".DM_ACCOUNT_BALANCE_F AS b","logger":"task.stdout"}
{"timestamp":"2026-05-10T14:45:22.590596Z","level":"info","event":"        WHERE b.on_date = v_prev_date","logger":"task.stdout"}
{"timestamp":"2026-05-10T14:45:22.590838Z","level":"info","event":"    ),","logger":"task.stdout"}
{"timestamp":"2026-05-10T14:45:22.591062Z","level":"info","event":"","logger":"task.stdout"}
{"timestamp":"2026-05-10T14:45:22.591284Z","level":"info","event":"    balance_out AS (","logger":"task.stdout"}
{"timestamp":"2026-05-10T14:45:22.591548Z","level":"info","event":"        SELECT","logger":"task.stdout"}
{"timestamp":"2026-05-10T14:45:22.591764Z","level":"info","event":"            b.account_rk,","logger":"task.stdout"}
{"timestamp":"2026-05-10T14:45:22.592017Z","level":"info","event":"            b.balance_out_rub","logger":"task.stdout"}
{"timestamp":"2026-05-10T14:45:22.592234Z","level":"info","event":"        FROM \"DM\".DM_ACCOUNT_BALANCE_F AS b","logger":"task.stdout"}
{"timestamp":"2026-05-10T14:45:22.592461Z","level":"info","event":"        WHERE b.on_date = v_to_date","logger":"task.stdout"}
{"timestamp":"2026-05-10T14:45:22.592670Z","level":"info","event":"    ),","logger":"task.stdout"}
{"timestamp":"2026-05-10T14:45:22.592882Z","level":"info","event":"","logger":"task.stdout"}
{"timestamp":"2026-05-10T14:45:22.593117Z","level":"info","event":"    turnovers AS (","logger":"task.stdout"}
{"timestamp":"2026-05-10T14:45:22.593348Z","level":"info","event":"        SELECT","logger":"task.stdout"}
{"timestamp":"2026-05-10T14:45:22.593553Z","level":"info","event":"            t.account_rk,","logger":"task.stdout"}
{"timestamp":"2026-05-10T14:45:22.593757Z","level":"info","event":"            SUM(COALESCE(t.debet_amount_rub, 0)) AS debet_amount_rub,","logger":"task.stdout"}
{"timestamp":"2026-05-10T14:45:22.593983Z","level":"info","event":"            SUM(COALESCE(t.credit_amount_rub, 0)) AS credit_amount_rub","logger":"task.stdout"}
{"timestamp":"2026-05-10T14:45:22.594199Z","level":"info","event":"        FROM \"DM\".DM_ACCOUNT_TURNOVER_F AS t","logger":"task.stdout"}
{"timestamp":"2026-05-10T14:45:22.594418Z","level":"info","event":"        WHERE t.on_date BETWEEN v_from_date AND v_to_date","logger":"task.stdout"}
{"timestamp":"2026-05-10T14:45:22.594642Z","level":"info","event":"        GROUP BY t.account_rk","logger":"task.stdout"}
{"timestamp":"2026-05-10T14:45:22.594848Z","level":"info","event":"    )","logger":"task.stdout"}
{"timestamp":"2026-05-10T14:45:22.595051Z","level":"info","event":"    SELECT","logger":"task.stdout"}
{"timestamp":"2026-05-10T14:45:22.595267Z","level":"info","event":"        v_from_date AS from_date,","logger":"task.stdout"}
{"timestamp":"2026-05-10T14:45:22.595523Z","level":"info","event":"        v_to_date AS to_date,","logger":"task.stdout"}
{"timestamp":"2026-05-10T14:45:22.595771Z","level":"info","event":"        COALESCE(lc.chapter, '') AS chapter,","logger":"task.stdout"}
{"timestamp":"2026-05-10T14:45:22.596027Z","level":"info","event":"        a.ledger_account,","logger":"task.stdout"}
{"timestamp":"2026-05-10T14:45:22.596229Z","level":"info","event":"        MAX(a.characteristic) AS characteristic,","logger":"task.stdout"}
{"timestamp":"2026-05-10T14:45:22.596442Z","level":"info","event":"        SUM(CASE","logger":"task.stdout"}
{"timestamp":"2026-05-10T14:45:22.596639Z","level":"info","event":"            WHEN CAST(a.currency_code AS INTEGER) = ANY(v_rub_codes)","logger":"task.stdout"}
{"timestamp":"2026-05-10T14:45:22.596844Z","level":"info","event":"            THEN COALESCE(bi.balance_out_rub, 0)","logger":"task.stdout"}
{"timestamp":"2026-05-10T14:45:22.597087Z","level":"info","event":"            ELSE 0","logger":"task.stdout"}
{"timestamp":"2026-05-10T14:45:22.597289Z","level":"info","event":"        END) AS balance_in_rub,","logger":"task.stdout"}
{"timestamp":"2026-05-10T14:45:22.597514Z","level":"info","event":"        SUM(CASE","logger":"task.stdout"}
{"timestamp":"2026-05-10T14:45:22.597828Z","level":"info","event":"            WHEN CAST(a.currency_code AS INTEGER) != ALL(v_rub_codes)","logger":"task.stdout"}
{"timestamp":"2026-05-10T14:45:22.598086Z","level":"info","event":"            THEN COALESCE(bi.balance_out_rub, 0)","logger":"task.stdout"}
{"timestamp":"2026-05-10T14:45:22.598309Z","level":"info","event":"            ELSE 0","logger":"task.stdout"}
{"timestamp":"2026-05-10T14:45:22.598566Z","level":"info","event":"        END) AS balance_in_val,","logger":"task.stdout"}
{"timestamp":"2026-05-10T14:45:22.598790Z","level":"info","event":"        SUM(COALESCE(bi.balance_out_rub, 0)) AS balance_in_total,","logger":"task.stdout"}
{"timestamp":"2026-05-10T14:45:22.599042Z","level":"info","event":"        SUM(CASE","logger":"task.stdout"}
{"timestamp":"2026-05-10T14:45:22.599265Z","level":"info","event":"            WHEN CAST(a.currency_code AS INTEGER) = ANY(v_rub_codes)","logger":"task.stdout"}
{"timestamp":"2026-05-10T14:45:22.599529Z","level":"info","event":"            THEN COALESCE(t.debet_amount_rub, 0)","logger":"task.stdout"}
{"timestamp":"2026-05-10T14:45:22.599755Z","level":"info","event":"            ELSE 0","logger":"task.stdout"}
{"timestamp":"2026-05-10T14:45:22.600005Z","level":"info","event":"        END) AS turn_deb_rub,","logger":"task.stdout"}
{"timestamp":"2026-05-10T14:45:22.600217Z","level":"info","event":"        SUM(CASE","logger":"task.stdout"}
{"timestamp":"2026-05-10T14:45:22.600431Z","level":"info","event":"            WHEN CAST(a.currency_code AS INTEGER) != ALL(v_rub_codes)","logger":"task.stdout"}
{"timestamp":"2026-05-10T14:45:22.600651Z","level":"info","event":"            THEN COALESCE(t.debet_amount_rub, 0)","logger":"task.stdout"}
{"timestamp":"2026-05-10T14:45:22.600869Z","level":"info","event":"            ELSE 0","logger":"task.stdout"}
{"timestamp":"2026-05-10T14:45:22.601098Z","level":"info","event":"        END) AS turn_deb_val,","logger":"task.stdout"}
{"timestamp":"2026-05-10T14:45:22.601320Z","level":"info","event":"        SUM(COALESCE(t.debet_amount_rub, 0)) AS turn_deb_total,","logger":"task.stdout"}
{"timestamp":"2026-05-10T14:45:22.601573Z","level":"info","event":"        SUM(CASE","logger":"task.stdout"}
{"timestamp":"2026-05-10T14:45:22.601794Z","level":"info","event":"            WHEN CAST(a.currency_code AS INTEGER) = ANY(v_rub_codes)","logger":"task.stdout"}
{"timestamp":"2026-05-10T14:45:22.601987Z","level":"info","event":"            THEN COALESCE(t.credit_amount_rub, 0)","logger":"task.stdout"}
{"timestamp":"2026-05-10T14:45:22.602171Z","level":"info","event":"            ELSE 0","logger":"task.stdout"}
{"timestamp":"2026-05-10T14:45:22.602337Z","level":"info","event":"        END) AS turn_cre_rub,","logger":"task.stdout"}
{"timestamp":"2026-05-10T14:45:22.602527Z","level":"info","event":"        SUM(CASE","logger":"task.stdout"}
{"timestamp":"2026-05-10T14:45:22.602764Z","level":"info","event":"            WHEN CAST(a.currency_code AS INTEGER) != ALL(v_rub_codes)","logger":"task.stdout"}
{"timestamp":"2026-05-10T14:45:22.602978Z","level":"info","event":"            THEN COALESCE(t.credit_amount_rub, 0)","logger":"task.stdout"}
{"timestamp":"2026-05-10T14:45:22.603151Z","level":"info","event":"            ELSE 0","logger":"task.stdout"}
{"timestamp":"2026-05-10T14:45:22.603315Z","level":"info","event":"        END) AS turn_cre_val,","logger":"task.stdout"}
{"timestamp":"2026-05-10T14:45:22.603564Z","level":"info","event":"        SUM(COALESCE(t.credit_amount_rub, 0)) AS turn_cre_total,","logger":"task.stdout"}
{"timestamp":"2026-05-10T14:45:22.603824Z","level":"info","event":"        SUM(CASE","logger":"task.stdout"}
{"timestamp":"2026-05-10T14:45:22.604189Z","level":"info","event":"            WHEN CAST(a.currency_code AS INTEGER) = ANY(v_rub_codes)","logger":"task.stdout"}
{"timestamp":"2026-05-10T14:45:22.604433Z","level":"info","event":"            THEN COALESCE(bo.balance_out_rub, 0)","logger":"task.stdout"}
{"timestamp":"2026-05-10T14:45:22.604662Z","level":"info","event":"            ELSE 0","logger":"task.stdout"}
{"timestamp":"2026-05-10T14:45:22.604888Z","level":"info","event":"        END) AS balance_out_rub,","logger":"task.stdout"}
{"timestamp":"2026-05-10T14:45:22.605096Z","level":"info","event":"        SUM(CASE","logger":"task.stdout"}
{"timestamp":"2026-05-10T14:45:22.605293Z","level":"info","event":"            WHEN CAST(a.currency_code AS INTEGER) != ALL(v_rub_codes)","logger":"task.stdout"}
{"timestamp":"2026-05-10T14:45:22.605503Z","level":"info","event":"            THEN COALESCE(bo.balance_out_rub, 0)","logger":"task.stdout"}
{"timestamp":"2026-05-10T14:45:22.605739Z","level":"info","event":"            ELSE 0","logger":"task.stdout"}
{"timestamp":"2026-05-10T14:45:22.605985Z","level":"info","event":"        END) AS balance_out_val,","logger":"task.stdout"}
{"timestamp":"2026-05-10T14:45:22.606201Z","level":"info","event":"        SUM(COALESCE(bo.balance_out_rub, 0)) AS balance_out_total","logger":"task.stdout"}
{"timestamp":"2026-05-10T14:45:22.606385Z","level":"info","event":"    FROM accounts AS a","logger":"task.stdout"}
{"timestamp":"2026-05-10T14:45:22.606567Z","level":"info","event":"    LEFT JOIN ledger_current AS lc ON lc.ledger_account = a.ledger_account","logger":"task.stdout"}
{"timestamp":"2026-05-10T14:45:22.606776Z","level":"info","event":"    LEFT JOIN balance_in AS bi ON bi.account_rk = a.account_rk","logger":"task.stdout"}
{"timestamp":"2026-05-10T14:45:22.607153Z","level":"info","event":"    LEFT JOIN balance_out AS bo ON bo.account_rk = a.account_rk","logger":"task.stdout"}
{"timestamp":"2026-05-10T14:45:22.607414Z","level":"info","event":"    LEFT JOIN turnovers AS t ON t.account_rk = a.account_rk","logger":"task.stdout"}
{"timestamp":"2026-05-10T14:45:22.607644Z","level":"info","event":"    GROUP BY","logger":"task.stdout"}
{"timestamp":"2026-05-10T14:45:22.607862Z","level":"info","event":"        a.ledger_account,","logger":"task.stdout"}
{"timestamp":"2026-05-10T14:45:22.608078Z","level":"info","event":"        lc.chapter","logger":"task.stdout"}
{"timestamp":"2026-05-10T14:45:22.608291Z","level":"info","event":"CONTEXT:  функция PL/pgSQL \"DM\".fill_f101_round_f(date), строка 25, оператор SQL-оператор","logger":"task.stdout"}
{"timestamp":"2026-05-10T14:45:22.608546Z","level":"info","event":"","logger":"task.stdout"}
