{"timestamp":"2026-05-10T14:50:23.752968Z","level":"info","event":"DAG bundles loaded: dags-folder, example_dags","logger":"airflow.dag_processing.bundles.manager.DagBundlesManager","filename":"manager.py","lineno":209}
{"timestamp":"2026-05-10T14:50:23.754541Z","level":"info","event":"Filling up the DagBag from /opt/airflow/dags/fill_f101_jan2018.py","logger":"airflow.dag_processing.dagbag.BundleDagBag","filename":"dagbag.py","lineno":469}
{"timestamp":"2026-05-10T14:50:23.805727Z","level":"info","event":"Task instance is in running state","logger":"task.stdout"}
{"timestamp":"2026-05-10T14:50:23.806292Z","level":"info","event":" Previous state of the Task instance: TaskInstanceState.QUEUED","logger":"task.stdout"}
{"timestamp":"2026-05-10T14:50:23.806558Z","level":"info","event":"Current task name:fill_f101_january_2018","logger":"task.stdout"}
{"timestamp":"2026-05-10T14:50:23.806855Z","level":"info","event":"Dag name:fill_f101_jan2018","logger":"task.stdout"}
{"timestamp":"2026-05-10T14:50:23.867541Z","level":"info","event":"Running statement: CALL \"DM\".fill_f101_round_f(DATE '2018-02-01');, parameters: None","logger":"airflow.task.hooks.airflow.providers.postgres.hooks.postgres.PostgresHook","filename":"sql.py","lineno":861}
{"timestamp":"2026-05-10T14:50:23.873851Z","level":"error","event":"Ошибка при заполнении: ОШИБКА:  отношение \"DM.DM_F101_ROUND_F\" не существует\nLINE 1: DELETE FROM \"DM\".\"DM_F101_ROUND_F\"\n                    ^\nQUERY:  DELETE FROM \"DM\".\"DM_F101_ROUND_F\"\n    WHERE from_date = v_from_date \n      AND to_date = v_to_date\nCONTEXT:  функция PL/pgSQL \"DM\".fill_f101_round_f(date), строка 21, оператор SQL-оператор\n","logger":"unusual_prefix_dc7352fdc1470d8624cfbfd2a4dbcd0ca309e576_fill_f101_jan2018","filename":"fill_f101_jan2018.py","lineno":22}
{"timestamp":"2026-05-10T14:50:23.874095Z","level":"error","event":"Task failed with exception","logger":"task","filename":"task_runner.py","lineno":1347,"error_detail":[{"exc_type":"UndefinedTable","exc_value":"ОШИБКА:  отношение \"DM.DM_F101_ROUND_F\" не существует\nLINE 1: DELETE FROM \"DM\".\"DM_F101_ROUND_F\"\n                    ^\nQUERY:  DELETE FROM \"DM\".\"DM_F101_ROUND_F\"\n    WHERE from_date = v_from_date \n      AND to_date = v_to_date\nCONTEXT:  функция PL/pgSQL \"DM\".fill_f101_round_f(date), строка 21, оператор SQL-оператор\n","exc_notes":[],"syntax_error":null,"is_cause":false,"frames":[{"filename":"/home/airflow/.local/lib/python3.13/site-packages/airflow/sdk/execution_time/task_runner.py","lineno":1263,"name":"run"},{"filename":"/home/airflow/.local/lib/python3.13/site-packages/airflow/sdk/execution_time/task_runner.py","lineno":1678,"name":"_execute_task"},{"filename":"/home/airflow/.local/lib/python3.13/site-packages/airflow/sdk/bases/operator.py","lineno":443,"name":"wrapper"},{"filename":"/home/airflow/.local/lib/python3.13/site-packages/airflow/providers/standard/operators/python.py","lineno":227,"name":"execute"},{"filename":"/home/airflow/.local/lib/python3.13/site-packages/airflow/providers/standard/operators/python.py","lineno":250,"name":"execute_callable"},{"filename":"/home/airflow/.local/lib/python3.13/site-packages/airflow/sdk/execution_time/callback_runner.py","lineno":97,"name":"run"},{"filename":"/opt/airflow/dags/fill_f101_jan2018.py","lineno":18,"name":"fill_f101_for_date"},{"filename":"/home/airflow/.local/lib/python3.13/site-packages/airflow/providers/common/sql/hooks/sql.py","lineno":818,"name":"run"},{"filename":"/home/airflow/.local/lib/python3.13/site-packages/airflow/providers/common/sql/hooks/sql.py","lineno":869,"name":"_run_command"}],"is_group":false,"exceptions":[]}]}
{"timestamp":"2026-05-10T14:50:23.875139Z","level":"info","event":"Task instance in failure state","logger":"task.stdout"}
{"timestamp":"2026-05-10T14:50:23.875444Z","level":"info","event":"Task start","logger":"task.stdout"}
{"timestamp":"2026-05-10T14:50:23.875689Z","level":"info","event":"Task:<Task(PythonOperator): fill_f101_january_2018>","logger":"task.stdout"}
{"timestamp":"2026-05-10T14:50:23.875970Z","level":"info","event":"Failure caused by ОШИБКА:  отношение \"DM.DM_F101_ROUND_F\" не существует","logger":"task.stdout"}
{"timestamp":"2026-05-10T14:50:23.876277Z","level":"info","event":"LINE 1: DELETE FROM \"DM\".\"DM_F101_ROUND_F\"","logger":"task.stdout"}
{"timestamp":"2026-05-10T14:50:23.876575Z","level":"info","event":"                    ^","logger":"task.stdout"}
{"timestamp":"2026-05-10T14:50:23.876901Z","level":"info","event":"QUERY:  DELETE FROM \"DM\".\"DM_F101_ROUND_F\"","logger":"task.stdout"}
{"timestamp":"2026-05-10T14:50:23.877217Z","level":"info","event":"    WHERE from_date = v_from_date","logger":"task.stdout"}
{"timestamp":"2026-05-10T14:50:23.877450Z","level":"info","event":"      AND to_date = v_to_date","logger":"task.stdout"}
{"timestamp":"2026-05-10T14:50:23.877704Z","level":"info","event":"CONTEXT:  функция PL/pgSQL \"DM\".fill_f101_round_f(date), строка 21, оператор SQL-оператор","logger":"task.stdout"}
{"timestamp":"2026-05-10T14:50:23.877911Z","level":"info","event":"","logger":"task.stdout"}
