{"timestamp":"2026-05-11T09:55:13.314462Z","level":"info","event":"DAG bundles loaded: dags-folder, example_dags","logger":"airflow.dag_processing.bundles.manager.DagBundlesManager","filename":"manager.py","lineno":209}
{"timestamp":"2026-05-11T09:55:13.319500Z","level":"info","event":"Filling up the DagBag from /opt/airflow/dags/insert_data.py","logger":"airflow.dag_processing.dagbag.BundleDagBag","filename":"dagbag.py","lineno":469}
{"timestamp":"2026-05-11T09:55:13.392130Z","level":"info","event":"Task instance is in running state","logger":"task.stdout"}
{"timestamp":"2026-05-11T09:55:13.392660Z","level":"info","event":" Previous state of the Task instance: TaskInstanceState.QUEUED","logger":"task.stdout"}
{"timestamp":"2026-05-11T09:55:13.394081Z","level":"info","event":"Current task name:ft_balance_f","logger":"task.stdout"}
{"timestamp":"2026-05-11T09:55:13.394378Z","level":"info","event":"Dag name:insert_data","logger":"task.stdout"}
{"timestamp":"2026-05-11T09:55:13.396566Z","level":"error","event":"========== ФУНКЦИЯ ВЫЗВАНА ДЛЯ: ft_balance_f ==========","logger":"task.stderr"}
{"timestamp":"2026-05-11T09:55:13.483241Z","level":"info","event":"Running statement: \n        INSERT INTO \"LOGS\".LOGS (procedure_name, start_time, message)\n        VALUES ('insert_data.ft_balance_f', '2026-05-11 09:55:13.411407', 'Начало загрузки таблицы ft_balance_f');\n    , parameters: None","logger":"airflow.task.hooks.airflow.providers.postgres.hooks.postgres.PostgresHook","filename":"sql.py","lineno":861}
{"timestamp":"2026-05-11T09:55:14.101250Z","level":"info","event":"Rows affected: 1","logger":"airflow.task.hooks.airflow.providers.postgres.hooks.postgres.PostgresHook","filename":"sql.py","lineno":879}
{"timestamp":"2026-05-11T09:55:14.103877Z","level":"info","event":"Начинаю загрузку файла: /opt/airflow/files/ft_balance_f.csv","logger":"unusual_prefix_4656ebc6d97aeaad115f29b22e867693223e54e7_insert_data","filename":"insert_data.py","lineno":34}
{"timestamp":"2026-05-11T09:55:14.111410Z","level":"info","event":"Файл ft_balance_f прочитан с кодировкой: utf-8","logger":"unusual_prefix_4656ebc6d97aeaad115f29b22e867693223e54e7_insert_data","filename":"insert_data.py","lineno":44}
{"timestamp":"2026-05-11T09:55:14.111747Z","level":"info","event":"Колонки ft_balance_f: ['on_date', 'account_rk', 'currency_rk', 'balance_out']","logger":"unusual_prefix_4656ebc6d97aeaad115f29b22e867693223e54e7_insert_data","filename":"insert_data.py","lineno":54}
{"timestamp":"2026-05-11T09:55:14.111850Z","level":"info","event":"Загружено строк: 114","logger":"unusual_prefix_4656ebc6d97aeaad115f29b22e867693223e54e7_insert_data","filename":"insert_data.py","lineno":55}
{"timestamp":"2026-05-11T09:55:14.205047Z","level":"info","event":"Таблица \"DS\".ft_balance_f очищена","logger":"unusual_prefix_4656ebc6d97aeaad115f29b22e867693223e54e7_insert_data","filename":"insert_data.py","lineno":74}
{"timestamp":"2026-05-11T09:55:14.314083Z","level":"info","event":"Running statement: \n            INSERT INTO \"LOGS\".LOGS (procedure_name, start_time, end_time, message)\n            VALUES ('insert_data.ft_balance_f', '2026-05-11 09:55:13.411407', '2026-05-11 09:55:14.233752', \n                    'Успешно загружено 114 строк');\n        , parameters: None","logger":"airflow.task.hooks.airflow.providers.postgres.hooks.postgres.PostgresHook","filename":"sql.py","lineno":861}
{"timestamp":"2026-05-11T09:55:14.317272Z","level":"info","event":"Rows affected: 1","logger":"airflow.task.hooks.airflow.providers.postgres.hooks.postgres.PostgresHook","filename":"sql.py","lineno":879}
{"timestamp":"2026-05-11T09:55:14.319198Z","level":"info","event":"Данные успешно вставлены в ft_balance_f: 114 строк за 0.82 сек","logger":"unusual_prefix_4656ebc6d97aeaad115f29b22e867693223e54e7_insert_data","filename":"insert_data.py","lineno":93}
{"timestamp":"2026-05-11T09:55:14.319863Z","level":"info","event":"Done. Returned value was: None","logger":"airflow.task.operators.airflow.providers.standard.operators.python.PythonOperator","filename":"python.py","lineno":229}
{"timestamp":"2026-05-11T09:55:14.346682Z","level":"info","event":"Task instance in success state","logger":"task.stdout"}
{"timestamp":"2026-05-11T09:55:14.347233Z","level":"info","event":" Previous state of the Task instance: TaskInstanceState.RUNNING","logger":"task.stdout"}
{"timestamp":"2026-05-11T09:55:14.347738Z","level":"info","event":"Task operator:<Task(PythonOperator): ft_balance_f>","logger":"task.stdout"}
