{"timestamp":"2026-05-11T10:39:18.610479Z","level":"info","event":"DAG bundles loaded: dags-folder, example_dags","logger":"airflow.dag_processing.bundles.manager.DagBundlesManager","filename":"manager.py","lineno":209}
{"timestamp":"2026-05-11T10:39:18.615659Z","level":"info","event":"Filling up the DagBag from /opt/airflow/dags/insert_data.py","logger":"airflow.dag_processing.dagbag.BundleDagBag","filename":"dagbag.py","lineno":469}
{"timestamp":"2026-05-11T10:39:18.772525Z","level":"info","event":"Task instance is in running state","logger":"task.stdout"}
{"timestamp":"2026-05-11T10:39:18.774504Z","level":"info","event":" Previous state of the Task instance: TaskInstanceState.QUEUED","logger":"task.stdout"}
{"timestamp":"2026-05-11T10:39:18.775312Z","level":"info","event":"Current task name:md_currency_d","logger":"task.stdout"}
{"timestamp":"2026-05-11T10:39:18.777108Z","level":"info","event":"Dag name:insert_data","logger":"task.stdout"}
{"timestamp":"2026-05-11T10:39:18.779386Z","level":"error","event":"========== ФУНКЦИЯ ВЫЗВАНА ДЛЯ: md_currency_d ==========","logger":"task.stderr"}
{"timestamp":"2026-05-11T10:39:18.941469Z","level":"info","event":"Running statement: \n        INSERT INTO \"LOGS\".LOGS (procedure_name, start_time, message)\n        VALUES ('insert_data.md_currency_d', '2026-05-11 13:39:18', 'Начало загрузки таблицы md_currency_d');\n    , parameters: None","logger":"airflow.task.hooks.airflow.providers.postgres.hooks.postgres.PostgresHook","filename":"sql.py","lineno":861}
{"timestamp":"2026-05-11T10:39:19.634384Z","level":"info","event":"Rows affected: 1","logger":"airflow.task.hooks.airflow.providers.postgres.hooks.postgres.PostgresHook","filename":"sql.py","lineno":879}
{"timestamp":"2026-05-11T10:39:19.636907Z","level":"info","event":"Начинаю загрузку файла: /opt/airflow/files/md_currency_d.csv","logger":"unusual_prefix_4656ebc6d97aeaad115f29b22e867693223e54e7_insert_data","filename":"insert_data.py","lineno":35}
{"timestamp":"2026-05-11T10:39:19.656356Z","level":"info","event":"Файл md_currency_d прочитан с кодировкой: iso-8859-1","logger":"unusual_prefix_4656ebc6d97aeaad115f29b22e867693223e54e7_insert_data","filename":"insert_data.py","lineno":45}
{"timestamp":"2026-05-11T10:39:19.656697Z","level":"info","event":"Колонки md_currency_d: ['currency_rk', 'data_actual_date', 'data_actual_end_date', 'currency_code', 'code_iso_char']","logger":"unusual_prefix_4656ebc6d97aeaad115f29b22e867693223e54e7_insert_data","filename":"insert_data.py","lineno":55}
{"timestamp":"2026-05-11T10:39:19.656814Z","level":"info","event":"Загружено строк: 50","logger":"unusual_prefix_4656ebc6d97aeaad115f29b22e867693223e54e7_insert_data","filename":"insert_data.py","lineno":56}
{"timestamp":"2026-05-11T10:39:19.767223Z","level":"info","event":"Таблица \"DS\".md_currency_d очищена","logger":"unusual_prefix_4656ebc6d97aeaad115f29b22e867693223e54e7_insert_data","filename":"insert_data.py","lineno":75}
{"timestamp":"2026-05-11T10:39:19.874115Z","level":"info","event":"Running statement: \n            INSERT INTO \"LOGS\".LOGS (procedure_name, start_time, end_time, message)\n            VALUES ('insert_data.md_currency_d', '2026-05-11 13:39:18', '2026-05-11 13:39:19', \n                    'Успешно загружено 50 строк');\n        , parameters: None","logger":"airflow.task.hooks.airflow.providers.postgres.hooks.postgres.PostgresHook","filename":"sql.py","lineno":861}
{"timestamp":"2026-05-11T10:39:19.876906Z","level":"info","event":"Rows affected: 1","logger":"airflow.task.hooks.airflow.providers.postgres.hooks.postgres.PostgresHook","filename":"sql.py","lineno":879}
{"timestamp":"2026-05-11T10:39:19.975201Z","level":"info","event":"Running statement: \n            INSERT INTO \"LOGS\".LOGS (procedure_name, start_time, end_time, message)\n            VALUES ('insert_data.md_currency_d', '2026-05-11 13:39:18', '2026-05-11 13:39:19', \n                    'ОШИБКА: unsupported operand type(s) for -: ''str'' and ''str''');\n        , parameters: None","logger":"airflow.task.hooks.airflow.providers.postgres.hooks.postgres.PostgresHook","filename":"sql.py","lineno":861}
{"timestamp":"2026-05-11T10:39:19.987697Z","level":"info","event":"Rows affected: 1","logger":"airflow.task.hooks.airflow.providers.postgres.hooks.postgres.PostgresHook","filename":"sql.py","lineno":879}
{"timestamp":"2026-05-11T10:39:19.990686Z","level":"error","event":"ОШИБКА в md_currency_d: unsupported operand type(s) for -: 'str' and 'str'","logger":"unusual_prefix_4656ebc6d97aeaad115f29b22e867693223e54e7_insert_data","filename":"insert_data.py","lineno":107}
{"timestamp":"2026-05-11T10:39:20.009437Z","level":"error","event":"Traceback (most recent call last):\n  File \"/opt/airflow/dags/insert_data.py\", line 95, in insert_data\n    f\"Данные успешно вставлены в {table_name}: {row_count} строк за {(end_time - start_time).total_seconds():.2f} сек\")\n                                                                      ~~~~~~~~~^~~~~~~~~~~~\nTypeError: unsupported operand type(s) for -: 'str' and 'str'\n","logger":"unusual_prefix_4656ebc6d97aeaad115f29b22e867693223e54e7_insert_data","filename":"insert_data.py","lineno":108}
{"timestamp":"2026-05-11T10:39:20.009711Z","level":"error","event":"Task failed with exception","logger":"task","filename":"task_runner.py","lineno":1347,"error_detail":[{"exc_type":"TypeError","exc_value":"unsupported operand type(s) for -: 'str' and 'str'","exc_notes":[],"syntax_error":null,"is_cause":false,"frames":[{"filename":"/home/airflow/.local/lib/python3.13/site-packages/airflow/sdk/execution_time/task_runner.py","lineno":1263,"name":"run"},{"filename":"/home/airflow/.local/lib/python3.13/site-packages/airflow/sdk/execution_time/task_runner.py","lineno":1678,"name":"_execute_task"},{"filename":"/home/airflow/.local/lib/python3.13/site-packages/airflow/sdk/bases/operator.py","lineno":443,"name":"wrapper"},{"filename":"/home/airflow/.local/lib/python3.13/site-packages/airflow/providers/standard/operators/python.py","lineno":227,"name":"execute"},{"filename":"/home/airflow/.local/lib/python3.13/site-packages/airflow/providers/standard/operators/python.py","lineno":250,"name":"execute_callable"},{"filename":"/home/airflow/.local/lib/python3.13/site-packages/airflow/sdk/execution_time/callback_runner.py","lineno":97,"name":"run"},{"filename":"/opt/airflow/dags/insert_data.py","lineno":95,"name":"insert_data"}],"is_group":false,"exceptions":[]}]}
{"timestamp":"2026-05-11T10:39:20.066222Z","level":"info","event":"Task instance in failure state","logger":"task.stdout"}
{"timestamp":"2026-05-11T10:39:20.066859Z","level":"info","event":"Task start","logger":"task.stdout"}
{"timestamp":"2026-05-11T10:39:20.075848Z","level":"info","event":"Task:<Task(PythonOperator): md_currency_d>","logger":"task.stdout"}
{"timestamp":"2026-05-11T10:39:20.076600Z","level":"info","event":"Failure caused by unsupported operand type(s) for -: 'str' and 'str'","logger":"task.stdout"}
