{"timestamp":"2026-05-03T22:35:25.286730Z","level":"info","event":"DAG bundles loaded: dags-folder, example_dags","logger":"airflow.dag_processing.bundles.manager.DagBundlesManager","filename":"manager.py","lineno":209}
{"timestamp":"2026-05-03T22:35:25.293782Z","level":"info","event":"Filling up the DagBag from /opt/airflow/dags/insert_data.py","logger":"airflow.dag_processing.dagbag.BundleDagBag","filename":"dagbag.py","lineno":469}
{"timestamp":"2026-05-03T22:35:25.527943Z","level":"info","event":"Task instance is in running state","logger":"task.stdout"}
{"timestamp":"2026-05-03T22:35:25.533384Z","level":"info","event":" Previous state of the Task instance: TaskInstanceState.QUEUED","logger":"task.stdout"}
{"timestamp":"2026-05-03T22:35:25.536584Z","level":"info","event":"Current task name:md_exchange_rate","logger":"task.stdout"}
{"timestamp":"2026-05-03T22:35:25.537413Z","level":"info","event":"Dag name:insert_data","logger":"task.stdout"}
{"timestamp":"2026-05-03T22:35:25.538616Z","level":"error","event":"========== ФУНКЦИЯ ВЫЗВАНА ДЛЯ: md_exchange_rate ==========","logger":"task.stderr"}
{"timestamp":"2026-05-03T22:35:25.534190Z","level":"info","event":"Начинаю загрузку файла: /opt/airflow/files/md_exchange_rate.csv","logger":"unusual_prefix_4656ebc6d97aeaad115f29b22e867693223e54e7_insert_data","filename":"insert_data.py","lineno":25}
{"timestamp":"2026-05-03T22:35:25.536801Z","level":"error","event":"Файл не найден: /opt/airflow/files/md_exchange_rate.csv","logger":"unusual_prefix_4656ebc6d97aeaad115f29b22e867693223e54e7_insert_data","filename":"insert_data.py","lineno":30}
{"timestamp":"2026-05-03T22:35:25.537152Z","level":"error","event":"Текущая директория: /opt/airflow","logger":"unusual_prefix_4656ebc6d97aeaad115f29b22e867693223e54e7_insert_data","filename":"insert_data.py","lineno":31}
{"timestamp":"2026-05-03T22:35:25.537477Z","level":"error","event":"Содержимое /opt/airflow: ['dags', 'logs', 'config', 'plugins', 'files']","logger":"unusual_prefix_4656ebc6d97aeaad115f29b22e867693223e54e7_insert_data","filename":"insert_data.py","lineno":32}
{"timestamp":"2026-05-03T22:35:25.537586Z","level":"error","event":"❌ ОШИБКА в md_exchange_rate: Файл не найден: /opt/airflow/files/md_exchange_rate.csv","logger":"unusual_prefix_4656ebc6d97aeaad115f29b22e867693223e54e7_insert_data","filename":"insert_data.py","lineno":72}
{"timestamp":"2026-05-03T22:35:25.558317Z","level":"error","event":"Traceback (most recent call last):\n  File \"/opt/airflow/dags/insert_data.py\", line 33, in insert_data\n    raise FileNotFoundError(error_msg)\nFileNotFoundError: Файл не найден: /opt/airflow/files/md_exchange_rate.csv\n","logger":"unusual_prefix_4656ebc6d97aeaad115f29b22e867693223e54e7_insert_data","filename":"insert_data.py","lineno":73}
{"timestamp":"2026-05-03T22:35:25.559878Z","level":"error","event":"❌ ОШИБКА в md_exchange_rate: Файл не найден: /opt/airflow/files/md_exchange_rate.csv","logger":"task.stderr"}
{"timestamp":"2026-05-03T22:35:25.560446Z","level":"error","event":"Traceback (most recent call last):","logger":"task.stderr"}
{"timestamp":"2026-05-03T22:35:25.560769Z","level":"error","event":"  File \"/opt/airflow/dags/insert_data.py\", line 33, in insert_data","logger":"task.stderr"}
{"timestamp":"2026-05-03T22:35:25.561328Z","level":"error","event":"    raise FileNotFoundError(error_msg)","logger":"task.stderr"}
{"timestamp":"2026-05-03T22:35:25.561711Z","level":"error","event":"FileNotFoundError: Файл не найден: /opt/airflow/files/md_exchange_rate.csv","logger":"task.stderr"}
{"timestamp":"2026-05-03T22:35:25.560783Z","level":"error","event":"Task failed with exception","logger":"task","filename":"task_runner.py","lineno":1347,"error_detail":[{"exc_type":"FileNotFoundError","exc_value":"Файл не найден: /opt/airflow/files/md_exchange_rate.csv","exc_notes":[],"syntax_error":null,"is_cause":false,"frames":[{"filename":"/home/airflow/.local/lib/python3.13/site-packages/airflow/sdk/execution_time/task_runner.py","lineno":1263,"name":"run"},{"filename":"/home/airflow/.local/lib/python3.13/site-packages/airflow/sdk/execution_time/task_runner.py","lineno":1678,"name":"_execute_task"},{"filename":"/home/airflow/.local/lib/python3.13/site-packages/airflow/sdk/bases/operator.py","lineno":443,"name":"wrapper"},{"filename":"/home/airflow/.local/lib/python3.13/site-packages/airflow/providers/standard/operators/python.py","lineno":227,"name":"execute"},{"filename":"/home/airflow/.local/lib/python3.13/site-packages/airflow/providers/standard/operators/python.py","lineno":250,"name":"execute_callable"},{"filename":"/home/airflow/.local/lib/python3.13/site-packages/airflow/sdk/execution_time/callback_runner.py","lineno":97,"name":"run"},{"filename":"/opt/airflow/dags/insert_data.py","lineno":33,"name":"insert_data"}],"is_group":false,"exceptions":[]}]}
{"timestamp":"2026-05-03T22:35:25.734389Z","level":"info","event":"Task instance in failure state","logger":"task.stdout"}
{"timestamp":"2026-05-03T22:35:25.734843Z","level":"info","event":"Task start","logger":"task.stdout"}
{"timestamp":"2026-05-03T22:35:25.735128Z","level":"info","event":"Task:<Task(PythonOperator): md_exchange_rate>","logger":"task.stdout"}
{"timestamp":"2026-05-03T22:35:25.735637Z","level":"info","event":"Failure caused by Файл не найден: /opt/airflow/files/md_exchange_rate.csv","logger":"task.stdout"}
{"timestamp":"2026-05-03T22:35:54.062599Z","level":"info","event":"DAG bundles loaded: dags-folder, example_dags","logger":"airflow.dag_processing.bundles.manager.DagBundlesManager","filename":"manager.py","lineno":209}
{"timestamp":"2026-05-03T22:35:54.064648Z","level":"info","event":"Filling up the DagBag from /opt/airflow/dags/insert_data.py","logger":"airflow.dag_processing.dagbag.BundleDagBag","filename":"dagbag.py","lineno":469}
{"timestamp":"2026-05-03T22:35:54.239421Z","level":"info","event":"Task instance is in running state","logger":"task.stdout"}
{"timestamp":"2026-05-03T22:35:54.239781Z","level":"info","event":" Previous state of the Task instance: TaskInstanceState.QUEUED","logger":"task.stdout"}
{"timestamp":"2026-05-03T22:35:54.240083Z","level":"info","event":"Current task name:md_exchange_rate","logger":"task.stdout"}
{"timestamp":"2026-05-03T22:35:54.240420Z","level":"info","event":"Dag name:insert_data","logger":"task.stdout"}
{"timestamp":"2026-05-03T22:35:54.242980Z","level":"error","event":"========== ФУНКЦИЯ ВЫЗВАНА ДЛЯ: md_exchange_rate ==========","logger":"task.stderr"}
{"timestamp":"2026-05-03T22:35:54.243087Z","level":"info","event":"Начинаю загрузку файла: /opt/airflow/files/md_exchange_rate.csv","logger":"unusual_prefix_4656ebc6d97aeaad115f29b22e867693223e54e7_insert_data","filename":"insert_data.py","lineno":25}
{"timestamp":"2026-05-03T22:35:54.243555Z","level":"error","event":"Файл не найден: /opt/airflow/files/md_exchange_rate.csv","logger":"unusual_prefix_4656ebc6d97aeaad115f29b22e867693223e54e7_insert_data","filename":"insert_data.py","lineno":30}
{"timestamp":"2026-05-03T22:35:54.243673Z","level":"error","event":"Текущая директория: /opt/airflow","logger":"unusual_prefix_4656ebc6d97aeaad115f29b22e867693223e54e7_insert_data","filename":"insert_data.py","lineno":31}
{"timestamp":"2026-05-03T22:35:54.243840Z","level":"error","event":"Содержимое /opt/airflow: ['dags', 'logs', 'config', 'plugins', 'files']","logger":"unusual_prefix_4656ebc6d97aeaad115f29b22e867693223e54e7_insert_data","filename":"insert_data.py","lineno":32}
{"timestamp":"2026-05-03T22:35:54.243935Z","level":"error","event":"❌ ОШИБКА в md_exchange_rate: Файл не найден: /opt/airflow/files/md_exchange_rate.csv","logger":"unusual_prefix_4656ebc6d97aeaad115f29b22e867693223e54e7_insert_data","filename":"insert_data.py","lineno":72}
{"timestamp":"2026-05-03T22:35:54.249751Z","level":"error","event":"Traceback (most recent call last):\n  File \"/opt/airflow/dags/insert_data.py\", line 33, in insert_data\n    raise FileNotFoundError(error_msg)\nFileNotFoundError: Файл не найден: /opt/airflow/files/md_exchange_rate.csv\n","logger":"unusual_prefix_4656ebc6d97aeaad115f29b22e867693223e54e7_insert_data","filename":"insert_data.py","lineno":73}
{"timestamp":"2026-05-03T22:35:54.250740Z","level":"error","event":"❌ ОШИБКА в md_exchange_rate: Файл не найден: /opt/airflow/files/md_exchange_rate.csv","logger":"task.stderr"}
{"timestamp":"2026-05-03T22:35:54.251570Z","level":"error","event":"Traceback (most recent call last):","logger":"task.stderr"}
{"timestamp":"2026-05-03T22:35:54.251838Z","level":"error","event":"  File \"/opt/airflow/dags/insert_data.py\", line 33, in insert_data","logger":"task.stderr"}
{"timestamp":"2026-05-03T22:35:54.252122Z","level":"error","event":"    raise FileNotFoundError(error_msg)","logger":"task.stderr"}
{"timestamp":"2026-05-03T22:35:54.253096Z","level":"error","event":"FileNotFoundError: Файл не найден: /opt/airflow/files/md_exchange_rate.csv","logger":"task.stderr"}
{"timestamp":"2026-05-03T22:35:54.250527Z","level":"error","event":"Task failed with exception","logger":"task","filename":"task_runner.py","lineno":1347,"error_detail":[{"exc_type":"FileNotFoundError","exc_value":"Файл не найден: /opt/airflow/files/md_exchange_rate.csv","exc_notes":[],"syntax_error":null,"is_cause":false,"frames":[{"filename":"/home/airflow/.local/lib/python3.13/site-packages/airflow/sdk/execution_time/task_runner.py","lineno":1263,"name":"run"},{"filename":"/home/airflow/.local/lib/python3.13/site-packages/airflow/sdk/execution_time/task_runner.py","lineno":1678,"name":"_execute_task"},{"filename":"/home/airflow/.local/lib/python3.13/site-packages/airflow/sdk/bases/operator.py","lineno":443,"name":"wrapper"},{"filename":"/home/airflow/.local/lib/python3.13/site-packages/airflow/providers/standard/operators/python.py","lineno":227,"name":"execute"},{"filename":"/home/airflow/.local/lib/python3.13/site-packages/airflow/providers/standard/operators/python.py","lineno":250,"name":"execute_callable"},{"filename":"/home/airflow/.local/lib/python3.13/site-packages/airflow/sdk/execution_time/callback_runner.py","lineno":97,"name":"run"},{"filename":"/opt/airflow/dags/insert_data.py","lineno":33,"name":"insert_data"}],"is_group":false,"exceptions":[]}]}
{"timestamp":"2026-05-03T22:35:54.314247Z","level":"info","event":"Task instance in failure state","logger":"task.stdout"}
{"timestamp":"2026-05-03T22:35:54.314752Z","level":"info","event":"Task start","logger":"task.stdout"}
{"timestamp":"2026-05-03T22:35:54.315124Z","level":"info","event":"Task:<Task(PythonOperator): md_exchange_rate>","logger":"task.stdout"}
{"timestamp":"2026-05-03T22:35:54.318839Z","level":"info","event":"Failure caused by Файл не найден: /opt/airflow/files/md_exchange_rate.csv","logger":"task.stdout"}
{"timestamp":"2026-05-03T22:40:01.606028Z","level":"info","event":"DAG bundles loaded: dags-folder, example_dags","logger":"airflow.dag_processing.bundles.manager.DagBundlesManager","filename":"manager.py","lineno":209}
{"timestamp":"2026-05-03T22:40:01.610394Z","level":"info","event":"Filling up the DagBag from /opt/airflow/dags/insert_data.py","logger":"airflow.dag_processing.dagbag.BundleDagBag","filename":"dagbag.py","lineno":469}
{"timestamp":"2026-05-03T22:40:01.834481Z","level":"info","event":"Task instance is in running state","logger":"task.stdout"}
{"timestamp":"2026-05-03T22:40:01.836925Z","level":"info","event":" Previous state of the Task instance: TaskInstanceState.QUEUED","logger":"task.stdout"}
{"timestamp":"2026-05-03T22:40:01.838746Z","level":"info","event":"Current task name:md_exchange_rate","logger":"task.stdout"}
{"timestamp":"2026-05-03T22:40:01.839249Z","level":"info","event":"Dag name:insert_data","logger":"task.stdout"}
{"timestamp":"2026-05-03T22:40:01.840667Z","level":"error","event":"========== ФУНКЦИЯ ВЫЗВАНА ДЛЯ: md_exchange_rate ==========","logger":"task.stderr"}
{"timestamp":"2026-05-03T22:40:01.840832Z","level":"info","event":"Начинаю загрузку файла: /opt/airflow/files/md_exchange_rate.csv","logger":"unusual_prefix_4656ebc6d97aeaad115f29b22e867693223e54e7_insert_data","filename":"insert_data.py","lineno":25}
{"timestamp":"2026-05-03T22:40:01.841280Z","level":"error","event":"Файл не найден: /opt/airflow/files/md_exchange_rate.csv","logger":"unusual_prefix_4656ebc6d97aeaad115f29b22e867693223e54e7_insert_data","filename":"insert_data.py","lineno":30}
{"timestamp":"2026-05-03T22:40:01.841374Z","level":"error","event":"Текущая директория: /opt/airflow","logger":"unusual_prefix_4656ebc6d97aeaad115f29b22e867693223e54e7_insert_data","filename":"insert_data.py","lineno":31}
{"timestamp":"2026-05-03T22:40:01.841517Z","level":"error","event":"Содержимое /opt/airflow: ['dags', 'logs', 'config', 'plugins', 'files']","logger":"unusual_prefix_4656ebc6d97aeaad115f29b22e867693223e54e7_insert_data","filename":"insert_data.py","lineno":32}
{"timestamp":"2026-05-03T22:40:01.841592Z","level":"error","event":"❌ ОШИБКА в md_exchange_rate: Файл не найден: /opt/airflow/files/md_exchange_rate.csv","logger":"unusual_prefix_4656ebc6d97aeaad115f29b22e867693223e54e7_insert_data","filename":"insert_data.py","lineno":72}
{"timestamp":"2026-05-03T22:40:01.849284Z","level":"error","event":"Traceback (most recent call last):\n  File \"/opt/airflow/dags/insert_data.py\", line 33, in insert_data\n    raise FileNotFoundError(error_msg)\nFileNotFoundError: Файл не найден: /opt/airflow/files/md_exchange_rate.csv\n","logger":"unusual_prefix_4656ebc6d97aeaad115f29b22e867693223e54e7_insert_data","filename":"insert_data.py","lineno":73}
{"timestamp":"2026-05-03T22:40:01.849942Z","level":"error","event":"❌ ОШИБКА в md_exchange_rate: Файл не найден: /opt/airflow/files/md_exchange_rate.csv","logger":"task.stderr"}
{"timestamp":"2026-05-03T22:40:01.850899Z","level":"error","event":"Traceback (most recent call last):","logger":"task.stderr"}
{"timestamp":"2026-05-03T22:40:01.851241Z","level":"error","event":"  File \"/opt/airflow/dags/insert_data.py\", line 33, in insert_data","logger":"task.stderr"}
{"timestamp":"2026-05-03T22:40:01.851805Z","level":"error","event":"    raise FileNotFoundError(error_msg)","logger":"task.stderr"}
{"timestamp":"2026-05-03T22:40:01.852179Z","level":"error","event":"FileNotFoundError: Файл не найден: /opt/airflow/files/md_exchange_rate.csv","logger":"task.stderr"}
{"timestamp":"2026-05-03T22:40:01.851182Z","level":"error","event":"Task failed with exception","logger":"task","filename":"task_runner.py","lineno":1347,"error_detail":[{"exc_type":"FileNotFoundError","exc_value":"Файл не найден: /opt/airflow/files/md_exchange_rate.csv","exc_notes":[],"syntax_error":null,"is_cause":false,"frames":[{"filename":"/home/airflow/.local/lib/python3.13/site-packages/airflow/sdk/execution_time/task_runner.py","lineno":1263,"name":"run"},{"filename":"/home/airflow/.local/lib/python3.13/site-packages/airflow/sdk/execution_time/task_runner.py","lineno":1678,"name":"_execute_task"},{"filename":"/home/airflow/.local/lib/python3.13/site-packages/airflow/sdk/bases/operator.py","lineno":443,"name":"wrapper"},{"filename":"/home/airflow/.local/lib/python3.13/site-packages/airflow/providers/standard/operators/python.py","lineno":227,"name":"execute"},{"filename":"/home/airflow/.local/lib/python3.13/site-packages/airflow/providers/standard/operators/python.py","lineno":250,"name":"execute_callable"},{"filename":"/home/airflow/.local/lib/python3.13/site-packages/airflow/sdk/execution_time/callback_runner.py","lineno":97,"name":"run"},{"filename":"/opt/airflow/dags/insert_data.py","lineno":33,"name":"insert_data"}],"is_group":false,"exceptions":[]}]}
{"timestamp":"2026-05-03T22:40:01.929241Z","level":"info","event":"Task instance in failure state","logger":"task.stdout"}
{"timestamp":"2026-05-03T22:40:01.929720Z","level":"info","event":"Task start","logger":"task.stdout"}
{"timestamp":"2026-05-03T22:40:01.930304Z","level":"info","event":"Task:<Task(PythonOperator): md_exchange_rate>","logger":"task.stdout"}
{"timestamp":"2026-05-03T22:40:01.931013Z","level":"info","event":"Failure caused by Файл не найден: /opt/airflow/files/md_exchange_rate.csv","logger":"task.stdout"}
{"timestamp":"2026-05-03T22:44:58.379938Z","level":"info","event":"DAG bundles loaded: dags-folder, example_dags","logger":"airflow.dag_processing.bundles.manager.DagBundlesManager","filename":"manager.py","lineno":209}
{"timestamp":"2026-05-03T22:44:58.382012Z","level":"info","event":"Filling up the DagBag from /opt/airflow/dags/insert_data.py","logger":"airflow.dag_processing.dagbag.BundleDagBag","filename":"dagbag.py","lineno":469}
{"timestamp":"2026-05-03T22:44:58.494933Z","level":"info","event":"Task instance is in running state","logger":"task.stdout"}
{"timestamp":"2026-05-03T22:44:58.495357Z","level":"info","event":" Previous state of the Task instance: TaskInstanceState.QUEUED","logger":"task.stdout"}
{"timestamp":"2026-05-03T22:44:58.495693Z","level":"info","event":"Current task name:md_exchange_rate","logger":"task.stdout"}
{"timestamp":"2026-05-03T22:44:58.496066Z","level":"info","event":"Dag name:insert_data","logger":"task.stdout"}
{"timestamp":"2026-05-03T22:44:58.498368Z","level":"error","event":"========== ФУНКЦИЯ ВЫЗВАНА ДЛЯ: md_exchange_rate ==========","logger":"task.stderr"}
{"timestamp":"2026-05-03T22:44:58.498486Z","level":"info","event":"Начинаю загрузку файла: /opt/airflow/files/md_exchange_rate.csv","logger":"unusual_prefix_4656ebc6d97aeaad115f29b22e867693223e54e7_insert_data","filename":"insert_data.py","lineno":22}
{"timestamp":"2026-05-03T22:44:58.499031Z","level":"error","event":"❌ ОШИБКА в md_exchange_rate: Файл не найден: /opt/airflow/files/md_exchange_rate.csv","logger":"unusual_prefix_4656ebc6d97aeaad115f29b22e867693223e54e7_insert_data","filename":"insert_data.py","lineno":51}
{"timestamp":"2026-05-03T22:44:58.504139Z","level":"error","event":"Traceback (most recent call last):\n  File \"/opt/airflow/dags/insert_data.py\", line 25, in insert_data\n    raise FileNotFoundError(f\"Файл не найден: {file_path}\")\nFileNotFoundError: Файл не найден: /opt/airflow/files/md_exchange_rate.csv\n","logger":"unusual_prefix_4656ebc6d97aeaad115f29b22e867693223e54e7_insert_data","filename":"insert_data.py","lineno":52}
{"timestamp":"2026-05-03T22:44:58.504446Z","level":"error","event":"Task failed with exception","logger":"task","filename":"task_runner.py","lineno":1347,"error_detail":[{"exc_type":"FileNotFoundError","exc_value":"Файл не найден: /opt/airflow/files/md_exchange_rate.csv","exc_notes":[],"syntax_error":null,"is_cause":false,"frames":[{"filename":"/home/airflow/.local/lib/python3.13/site-packages/airflow/sdk/execution_time/task_runner.py","lineno":1263,"name":"run"},{"filename":"/home/airflow/.local/lib/python3.13/site-packages/airflow/sdk/execution_time/task_runner.py","lineno":1678,"name":"_execute_task"},{"filename":"/home/airflow/.local/lib/python3.13/site-packages/airflow/sdk/bases/operator.py","lineno":443,"name":"wrapper"},{"filename":"/home/airflow/.local/lib/python3.13/site-packages/airflow/providers/standard/operators/python.py","lineno":227,"name":"execute"},{"filename":"/home/airflow/.local/lib/python3.13/site-packages/airflow/providers/standard/operators/python.py","lineno":250,"name":"execute_callable"},{"filename":"/home/airflow/.local/lib/python3.13/site-packages/airflow/sdk/execution_time/callback_runner.py","lineno":97,"name":"run"},{"filename":"/opt/airflow/dags/insert_data.py","lineno":25,"name":"insert_data"}],"is_group":false,"exceptions":[]}]}
{"timestamp":"2026-05-03T22:44:58.573982Z","level":"info","event":"Task instance in failure state","logger":"task.stdout"}
{"timestamp":"2026-05-03T22:44:58.574736Z","level":"info","event":"Task start","logger":"task.stdout"}
{"timestamp":"2026-05-03T22:44:58.575067Z","level":"info","event":"Task:<Task(PythonOperator): md_exchange_rate>","logger":"task.stdout"}
{"timestamp":"2026-05-03T22:44:58.575722Z","level":"info","event":"Failure caused by Файл не найден: /opt/airflow/files/md_exchange_rate.csv","logger":"task.stdout"}
{"timestamp":"2026-05-03T22:50:00.239187Z","level":"info","event":"DAG bundles loaded: dags-folder, example_dags","logger":"airflow.dag_processing.bundles.manager.DagBundlesManager","filename":"manager.py","lineno":209}
{"timestamp":"2026-05-03T22:50:00.245424Z","level":"info","event":"Filling up the DagBag from /opt/airflow/dags/insert_data.py","logger":"airflow.dag_processing.dagbag.BundleDagBag","filename":"dagbag.py","lineno":469}
{"timestamp":"2026-05-03T22:50:00.410739Z","level":"info","event":"Task instance is in running state","logger":"task.stdout"}
{"timestamp":"2026-05-03T22:50:00.411241Z","level":"info","event":" Previous state of the Task instance: TaskInstanceState.QUEUED","logger":"task.stdout"}
{"timestamp":"2026-05-03T22:50:00.411512Z","level":"info","event":"Current task name:md_exchange_rate","logger":"task.stdout"}
{"timestamp":"2026-05-03T22:50:00.411799Z","level":"info","event":"Dag name:insert_data","logger":"task.stdout"}
{"timestamp":"2026-05-03T22:50:00.416792Z","level":"error","event":"========== ФУНКЦИЯ ВЫЗВАНА ДЛЯ: md_exchange_rate ==========","logger":"task.stderr"}
{"timestamp":"2026-05-03T22:50:00.416898Z","level":"info","event":"Начинаю загрузку файла: /opt/airflow/files/md_exchange_rate.csv","logger":"unusual_prefix_4656ebc6d97aeaad115f29b22e867693223e54e7_insert_data","filename":"insert_data.py","lineno":22}
{"timestamp":"2026-05-03T22:50:00.417508Z","level":"error","event":"❌ ОШИБКА в md_exchange_rate: Файл не найден: /opt/airflow/files/md_exchange_rate.csv","logger":"unusual_prefix_4656ebc6d97aeaad115f29b22e867693223e54e7_insert_data","filename":"insert_data.py","lineno":53}
{"timestamp":"2026-05-03T22:50:00.427828Z","level":"error","event":"Traceback (most recent call last):\n  File \"/opt/airflow/dags/insert_data.py\", line 25, in insert_data\n    raise FileNotFoundError(f\"Файл не найден: {file_path}\")\nFileNotFoundError: Файл не найден: /opt/airflow/files/md_exchange_rate.csv\n","logger":"unusual_prefix_4656ebc6d97aeaad115f29b22e867693223e54e7_insert_data","filename":"insert_data.py","lineno":54}
{"timestamp":"2026-05-03T22:50:00.428432Z","level":"error","event":"Task failed with exception","logger":"task","filename":"task_runner.py","lineno":1347,"error_detail":[{"exc_type":"FileNotFoundError","exc_value":"Файл не найден: /opt/airflow/files/md_exchange_rate.csv","exc_notes":[],"syntax_error":null,"is_cause":false,"frames":[{"filename":"/home/airflow/.local/lib/python3.13/site-packages/airflow/sdk/execution_time/task_runner.py","lineno":1263,"name":"run"},{"filename":"/home/airflow/.local/lib/python3.13/site-packages/airflow/sdk/execution_time/task_runner.py","lineno":1678,"name":"_execute_task"},{"filename":"/home/airflow/.local/lib/python3.13/site-packages/airflow/sdk/bases/operator.py","lineno":443,"name":"wrapper"},{"filename":"/home/airflow/.local/lib/python3.13/site-packages/airflow/providers/standard/operators/python.py","lineno":227,"name":"execute"},{"filename":"/home/airflow/.local/lib/python3.13/site-packages/airflow/providers/standard/operators/python.py","lineno":250,"name":"execute_callable"},{"filename":"/home/airflow/.local/lib/python3.13/site-packages/airflow/sdk/execution_time/callback_runner.py","lineno":97,"name":"run"},{"filename":"/opt/airflow/dags/insert_data.py","lineno":25,"name":"insert_data"}],"is_group":false,"exceptions":[]}]}
{"timestamp":"2026-05-03T22:50:00.527424Z","level":"info","event":"Task instance in failure state","logger":"task.stdout"}
{"timestamp":"2026-05-03T22:50:00.531596Z","level":"info","event":"Task start","logger":"task.stdout"}
{"timestamp":"2026-05-03T22:50:00.532807Z","level":"info","event":"Task:<Task(PythonOperator): md_exchange_rate>","logger":"task.stdout"}
{"timestamp":"2026-05-03T22:50:00.533183Z","level":"info","event":"Failure caused by Файл не найден: /opt/airflow/files/md_exchange_rate.csv","logger":"task.stdout"}
{"timestamp":"2026-05-03T22:52:01.266342Z","level":"info","event":"DAG bundles loaded: dags-folder, example_dags","logger":"airflow.dag_processing.bundles.manager.DagBundlesManager","filename":"manager.py","lineno":209}
{"timestamp":"2026-05-03T22:52:01.268940Z","level":"info","event":"Filling up the DagBag from /opt/airflow/dags/insert_data.py","logger":"airflow.dag_processing.dagbag.BundleDagBag","filename":"dagbag.py","lineno":469}
{"timestamp":"2026-05-03T22:52:01.364283Z","level":"info","event":"Task instance is in running state","logger":"task.stdout"}
{"timestamp":"2026-05-03T22:52:01.364686Z","level":"info","event":" Previous state of the Task instance: TaskInstanceState.QUEUED","logger":"task.stdout"}
{"timestamp":"2026-05-03T22:52:01.365193Z","level":"info","event":"Current task name:md_exchange_rate","logger":"task.stdout"}
{"timestamp":"2026-05-03T22:52:01.365644Z","level":"info","event":"Dag name:insert_data","logger":"task.stdout"}
{"timestamp":"2026-05-03T22:52:01.367150Z","level":"error","event":"========== ФУНКЦИЯ ВЫЗВАНА ДЛЯ: md_exchange_rate ==========","logger":"task.stderr"}
{"timestamp":"2026-05-03T22:52:01.367304Z","level":"info","event":"Начинаю загрузку файла: /opt/airflow/files/md_exchange_rate.csv","logger":"unusual_prefix_4656ebc6d97aeaad115f29b22e867693223e54e7_insert_data","filename":"insert_data.py","lineno":22}
{"timestamp":"2026-05-03T22:52:01.367797Z","level":"error","event":"❌ ОШИБКА в md_exchange_rate: Файл не найден: /opt/airflow/files/md_exchange_rate.csv","logger":"unusual_prefix_4656ebc6d97aeaad115f29b22e867693223e54e7_insert_data","filename":"insert_data.py","lineno":53}
{"timestamp":"2026-05-03T22:52:01.372989Z","level":"error","event":"Traceback (most recent call last):\n  File \"/opt/airflow/dags/insert_data.py\", line 25, in insert_data\n    raise FileNotFoundError(f\"Файл не найден: {file_path}\")\nFileNotFoundError: Файл не найден: /opt/airflow/files/md_exchange_rate.csv\n","logger":"unusual_prefix_4656ebc6d97aeaad115f29b22e867693223e54e7_insert_data","filename":"insert_data.py","lineno":54}
{"timestamp":"2026-05-03T22:52:01.373248Z","level":"error","event":"Task failed with exception","logger":"task","filename":"task_runner.py","lineno":1347,"error_detail":[{"exc_type":"FileNotFoundError","exc_value":"Файл не найден: /opt/airflow/files/md_exchange_rate.csv","exc_notes":[],"syntax_error":null,"is_cause":false,"frames":[{"filename":"/home/airflow/.local/lib/python3.13/site-packages/airflow/sdk/execution_time/task_runner.py","lineno":1263,"name":"run"},{"filename":"/home/airflow/.local/lib/python3.13/site-packages/airflow/sdk/execution_time/task_runner.py","lineno":1678,"name":"_execute_task"},{"filename":"/home/airflow/.local/lib/python3.13/site-packages/airflow/sdk/bases/operator.py","lineno":443,"name":"wrapper"},{"filename":"/home/airflow/.local/lib/python3.13/site-packages/airflow/providers/standard/operators/python.py","lineno":227,"name":"execute"},{"filename":"/home/airflow/.local/lib/python3.13/site-packages/airflow/providers/standard/operators/python.py","lineno":250,"name":"execute_callable"},{"filename":"/home/airflow/.local/lib/python3.13/site-packages/airflow/sdk/execution_time/callback_runner.py","lineno":97,"name":"run"},{"filename":"/opt/airflow/dags/insert_data.py","lineno":25,"name":"insert_data"}],"is_group":false,"exceptions":[]}]}
{"timestamp":"2026-05-03T22:52:01.448127Z","level":"info","event":"Task instance in failure state","logger":"task.stdout"}
{"timestamp":"2026-05-03T22:52:01.448592Z","level":"info","event":"Task start","logger":"task.stdout"}
{"timestamp":"2026-05-03T22:52:01.452226Z","level":"info","event":"Task:<Task(PythonOperator): md_exchange_rate>","logger":"task.stdout"}
{"timestamp":"2026-05-03T22:52:01.452643Z","level":"info","event":"Failure caused by Файл не найден: /opt/airflow/files/md_exchange_rate.csv","logger":"task.stdout"}
{"timestamp":"2026-05-03T22:55:05.950319Z","level":"info","event":"DAG bundles loaded: dags-folder, example_dags","logger":"airflow.dag_processing.bundles.manager.DagBundlesManager","filename":"manager.py","lineno":209}
{"timestamp":"2026-05-03T22:55:05.953141Z","level":"info","event":"Filling up the DagBag from /opt/airflow/dags/insert_data.py","logger":"airflow.dag_processing.dagbag.BundleDagBag","filename":"dagbag.py","lineno":469}
{"timestamp":"2026-05-03T22:55:06.069781Z","level":"info","event":"Task instance is in running state","logger":"task.stdout"}
{"timestamp":"2026-05-03T22:55:06.070392Z","level":"info","event":" Previous state of the Task instance: TaskInstanceState.QUEUED","logger":"task.stdout"}
{"timestamp":"2026-05-03T22:55:06.071867Z","level":"info","event":"Current task name:md_exchange_rate","logger":"task.stdout"}
{"timestamp":"2026-05-03T22:55:06.072371Z","level":"info","event":"Dag name:insert_data","logger":"task.stdout"}
{"timestamp":"2026-05-03T22:55:06.073242Z","level":"error","event":"========== ФУНКЦИЯ ВЫЗВАНА ДЛЯ: md_exchange_rate ==========","logger":"task.stderr"}
{"timestamp":"2026-05-03T22:55:06.073410Z","level":"info","event":"Начинаю загрузку файла: /opt/airflow/files/md_exchange_rate.csv","logger":"unusual_prefix_4656ebc6d97aeaad115f29b22e867693223e54e7_insert_data","filename":"insert_data.py","lineno":22}
{"timestamp":"2026-05-03T22:55:06.073805Z","level":"error","event":"❌ ОШИБКА в md_exchange_rate: Файл не найден: /opt/airflow/files/md_exchange_rate.csv","logger":"unusual_prefix_4656ebc6d97aeaad115f29b22e867693223e54e7_insert_data","filename":"insert_data.py","lineno":53}
{"timestamp":"2026-05-03T22:55:06.077845Z","level":"error","event":"Traceback (most recent call last):\n  File \"/opt/airflow/dags/insert_data.py\", line 25, in insert_data\n    raise FileNotFoundError(f\"Файл не найден: {file_path}\")\nFileNotFoundError: Файл не найден: /opt/airflow/files/md_exchange_rate.csv\n","logger":"unusual_prefix_4656ebc6d97aeaad115f29b22e867693223e54e7_insert_data","filename":"insert_data.py","lineno":54}
{"timestamp":"2026-05-03T22:55:06.078163Z","level":"error","event":"Task failed with exception","logger":"task","filename":"task_runner.py","lineno":1347,"error_detail":[{"exc_type":"FileNotFoundError","exc_value":"Файл не найден: /opt/airflow/files/md_exchange_rate.csv","exc_notes":[],"syntax_error":null,"is_cause":false,"frames":[{"filename":"/home/airflow/.local/lib/python3.13/site-packages/airflow/sdk/execution_time/task_runner.py","lineno":1263,"name":"run"},{"filename":"/home/airflow/.local/lib/python3.13/site-packages/airflow/sdk/execution_time/task_runner.py","lineno":1678,"name":"_execute_task"},{"filename":"/home/airflow/.local/lib/python3.13/site-packages/airflow/sdk/bases/operator.py","lineno":443,"name":"wrapper"},{"filename":"/home/airflow/.local/lib/python3.13/site-packages/airflow/providers/standard/operators/python.py","lineno":227,"name":"execute"},{"filename":"/home/airflow/.local/lib/python3.13/site-packages/airflow/providers/standard/operators/python.py","lineno":250,"name":"execute_callable"},{"filename":"/home/airflow/.local/lib/python3.13/site-packages/airflow/sdk/execution_time/callback_runner.py","lineno":97,"name":"run"},{"filename":"/opt/airflow/dags/insert_data.py","lineno":25,"name":"insert_data"}],"is_group":false,"exceptions":[]}]}
{"timestamp":"2026-05-03T22:55:06.173274Z","level":"info","event":"Task instance in failure state","logger":"task.stdout"}
{"timestamp":"2026-05-03T22:55:06.184837Z","level":"info","event":"Task start","logger":"task.stdout"}
{"timestamp":"2026-05-03T22:55:06.210139Z","level":"info","event":"Task:<Task(PythonOperator): md_exchange_rate>","logger":"task.stdout"}
{"timestamp":"2026-05-03T22:55:06.224494Z","level":"info","event":"Failure caused by Файл не найден: /opt/airflow/files/md_exchange_rate.csv","logger":"task.stdout"}
