{"timestamp":"2026-05-11T10:16:52.442896Z","level":"info","event":"DAG bundles loaded: dags-folder, example_dags","logger":"airflow.dag_processing.bundles.manager.DagBundlesManager","filename":"manager.py","lineno":209}
{"timestamp":"2026-05-11T10:16:52.445057Z","level":"info","event":"Filling up the DagBag from /opt/airflow/dags/insert_data.py","logger":"airflow.dag_processing.dagbag.BundleDagBag","filename":"dagbag.py","lineno":469}
{"timestamp":"2026-05-11T10:16:52.564379Z","level":"info","event":"Task instance is in running state","logger":"task.stdout"}
{"timestamp":"2026-05-11T10:16:52.564988Z","level":"info","event":" Previous state of the Task instance: TaskInstanceState.QUEUED","logger":"task.stdout"}
{"timestamp":"2026-05-11T10:16:52.565902Z","level":"info","event":"Current task name:md_account_d","logger":"task.stdout"}
{"timestamp":"2026-05-11T10:16:52.567021Z","level":"info","event":"Dag name:insert_data","logger":"task.stdout"}
{"timestamp":"2026-05-11T10:16:52.568870Z","level":"error","event":"========== ФУНКЦИЯ ВЫЗВАНА ДЛЯ: md_account_d ==========","logger":"task.stderr"}
{"timestamp":"2026-05-11T10:16:52.693423Z","level":"info","event":"Running statement: \n        INSERT INTO \"LOGS\".LOGS (procedure_name, start_time, message)\n        VALUES ('insert_data.md_account_d', '2026-05-11 10:16:52.598445', 'Начало загрузки таблицы md_account_d');\n    , parameters: None","logger":"airflow.task.hooks.airflow.providers.postgres.hooks.postgres.PostgresHook","filename":"sql.py","lineno":861}
{"timestamp":"2026-05-11T10:16:53.380893Z","level":"info","event":"Rows affected: 1","logger":"airflow.task.hooks.airflow.providers.postgres.hooks.postgres.PostgresHook","filename":"sql.py","lineno":879}
{"timestamp":"2026-05-11T10:16:53.383535Z","level":"info","event":"Начинаю загрузку файла: /opt/airflow/files/md_account_d.csv","logger":"unusual_prefix_4656ebc6d97aeaad115f29b22e867693223e54e7_insert_data","filename":"insert_data.py","lineno":34}
{"timestamp":"2026-05-11T10:16:53.403790Z","level":"info","event":"Файл md_account_d прочитан с кодировкой: utf-8","logger":"unusual_prefix_4656ebc6d97aeaad115f29b22e867693223e54e7_insert_data","filename":"insert_data.py","lineno":44}
{"timestamp":"2026-05-11T10:16:53.404265Z","level":"info","event":"Колонки md_account_d: ['data_actual_date', 'data_actual_end_date', 'account_rk', 'account_number', 'char_type', 'currency_rk', 'currency_code']","logger":"unusual_prefix_4656ebc6d97aeaad115f29b22e867693223e54e7_insert_data","filename":"insert_data.py","lineno":54}
{"timestamp":"2026-05-11T10:16:53.404399Z","level":"info","event":"Загружено строк: 112","logger":"unusual_prefix_4656ebc6d97aeaad115f29b22e867693223e54e7_insert_data","filename":"insert_data.py","lineno":55}
{"timestamp":"2026-05-11T10:16:53.527702Z","level":"info","event":"Таблица \"DS\".md_account_d очищена","logger":"unusual_prefix_4656ebc6d97aeaad115f29b22e867693223e54e7_insert_data","filename":"insert_data.py","lineno":74}
{"timestamp":"2026-05-11T10:16:53.631804Z","level":"info","event":"Running statement: \n            INSERT INTO \"LOGS\".LOGS (procedure_name, start_time, end_time, message)\n            VALUES ('insert_data.md_account_d', '2026-05-11 10:16:52.598445', '2026-05-11 10:16:53.556994', \n                    'Успешно загружено 112 строк');\n        , parameters: None","logger":"airflow.task.hooks.airflow.providers.postgres.hooks.postgres.PostgresHook","filename":"sql.py","lineno":861}
{"timestamp":"2026-05-11T10:16:53.634366Z","level":"info","event":"Rows affected: 1","logger":"airflow.task.hooks.airflow.providers.postgres.hooks.postgres.PostgresHook","filename":"sql.py","lineno":879}
{"timestamp":"2026-05-11T10:16:53.635938Z","level":"info","event":"Данные успешно вставлены в md_account_d: 112 строк за 0.96 сек","logger":"unusual_prefix_4656ebc6d97aeaad115f29b22e867693223e54e7_insert_data","filename":"insert_data.py","lineno":93}
{"timestamp":"2026-05-11T10:16:53.636231Z","level":"info","event":"Done. Returned value was: None","logger":"airflow.task.operators.airflow.providers.standard.operators.python.PythonOperator","filename":"python.py","lineno":229}
{"timestamp":"2026-05-11T10:16:53.655964Z","level":"info","event":"Task instance in success state","logger":"task.stdout"}
{"timestamp":"2026-05-11T10:16:53.656255Z","level":"info","event":" Previous state of the Task instance: TaskInstanceState.RUNNING","logger":"task.stdout"}
{"timestamp":"2026-05-11T10:16:53.656572Z","level":"info","event":"Task operator:<Task(PythonOperator): md_account_d>","logger":"task.stdout"}
