{"timestamp":"2026-05-11T09:56:55.010293Z","level":"info","event":"DAG bundles loaded: dags-folder, example_dags","logger":"airflow.dag_processing.bundles.manager.DagBundlesManager","filename":"manager.py","lineno":209}
{"timestamp":"2026-05-11T09:56:55.013931Z","level":"info","event":"Filling up the DagBag from /opt/airflow/dags/insert_data.py","logger":"airflow.dag_processing.dagbag.BundleDagBag","filename":"dagbag.py","lineno":469}
{"timestamp":"2026-05-11T09:56:55.099289Z","level":"info","event":"Task instance is in running state","logger":"task.stdout"}
{"timestamp":"2026-05-11T09:56:55.099743Z","level":"info","event":" Previous state of the Task instance: TaskInstanceState.QUEUED","logger":"task.stdout"}
{"timestamp":"2026-05-11T09:56:55.100081Z","level":"info","event":"Current task name:ft_posting_f","logger":"task.stdout"}
{"timestamp":"2026-05-11T09:56:55.100346Z","level":"info","event":"Dag name:insert_data","logger":"task.stdout"}
{"timestamp":"2026-05-11T09:56:55.101876Z","level":"error","event":"========== ФУНКЦИЯ ВЫЗВАНА ДЛЯ: ft_posting_f ==========","logger":"task.stderr"}
{"timestamp":"2026-05-11T09:56:55.203827Z","level":"info","event":"Running statement: \n        INSERT INTO \"LOGS\".LOGS (procedure_name, start_time, message)\n        VALUES ('insert_data.ft_posting_f', '2026-05-11 09:56:55.120437', 'Начало загрузки таблицы ft_posting_f');\n    , parameters: None","logger":"airflow.task.hooks.airflow.providers.postgres.hooks.postgres.PostgresHook","filename":"sql.py","lineno":861}
{"timestamp":"2026-05-11T09:56:55.803503Z","level":"info","event":"Rows affected: 1","logger":"airflow.task.hooks.airflow.providers.postgres.hooks.postgres.PostgresHook","filename":"sql.py","lineno":879}
{"timestamp":"2026-05-11T09:56:55.806278Z","level":"info","event":"Начинаю загрузку файла: /opt/airflow/files/ft_posting_f.csv","logger":"unusual_prefix_4656ebc6d97aeaad115f29b22e867693223e54e7_insert_data","filename":"insert_data.py","lineno":34}
{"timestamp":"2026-05-11T09:56:55.917170Z","level":"info","event":"Файл ft_posting_f прочитан с кодировкой: utf-8","logger":"unusual_prefix_4656ebc6d97aeaad115f29b22e867693223e54e7_insert_data","filename":"insert_data.py","lineno":44}
{"timestamp":"2026-05-11T09:56:55.917561Z","level":"info","event":"Колонки ft_posting_f: ['oper_date', 'credit_account_rk', 'debet_account_rk', 'credit_amount', 'debet_amount']","logger":"unusual_prefix_4656ebc6d97aeaad115f29b22e867693223e54e7_insert_data","filename":"insert_data.py","lineno":54}
{"timestamp":"2026-05-11T09:56:55.917680Z","level":"info","event":"Загружено строк: 33892","logger":"unusual_prefix_4656ebc6d97aeaad115f29b22e867693223e54e7_insert_data","filename":"insert_data.py","lineno":55}
{"timestamp":"2026-05-11T09:56:56.049425Z","level":"info","event":"Таблица \"DS\".ft_posting_f очищена","logger":"unusual_prefix_4656ebc6d97aeaad115f29b22e867693223e54e7_insert_data","filename":"insert_data.py","lineno":74}
{"timestamp":"2026-05-11T09:56:56.842498Z","level":"info","event":"Running statement: \n            INSERT INTO \"LOGS\".LOGS (procedure_name, start_time, end_time, message)\n            VALUES ('insert_data.ft_posting_f', '2026-05-11 09:56:55.120437', '2026-05-11 09:56:56.788855', \n                    'Успешно загружено 33892 строк');\n        , parameters: None","logger":"airflow.task.hooks.airflow.providers.postgres.hooks.postgres.PostgresHook","filename":"sql.py","lineno":861}
{"timestamp":"2026-05-11T09:56:56.844618Z","level":"info","event":"Rows affected: 1","logger":"airflow.task.hooks.airflow.providers.postgres.hooks.postgres.PostgresHook","filename":"sql.py","lineno":879}
{"timestamp":"2026-05-11T09:56:56.845968Z","level":"info","event":"Данные успешно вставлены в ft_posting_f: 33892 строк за 1.67 сек","logger":"unusual_prefix_4656ebc6d97aeaad115f29b22e867693223e54e7_insert_data","filename":"insert_data.py","lineno":93}
{"timestamp":"2026-05-11T09:56:56.847793Z","level":"info","event":"Done. Returned value was: None","logger":"airflow.task.operators.airflow.providers.standard.operators.python.PythonOperator","filename":"python.py","lineno":229}
{"timestamp":"2026-05-11T09:56:56.863285Z","level":"info","event":"Task instance in success state","logger":"task.stdout"}
{"timestamp":"2026-05-11T09:56:56.864287Z","level":"info","event":" Previous state of the Task instance: TaskInstanceState.RUNNING","logger":"task.stdout"}
{"timestamp":"2026-05-11T09:56:56.864652Z","level":"info","event":"Task operator:<Task(PythonOperator): ft_posting_f>","logger":"task.stdout"}
