{"timestamp":"2026-05-11T10:39:18.556411Z","level":"info","event":"DAG bundles loaded: dags-folder, example_dags","logger":"airflow.dag_processing.bundles.manager.DagBundlesManager","filename":"manager.py","lineno":209}
{"timestamp":"2026-05-11T10:39:18.563097Z","level":"info","event":"Filling up the DagBag from /opt/airflow/dags/insert_data.py","logger":"airflow.dag_processing.dagbag.BundleDagBag","filename":"dagbag.py","lineno":469}
{"timestamp":"2026-05-11T10:39:18.676739Z","level":"info","event":"Task instance is in running state","logger":"task.stdout"}
{"timestamp":"2026-05-11T10:39:18.677695Z","level":"info","event":" Previous state of the Task instance: TaskInstanceState.QUEUED","logger":"task.stdout"}
{"timestamp":"2026-05-11T10:39:18.678034Z","level":"info","event":"Current task name:md_ledger_account_s","logger":"task.stdout"}
{"timestamp":"2026-05-11T10:39:18.678342Z","level":"info","event":"Dag name:insert_data","logger":"task.stdout"}
{"timestamp":"2026-05-11T10:39:18.680037Z","level":"error","event":"========== ФУНКЦИЯ ВЫЗВАНА ДЛЯ: md_ledger_account_s ==========","logger":"task.stderr"}
{"timestamp":"2026-05-11T10:39:18.814107Z","level":"info","event":"Running statement: \n        INSERT INTO \"LOGS\".LOGS (procedure_name, start_time, message)\n        VALUES ('insert_data.md_ledger_account_s', '2026-05-11 13:39:18', 'Начало загрузки таблицы md_ledger_account_s');\n    , parameters: None","logger":"airflow.task.hooks.airflow.providers.postgres.hooks.postgres.PostgresHook","filename":"sql.py","lineno":861}
{"timestamp":"2026-05-11T10:39:19.614440Z","level":"info","event":"Rows affected: 1","logger":"airflow.task.hooks.airflow.providers.postgres.hooks.postgres.PostgresHook","filename":"sql.py","lineno":879}
{"timestamp":"2026-05-11T10:39:19.617943Z","level":"info","event":"Начинаю загрузку файла: /opt/airflow/files/md_ledger_account_s.csv","logger":"unusual_prefix_4656ebc6d97aeaad115f29b22e867693223e54e7_insert_data","filename":"insert_data.py","lineno":35}
{"timestamp":"2026-05-11T10:39:19.633203Z","level":"info","event":"Файл md_ledger_account_s прочитан с кодировкой: utf-8","logger":"unusual_prefix_4656ebc6d97aeaad115f29b22e867693223e54e7_insert_data","filename":"insert_data.py","lineno":45}
{"timestamp":"2026-05-11T10:39:19.633515Z","level":"info","event":"Колонки md_ledger_account_s: ['chapter', 'chapter_name', 'section_number', 'section_name', 'subsection_name', 'ledger1_account', 'ledger1_account_name', 'ledger_account', 'ledger_account_name', 'characteristic', 'start_date', 'end_date']","logger":"unusual_prefix_4656ebc6d97aeaad115f29b22e867693223e54e7_insert_data","filename":"insert_data.py","lineno":55}
{"timestamp":"2026-05-11T10:39:19.633621Z","level":"info","event":"Загружено строк: 18","logger":"unusual_prefix_4656ebc6d97aeaad115f29b22e867693223e54e7_insert_data","filename":"insert_data.py","lineno":56}
{"timestamp":"2026-05-11T10:39:19.764935Z","level":"info","event":"Таблица \"DS\".md_ledger_account_s очищена","logger":"unusual_prefix_4656ebc6d97aeaad115f29b22e867693223e54e7_insert_data","filename":"insert_data.py","lineno":75}
{"timestamp":"2026-05-11T10:39:19.870778Z","level":"info","event":"Running statement: \n            INSERT INTO \"LOGS\".LOGS (procedure_name, start_time, end_time, message)\n            VALUES ('insert_data.md_ledger_account_s', '2026-05-11 13:39:18', '2026-05-11 13:39:19', \n                    'Успешно загружено 18 строк');\n        , parameters: None","logger":"airflow.task.hooks.airflow.providers.postgres.hooks.postgres.PostgresHook","filename":"sql.py","lineno":861}
{"timestamp":"2026-05-11T10:39:19.873853Z","level":"info","event":"Rows affected: 1","logger":"airflow.task.hooks.airflow.providers.postgres.hooks.postgres.PostgresHook","filename":"sql.py","lineno":879}
{"timestamp":"2026-05-11T10:39:19.967080Z","level":"info","event":"Running statement: \n            INSERT INTO \"LOGS\".LOGS (procedure_name, start_time, end_time, message)\n            VALUES ('insert_data.md_ledger_account_s', '2026-05-11 13:39:18', '2026-05-11 13:39:19', \n                    'ОШИБКА: unsupported operand type(s) for -: ''str'' and ''str''');\n        , parameters: None","logger":"airflow.task.hooks.airflow.providers.postgres.hooks.postgres.PostgresHook","filename":"sql.py","lineno":861}
{"timestamp":"2026-05-11T10:39:19.975148Z","level":"info","event":"Rows affected: 1","logger":"airflow.task.hooks.airflow.providers.postgres.hooks.postgres.PostgresHook","filename":"sql.py","lineno":879}
{"timestamp":"2026-05-11T10:39:19.986253Z","level":"error","event":"ОШИБКА в md_ledger_account_s: unsupported operand type(s) for -: 'str' and 'str'","logger":"unusual_prefix_4656ebc6d97aeaad115f29b22e867693223e54e7_insert_data","filename":"insert_data.py","lineno":107}
{"timestamp":"2026-05-11T10:39:20.011360Z","level":"error","event":"Traceback (most recent call last):\n  File \"/opt/airflow/dags/insert_data.py\", line 95, in insert_data\n    f\"Данные успешно вставлены в {table_name}: {row_count} строк за {(end_time - start_time).total_seconds():.2f} сек\")\n                                                                      ~~~~~~~~~^~~~~~~~~~~~\nTypeError: unsupported operand type(s) for -: 'str' and 'str'\n","logger":"unusual_prefix_4656ebc6d97aeaad115f29b22e867693223e54e7_insert_data","filename":"insert_data.py","lineno":108}
{"timestamp":"2026-05-11T10:39:20.011637Z","level":"error","event":"Task failed with exception","logger":"task","filename":"task_runner.py","lineno":1347,"error_detail":[{"exc_type":"TypeError","exc_value":"unsupported operand type(s) for -: 'str' and 'str'","exc_notes":[],"syntax_error":null,"is_cause":false,"frames":[{"filename":"/home/airflow/.local/lib/python3.13/site-packages/airflow/sdk/execution_time/task_runner.py","lineno":1263,"name":"run"},{"filename":"/home/airflow/.local/lib/python3.13/site-packages/airflow/sdk/execution_time/task_runner.py","lineno":1678,"name":"_execute_task"},{"filename":"/home/airflow/.local/lib/python3.13/site-packages/airflow/sdk/bases/operator.py","lineno":443,"name":"wrapper"},{"filename":"/home/airflow/.local/lib/python3.13/site-packages/airflow/providers/standard/operators/python.py","lineno":227,"name":"execute"},{"filename":"/home/airflow/.local/lib/python3.13/site-packages/airflow/providers/standard/operators/python.py","lineno":250,"name":"execute_callable"},{"filename":"/home/airflow/.local/lib/python3.13/site-packages/airflow/sdk/execution_time/callback_runner.py","lineno":97,"name":"run"},{"filename":"/opt/airflow/dags/insert_data.py","lineno":95,"name":"insert_data"}],"is_group":false,"exceptions":[]}]}
{"timestamp":"2026-05-11T10:39:20.046729Z","level":"info","event":"Task instance in failure state","logger":"task.stdout"}
{"timestamp":"2026-05-11T10:39:20.047186Z","level":"info","event":"Task start","logger":"task.stdout"}
{"timestamp":"2026-05-11T10:39:20.053423Z","level":"info","event":"Task:<Task(PythonOperator): md_ledger_account_s>","logger":"task.stdout"}
{"timestamp":"2026-05-11T10:39:20.057093Z","level":"info","event":"Failure caused by unsupported operand type(s) for -: 'str' and 'str'","logger":"task.stdout"}
