{"timestamp":"2026-05-11T18:44:13.543983Z","level":"info","event":"DAG bundles loaded: dags-folder, example_dags","logger":"airflow.dag_processing.bundles.manager.DagBundlesManager","filename":"manager.py","lineno":209}
{"timestamp":"2026-05-11T18:44:13.545953Z","level":"info","event":"Filling up the DagBag from /opt/airflow/dags/insert_data.py","logger":"airflow.dag_processing.dagbag.BundleDagBag","filename":"dagbag.py","lineno":469}
{"timestamp":"2026-05-11T18:44:13.666187Z","level":"info","event":"Task instance is in running state","logger":"task.stdout"}
{"timestamp":"2026-05-11T18:44:13.666912Z","level":"info","event":" Previous state of the Task instance: TaskInstanceState.QUEUED","logger":"task.stdout"}
{"timestamp":"2026-05-11T18:44:13.667201Z","level":"info","event":"Current task name:md_account_d","logger":"task.stdout"}
{"timestamp":"2026-05-11T18:44:13.667478Z","level":"info","event":"Dag name:insert_data","logger":"task.stdout"}
{"timestamp":"2026-05-11T18:44:13.669726Z","level":"error","event":"========== ФУНКЦИЯ ВЫЗВАНА ДЛЯ: md_account_d ==========","logger":"task.stderr"}
{"timestamp":"2026-05-11T18:44:13.795080Z","level":"info","event":"Running statement: \n        INSERT INTO \"LOGS\".LOGS (procedure_name, start_time, message)\n        VALUES ('insert_data.md_account_d', '2026-05-11 21:44:13', 'Начало загрузки таблицы md_account_d');\n    , parameters: None","logger":"airflow.task.hooks.airflow.providers.postgres.hooks.postgres.PostgresHook","filename":"sql.py","lineno":861}
{"timestamp":"2026-05-11T18:44:14.557102Z","level":"info","event":"Rows affected: 1","logger":"airflow.task.hooks.airflow.providers.postgres.hooks.postgres.PostgresHook","filename":"sql.py","lineno":879}
{"timestamp":"2026-05-11T18:44:14.559770Z","level":"info","event":"Начинаю загрузку файла: /opt/airflow/files/md_account_d.csv","logger":"unusual_prefix_4656ebc6d97aeaad115f29b22e867693223e54e7_insert_data","filename":"insert_data.py","lineno":46}
{"timestamp":"2026-05-11T18:44:14.570024Z","level":"info","event":"Файл md_account_d прочитан с кодировкой: utf-8","logger":"unusual_prefix_4656ebc6d97aeaad115f29b22e867693223e54e7_insert_data","filename":"insert_data.py","lineno":56}
{"timestamp":"2026-05-11T18:44:14.570316Z","level":"info","event":"Колонки md_account_d: ['data_actual_date', 'data_actual_end_date', 'account_rk', 'account_number', 'char_type', 'currency_rk', 'currency_code']","logger":"unusual_prefix_4656ebc6d97aeaad115f29b22e867693223e54e7_insert_data","filename":"insert_data.py","lineno":66}
{"timestamp":"2026-05-11T18:44:14.570423Z","level":"info","event":"Загружено строк: 112","logger":"unusual_prefix_4656ebc6d97aeaad115f29b22e867693223e54e7_insert_data","filename":"insert_data.py","lineno":67}
{"timestamp":"2026-05-11T18:44:14.639631Z","level":"info","event":"Running statement: \n                   INSERT INTO \"LOGS\".LOGS (procedure_name, start_time, end_time, message)\n                   VALUES ('insert_data.md_account_d', '2026-05-11 21:44:13', '2026-05-11 21:44:14', \n                           'ОШИБКА: ''PGDialect_psycopg2'' object has no attribute ''table''');\n               , parameters: None","logger":"airflow.task.hooks.airflow.providers.postgres.hooks.postgres.PostgresHook","filename":"sql.py","lineno":861}
{"timestamp":"2026-05-11T18:44:14.641840Z","level":"info","event":"Rows affected: 1","logger":"airflow.task.hooks.airflow.providers.postgres.hooks.postgres.PostgresHook","filename":"sql.py","lineno":879}
{"timestamp":"2026-05-11T18:44:14.643303Z","level":"error","event":"ОШИБКА в md_account_d: 'PGDialect_psycopg2' object has no attribute 'table'","logger":"unusual_prefix_4656ebc6d97aeaad115f29b22e867693223e54e7_insert_data","filename":"insert_data.py","lineno":130}
{"timestamp":"2026-05-11T18:44:14.648628Z","level":"error","event":"Traceback (most recent call last):\n  File \"/opt/airflow/dags/insert_data.py\", line 93, in insert_data\n    table = engine.dialect.table(\"DS.\" + table_name)\n            ^^^^^^^^^^^^^^^^^^^^\nAttributeError: 'PGDialect_psycopg2' object has no attribute 'table'\n","logger":"unusual_prefix_4656ebc6d97aeaad115f29b22e867693223e54e7_insert_data","filename":"insert_data.py","lineno":131}
{"timestamp":"2026-05-11T18:44:14.648904Z","level":"error","event":"Task failed with exception","logger":"task","filename":"task_runner.py","lineno":1347,"error_detail":[{"exc_type":"AttributeError","exc_value":"'PGDialect_psycopg2' object has no attribute 'table'","exc_notes":[],"syntax_error":null,"is_cause":false,"frames":[{"filename":"/home/airflow/.local/lib/python3.13/site-packages/airflow/sdk/execution_time/task_runner.py","lineno":1263,"name":"run"},{"filename":"/home/airflow/.local/lib/python3.13/site-packages/airflow/sdk/execution_time/task_runner.py","lineno":1678,"name":"_execute_task"},{"filename":"/home/airflow/.local/lib/python3.13/site-packages/airflow/sdk/bases/operator.py","lineno":443,"name":"wrapper"},{"filename":"/home/airflow/.local/lib/python3.13/site-packages/airflow/providers/standard/operators/python.py","lineno":227,"name":"execute"},{"filename":"/home/airflow/.local/lib/python3.13/site-packages/airflow/providers/standard/operators/python.py","lineno":250,"name":"execute_callable"},{"filename":"/home/airflow/.local/lib/python3.13/site-packages/airflow/sdk/execution_time/callback_runner.py","lineno":97,"name":"run"},{"filename":"/opt/airflow/dags/insert_data.py","lineno":93,"name":"insert_data"}],"is_group":false,"exceptions":[]}]}
{"timestamp":"2026-05-11T18:44:14.700018Z","level":"info","event":"Task instance in failure state","logger":"task.stdout"}
{"timestamp":"2026-05-11T18:44:14.700476Z","level":"info","event":"Task start","logger":"task.stdout"}
{"timestamp":"2026-05-11T18:44:14.700837Z","level":"info","event":"Task:<Task(PythonOperator): md_account_d>","logger":"task.stdout"}
{"timestamp":"2026-05-11T18:44:14.701057Z","level":"info","event":"Failure caused by 'PGDialect_psycopg2' object has no attribute 'table'","logger":"task.stdout"}
