{"timestamp":"2026-05-11T10:16:52.451751Z","level":"info","event":"DAG bundles loaded: dags-folder, example_dags","logger":"airflow.dag_processing.bundles.manager.DagBundlesManager","filename":"manager.py","lineno":209}
{"timestamp":"2026-05-11T10:16:52.453861Z","level":"info","event":"Filling up the DagBag from /opt/airflow/dags/insert_data.py","logger":"airflow.dag_processing.dagbag.BundleDagBag","filename":"dagbag.py","lineno":469}
{"timestamp":"2026-05-11T10:16:52.566384Z","level":"info","event":"Task instance is in running state","logger":"task.stdout"}
{"timestamp":"2026-05-11T10:16:52.567319Z","level":"info","event":" Previous state of the Task instance: TaskInstanceState.QUEUED","logger":"task.stdout"}
{"timestamp":"2026-05-11T10:16:52.567846Z","level":"info","event":"Current task name:md_currency_d","logger":"task.stdout"}
{"timestamp":"2026-05-11T10:16:52.568215Z","level":"info","event":"Dag name:insert_data","logger":"task.stdout"}
{"timestamp":"2026-05-11T10:16:52.572065Z","level":"error","event":"========== ФУНКЦИЯ ВЫЗВАНА ДЛЯ: md_currency_d ==========","logger":"task.stderr"}
{"timestamp":"2026-05-11T10:16:52.683311Z","level":"info","event":"Running statement: \n        INSERT INTO \"LOGS\".LOGS (procedure_name, start_time, message)\n        VALUES ('insert_data.md_currency_d', '2026-05-11 10:16:52.599461', 'Начало загрузки таблицы md_currency_d');\n    , parameters: None","logger":"airflow.task.hooks.airflow.providers.postgres.hooks.postgres.PostgresHook","filename":"sql.py","lineno":861}
{"timestamp":"2026-05-11T10:16:53.386991Z","level":"info","event":"Rows affected: 1","logger":"airflow.task.hooks.airflow.providers.postgres.hooks.postgres.PostgresHook","filename":"sql.py","lineno":879}
{"timestamp":"2026-05-11T10:16:53.392847Z","level":"info","event":"Начинаю загрузку файла: /opt/airflow/files/md_currency_d.csv","logger":"unusual_prefix_4656ebc6d97aeaad115f29b22e867693223e54e7_insert_data","filename":"insert_data.py","lineno":34}
{"timestamp":"2026-05-11T10:16:53.437294Z","level":"info","event":"Файл md_currency_d прочитан с кодировкой: iso-8859-1","logger":"unusual_prefix_4656ebc6d97aeaad115f29b22e867693223e54e7_insert_data","filename":"insert_data.py","lineno":44}
{"timestamp":"2026-05-11T10:16:53.437596Z","level":"info","event":"Колонки md_currency_d: ['currency_rk', 'data_actual_date', 'data_actual_end_date', 'currency_code', 'code_iso_char']","logger":"unusual_prefix_4656ebc6d97aeaad115f29b22e867693223e54e7_insert_data","filename":"insert_data.py","lineno":54}
{"timestamp":"2026-05-11T10:16:53.437696Z","level":"info","event":"Загружено строк: 50","logger":"unusual_prefix_4656ebc6d97aeaad115f29b22e867693223e54e7_insert_data","filename":"insert_data.py","lineno":55}
{"timestamp":"2026-05-11T10:16:53.558831Z","level":"info","event":"Таблица \"DS\".md_currency_d очищена","logger":"unusual_prefix_4656ebc6d97aeaad115f29b22e867693223e54e7_insert_data","filename":"insert_data.py","lineno":74}
{"timestamp":"2026-05-11T10:16:53.655441Z","level":"info","event":"Running statement: \n            INSERT INTO \"LOGS\".LOGS (procedure_name, start_time, end_time, message)\n            VALUES ('insert_data.md_currency_d', '2026-05-11 10:16:52.599461', '2026-05-11 10:16:53.587109', \n                    'Успешно загружено 50 строк');\n        , parameters: None","logger":"airflow.task.hooks.airflow.providers.postgres.hooks.postgres.PostgresHook","filename":"sql.py","lineno":861}
{"timestamp":"2026-05-11T10:16:53.657925Z","level":"info","event":"Rows affected: 1","logger":"airflow.task.hooks.airflow.providers.postgres.hooks.postgres.PostgresHook","filename":"sql.py","lineno":879}
{"timestamp":"2026-05-11T10:16:53.659566Z","level":"info","event":"Данные успешно вставлены в md_currency_d: 50 строк за 0.99 сек","logger":"unusual_prefix_4656ebc6d97aeaad115f29b22e867693223e54e7_insert_data","filename":"insert_data.py","lineno":93}
{"timestamp":"2026-05-11T10:16:53.659831Z","level":"info","event":"Done. Returned value was: None","logger":"airflow.task.operators.airflow.providers.standard.operators.python.PythonOperator","filename":"python.py","lineno":229}
{"timestamp":"2026-05-11T10:16:53.680103Z","level":"info","event":"Task instance in success state","logger":"task.stdout"}
{"timestamp":"2026-05-11T10:16:53.680847Z","level":"info","event":" Previous state of the Task instance: TaskInstanceState.RUNNING","logger":"task.stdout"}
{"timestamp":"2026-05-11T10:16:53.681171Z","level":"info","event":"Task operator:<Task(PythonOperator): md_currency_d>","logger":"task.stdout"}
